<?xml version="1.0" encoding="UTF-8"?>
<testsuite xmlns:xsi="http://www.w3.org/2001/XMLSchema-instance" xsi:noNamespaceSchemaLocation="https://maven.apache.org/surefire/maven-surefire-plugin/xsd/surefire-test-report.xsd" version="3.0.2" name="com.ontherocks.cocktail.CocktailApplicationTests" time="3.998" tests="1" errors="0" skipped="0" failures="0">
  <properties>
    <property name="java.specification.version" value="17"/>
    <property name="sun.cpu.isalist" value="amd64"/>
    <property name="sun.jnu.encoding" value="MS949"/>
    <property name="java.class.path" value="C:\Users\user\Documents\GitHub\ontherocks\target\test-classes;C:\Users\user\Documents\GitHub\ontherocks\target\classes;C:\Users\user\.m2\repository\org\springframework\boot\spring-boot-starter-security\3.4.2\spring-boot-starter-security-3.4.2.jar;C:\Users\user\.m2\repository\org\springframework\boot\spring-boot-starter\3.4.2\spring-boot-starter-3.4.2.jar;C:\Users\user\.m2\repository\org\springframework\boot\spring-boot-starter-logging\3.4.2\spring-boot-starter-logging-3.4.2.jar;C:\Users\user\.m2\repository\ch\qos\logback\logback-classic\1.5.16\logback-classic-1.5.16.jar;C:\Users\user\.m2\repository\ch\qos\logback\logback-core\1.5.16\logback-core-1.5.16.jar;C:\Users\user\.m2\repository\org\apache\logging\log4j\log4j-to-slf4j\2.24.3\log4j-to-slf4j-2.24.3.jar;C:\Users\user\.m2\repository\org\apache\logging\log4j\log4j-api\2.24.3\log4j-api-2.24.3.jar;C:\Users\user\.m2\repository\org\slf4j\jul-to-slf4j\2.0.16\jul-to-slf4j-2.0.16.jar;C:\Users\user\.m2\repository\jakarta\annotation\jakarta.annotation-api\2.1.1\jakarta.annotation-api-2.1.1.jar;C:\Users\user\.m2\repository\org\yaml\snakeyaml\2.3\snakeyaml-2.3.jar;C:\Users\user\.m2\repository\org\springframework\spring-aop\6.2.2\spring-aop-6.2.2.jar;C:\Users\user\.m2\repository\org\springframework\spring-beans\6.2.2\spring-beans-6.2.2.jar;C:\Users\user\.m2\repository\org\springframework\security\spring-security-config\6.4.2\spring-security-config-6.4.2.jar;C:\Users\user\.m2\repository\org\springframework\spring-context\6.2.2\spring-context-6.2.2.jar;C:\Users\user\.m2\repository\org\springframework\security\spring-security-web\6.4.2\spring-security-web-6.4.2.jar;C:\Users\user\.m2\repository\org\springframework\spring-expression\6.2.2\spring-expression-6.2.2.jar;C:\Users\user\.m2\repository\org\springframework\boot\spring-boot-starter-thymeleaf\3.4.2\spring-boot-starter-thymeleaf-3.4.2.jar;C:\Users\user\.m2\repository\org\thymeleaf\thymeleaf-spring6\3.1.3.RELEASE\thymeleaf-spring6-3.1.3.RELEASE.jar;C:\Users\user\.m2\repository\org\thymeleaf\thymeleaf\3.1.3.RELEASE\thymeleaf-3.1.3.RELEASE.jar;C:\Users\user\.m2\repository\org\attoparser\attoparser\2.0.7.RELEASE\attoparser-2.0.7.RELEASE.jar;C:\Users\user\.m2\repository\org\unbescape\unbescape\1.1.6.RELEASE\unbescape-1.1.6.RELEASE.jar;C:\Users\user\.m2\repository\org\springframework\boot\spring-boot-starter-web\3.4.2\spring-boot-starter-web-3.4.2.jar;C:\Users\user\.m2\repository\org\springframework\boot\spring-boot-starter-json\3.4.2\spring-boot-starter-json-3.4.2.jar;C:\Users\user\.m2\repository\com\fasterxml\jackson\core\jackson-databind\2.18.2\jackson-databind-2.18.2.jar;C:\Users\user\.m2\repository\com\fasterxml\jackson\core\jackson-annotations\2.18.2\jackson-annotations-2.18.2.jar;C:\Users\user\.m2\repository\com\fasterxml\jackson\core\jackson-core\2.18.2\jackson-core-2.18.2.jar;C:\Users\user\.m2\repository\com\fasterxml\jackson\datatype\jackson-datatype-jdk8\2.18.2\jackson-datatype-jdk8-2.18.2.jar;C:\Users\user\.m2\repository\com\fasterxml\jackson\datatype\jackson-datatype-jsr310\2.18.2\jackson-datatype-jsr310-2.18.2.jar;C:\Users\user\.m2\repository\com\fasterxml\jackson\module\jackson-module-parameter-names\2.18.2\jackson-module-parameter-names-2.18.2.jar;C:\Users\user\.m2\repository\org\springframework\boot\spring-boot-starter-tomcat\3.4.2\spring-boot-starter-tomcat-3.4.2.jar;C:\Users\user\.m2\repository\org\apache\tomcat\embed\tomcat-embed-core\10.1.34\tomcat-embed-core-10.1.34.jar;C:\Users\user\.m2\repository\org\apache\tomcat\embed\tomcat-embed-el\10.1.34\tomcat-embed-el-10.1.34.jar;C:\Users\user\.m2\repository\org\apache\tomcat\embed\tomcat-embed-websocket\10.1.34\tomcat-embed-websocket-10.1.34.jar;C:\Users\user\.m2\repository\org\springframework\spring-web\6.2.2\spring-web-6.2.2.jar;C:\Users\user\.m2\repository\io\micrometer\micrometer-observation\1.14.3\micrometer-observation-1.14.3.jar;C:\Users\user\.m2\repository\io\micrometer\micrometer-commons\1.14.3\micrometer-commons-1.14.3.jar;C:\Users\user\.m2\repository\org\springframework\spring-webmvc\6.2.2\spring-webmvc-6.2.2.jar;C:\Users\user\.m2\repository\org\mybatis\spring\boot\mybatis-spring-boot-starter\3.0.4\mybatis-spring-boot-starter-3.0.4.jar;C:\Users\user\.m2\repository\org\springframework\boot\spring-boot-starter-jdbc\3.4.2\spring-boot-starter-jdbc-3.4.2.jar;C:\Users\user\.m2\repository\com\zaxxer\HikariCP\5.1.0\HikariCP-5.1.0.jar;C:\Users\user\.m2\repository\org\springframework\spring-jdbc\6.2.2\spring-jdbc-6.2.2.jar;C:\Users\user\.m2\repository\org\mybatis\spring\boot\mybatis-spring-boot-autoconfigure\3.0.4\mybatis-spring-boot-autoconfigure-3.0.4.jar;C:\Users\user\.m2\repository\org\mybatis\mybatis\3.5.17\mybatis-3.5.17.jar;C:\Users\user\.m2\repository\org\mybatis\mybatis-spring\3.0.4\mybatis-spring-3.0.4.jar;C:\Users\user\.m2\repository\org\thymeleaf\extras\thymeleaf-extras-springsecurity6\3.1.3.RELEASE\thymeleaf-extras-springsecurity6-3.1.3.RELEASE.jar;C:\Users\user\.m2\repository\org\slf4j\slf4j-api\2.0.16\slf4j-api-2.0.16.jar;C:\Users\user\.m2\repository\org\springframework\boot\spring-boot-devtools\3.4.2\spring-boot-devtools-3.4.2.jar;C:\Users\user\.m2\repository\org\springframework\boot\spring-boot\3.4.2\spring-boot-3.4.2.jar;C:\Users\user\.m2\repository\org\springframework\boot\spring-boot-autoconfigure\3.4.2\spring-boot-autoconfigure-3.4.2.jar;C:\Users\user\.m2\repository\org\projectlombok\lombok\1.18.36\lombok-1.18.36.jar;C:\Users\user\.m2\repository\org\springframework\boot\spring-boot-starter-test\3.4.2\spring-boot-starter-test-3.4.2.jar;C:\Users\user\.m2\repository\org\springframework\boot\spring-boot-test\3.4.2\spring-boot-test-3.4.2.jar;C:\Users\user\.m2\repository\org\springframework\boot\spring-boot-test-autoconfigure\3.4.2\spring-boot-test-autoconfigure-3.4.2.jar;C:\Users\user\.m2\repository\com\jayway\jsonpath\json-path\2.9.0\json-path-2.9.0.jar;C:\Users\user\.m2\repository\jakarta\xml\bind\jakarta.xml.bind-api\4.0.2\jakarta.xml.bind-api-4.0.2.jar;C:\Users\user\.m2\repository\jakarta\activation\jakarta.activation-api\2.1.3\jakarta.activation-api-2.1.3.jar;C:\Users\user\.m2\repository\net\minidev\json-smart\2.5.1\json-smart-2.5.1.jar;C:\Users\user\.m2\repository\net\minidev\accessors-smart\2.5.1\accessors-smart-2.5.1.jar;C:\Users\user\.m2\repository\org\ow2\asm\asm\9.6\asm-9.6.jar;C:\Users\user\.m2\repository\org\assertj\assertj-core\3.26.3\assertj-core-3.26.3.jar;C:\Users\user\.m2\repository\net\bytebuddy\byte-buddy\1.15.11\byte-buddy-1.15.11.jar;C:\Users\user\.m2\repository\org\awaitility\awaitility\4.2.2\awaitility-4.2.2.jar;C:\Users\user\.m2\repository\org\hamcrest\hamcrest\2.2\hamcrest-2.2.jar;C:\Users\user\.m2\repository\org\junit\jupiter\junit-jupiter\5.11.4\junit-jupiter-5.11.4.jar;C:\Users\user\.m2\repository\org\junit\jupiter\junit-jupiter-api\5.11.4\junit-jupiter-api-5.11.4.jar;C:\Users\user\.m2\repository\org\opentest4j\opentest4j\1.3.0\opentest4j-1.3.0.jar;C:\Users\user\.m2\repository\org\junit\platform\junit-platform-commons\1.11.4\junit-platform-commons-1.11.4.jar;C:\Users\user\.m2\repository\org\apiguardian\apiguardian-api\1.1.2\apiguardian-api-1.1.2.jar;C:\Users\user\.m2\repository\org\junit\jupiter\junit-jupiter-params\5.11.4\junit-jupiter-params-5.11.4.jar;C:\Users\user\.m2\repository\org\junit\jupiter\junit-jupiter-engine\5.11.4\junit-jupiter-engine-5.11.4.jar;C:\Users\user\.m2\repository\org\junit\platform\junit-platform-engine\1.11.4\junit-platform-engine-1.11.4.jar;C:\Users\user\.m2\repository\org\mockito\mockito-core\5.14.2\mockito-core-5.14.2.jar;C:\Users\user\.m2\repository\net\bytebuddy\byte-buddy-agent\1.15.11\byte-buddy-agent-1.15.11.jar;C:\Users\user\.m2\repository\org\objenesis\objenesis\3.3\objenesis-3.3.jar;C:\Users\user\.m2\repository\org\mockito\mockito-junit-jupiter\5.14.2\mockito-junit-jupiter-5.14.2.jar;C:\Users\user\.m2\repository\org\skyscreamer\jsonassert\1.5.3\jsonassert-1.5.3.jar;C:\Users\user\.m2\repository\com\vaadin\external\google\android-json\0.0.20131108.vaadin1\android-json-0.0.20131108.vaadin1.jar;C:\Users\user\.m2\repository\org\springframework\spring-core\6.2.2\spring-core-6.2.2.jar;C:\Users\user\.m2\repository\org\springframework\spring-jcl\6.2.2\spring-jcl-6.2.2.jar;C:\Users\user\.m2\repository\org\springframework\spring-test\6.2.2\spring-test-6.2.2.jar;C:\Users\user\.m2\repository\org\xmlunit\xmlunit-core\2.10.0\xmlunit-core-2.10.0.jar;C:\Users\user\.m2\repository\org\mybatis\spring\boot\mybatis-spring-boot-starter-test\3.0.4\mybatis-spring-boot-starter-test-3.0.4.jar;C:\Users\user\.m2\repository\org\mybatis\spring\boot\mybatis-spring-boot-test-autoconfigure\3.0.4\mybatis-spring-boot-test-autoconfigure-3.0.4.jar;C:\Users\user\.m2\repository\org\springframework\spring-tx\6.2.2\spring-tx-6.2.2.jar;C:\Users\user\.m2\repository\org\springframework\security\spring-security-test\6.4.2\spring-security-test-6.4.2.jar;C:\Users\user\.m2\repository\org\springframework\security\spring-security-core\6.4.2\spring-security-core-6.4.2.jar;C:\Users\user\.m2\repository\org\springframework\security\spring-security-crypto\6.4.2\spring-security-crypto-6.4.2.jar;C:\Users\user\.m2\repository\org\bgee\log4jdbc-log4j2\log4jdbc-log4j2-jdbc4.1\1.16\log4jdbc-log4j2-jdbc4.1-1.16.jar;"/>
    <property name="java.vm.vendor" value="Amazon.com Inc."/>
    <property name="sun.arch.data.model" value="64"/>
    <property name="user.variant" value=""/>
    <property name="java.vendor.url" value="https://aws.amazon.com/corretto/"/>
    <property name="user.timezone" value="Asia/Seoul"/>
    <property name="os.name" value="Windows 10"/>
    <property name="java.vm.specification.version" value="17"/>
    <property name="APPLICATION_NAME" value="cocktail"/>
    <property name="sun.java.launcher" value="SUN_STANDARD"/>
    <property name="user.country" value="KR"/>
    <property name="sun.boot.library.path" value="C:\Program Files\Amazon Corretto\jdk17.0.13_11\bin"/>
    <property name="sun.java.command" value="C:\Users\user\AppData\Local\Temp\surefire14689017189472027836\surefirebooter-20250212173627498_3.jar C:\Users\user\AppData\Local\Temp\surefire14689017189472027836 2025-02-12T17-36-27_127-jvmRun1 surefire-20250212173627498_1tmp surefire_0-20250212173627498_2tmp"/>
    <property name="jdk.debug" value="release"/>
    <property name="surefire.test.class.path" value="C:\Users\user\Documents\GitHub\ontherocks\target\test-classes;C:\Users\user\Documents\GitHub\ontherocks\target\classes;C:\Users\user\.m2\repository\org\springframework\boot\spring-boot-starter-security\3.4.2\spring-boot-starter-security-3.4.2.jar;C:\Users\user\.m2\repository\org\springframework\boot\spring-boot-starter\3.4.2\spring-boot-starter-3.4.2.jar;C:\Users\user\.m2\repository\org\springframework\boot\spring-boot-starter-logging\3.4.2\spring-boot-starter-logging-3.4.2.jar;C:\Users\user\.m2\repository\ch\qos\logback\logback-classic\1.5.16\logback-classic-1.5.16.jar;C:\Users\user\.m2\repository\ch\qos\logback\logback-core\1.5.16\logback-core-1.5.16.jar;C:\Users\user\.m2\repository\org\apache\logging\log4j\log4j-to-slf4j\2.24.3\log4j-to-slf4j-2.24.3.jar;C:\Users\user\.m2\repository\org\apache\logging\log4j\log4j-api\2.24.3\log4j-api-2.24.3.jar;C:\Users\user\.m2\repository\org\slf4j\jul-to-slf4j\2.0.16\jul-to-slf4j-2.0.16.jar;C:\Users\user\.m2\repository\jakarta\annotation\jakarta.annotation-api\2.1.1\jakarta.annotation-api-2.1.1.jar;C:\Users\user\.m2\repository\org\yaml\snakeyaml\2.3\snakeyaml-2.3.jar;C:\Users\user\.m2\repository\org\springframework\spring-aop\6.2.2\spring-aop-6.2.2.jar;C:\Users\user\.m2\repository\org\springframework\spring-beans\6.2.2\spring-beans-6.2.2.jar;C:\Users\user\.m2\repository\org\springframework\security\spring-security-config\6.4.2\spring-security-config-6.4.2.jar;C:\Users\user\.m2\repository\org\springframework\spring-context\6.2.2\spring-context-6.2.2.jar;C:\Users\user\.m2\repository\org\springframework\security\spring-security-web\6.4.2\spring-security-web-6.4.2.jar;C:\Users\user\.m2\repository\org\springframework\spring-expression\6.2.2\spring-expression-6.2.2.jar;C:\Users\user\.m2\repository\org\springframework\boot\spring-boot-starter-thymeleaf\3.4.2\spring-boot-starter-thymeleaf-3.4.2.jar;C:\Users\user\.m2\repository\org\thymeleaf\thymeleaf-spring6\3.1.3.RELEASE\thymeleaf-spring6-3.1.3.RELEASE.jar;C:\Users\user\.m2\repository\org\thymeleaf\thymeleaf\3.1.3.RELEASE\thymeleaf-3.1.3.RELEASE.jar;C:\Users\user\.m2\repository\org\attoparser\attoparser\2.0.7.RELEASE\attoparser-2.0.7.RELEASE.jar;C:\Users\user\.m2\repository\org\unbescape\unbescape\1.1.6.RELEASE\unbescape-1.1.6.RELEASE.jar;C:\Users\user\.m2\repository\org\springframework\boot\spring-boot-starter-web\3.4.2\spring-boot-starter-web-3.4.2.jar;C:\Users\user\.m2\repository\org\springframework\boot\spring-boot-starter-json\3.4.2\spring-boot-starter-json-3.4.2.jar;C:\Users\user\.m2\repository\com\fasterxml\jackson\core\jackson-databind\2.18.2\jackson-databind-2.18.2.jar;C:\Users\user\.m2\repository\com\fasterxml\jackson\core\jackson-annotations\2.18.2\jackson-annotations-2.18.2.jar;C:\Users\user\.m2\repository\com\fasterxml\jackson\core\jackson-core\2.18.2\jackson-core-2.18.2.jar;C:\Users\user\.m2\repository\com\fasterxml\jackson\datatype\jackson-datatype-jdk8\2.18.2\jackson-datatype-jdk8-2.18.2.jar;C:\Users\user\.m2\repository\com\fasterxml\jackson\datatype\jackson-datatype-jsr310\2.18.2\jackson-datatype-jsr310-2.18.2.jar;C:\Users\user\.m2\repository\com\fasterxml\jackson\module\jackson-module-parameter-names\2.18.2\jackson-module-parameter-names-2.18.2.jar;C:\Users\user\.m2\repository\org\springframework\boot\spring-boot-starter-tomcat\3.4.2\spring-boot-starter-tomcat-3.4.2.jar;C:\Users\user\.m2\repository\org\apache\tomcat\embed\tomcat-embed-core\10.1.34\tomcat-embed-core-10.1.34.jar;C:\Users\user\.m2\repository\org\apache\tomcat\embed\tomcat-embed-el\10.1.34\tomcat-embed-el-10.1.34.jar;C:\Users\user\.m2\repository\org\apache\tomcat\embed\tomcat-embed-websocket\10.1.34\tomcat-embed-websocket-10.1.34.jar;C:\Users\user\.m2\repository\org\springframework\spring-web\6.2.2\spring-web-6.2.2.jar;C:\Users\user\.m2\repository\io\micrometer\micrometer-observation\1.14.3\micrometer-observation-1.14.3.jar;C:\Users\user\.m2\repository\io\micrometer\micrometer-commons\1.14.3\micrometer-commons-1.14.3.jar;C:\Users\user\.m2\repository\org\springframework\spring-webmvc\6.2.2\spring-webmvc-6.2.2.jar;C:\Users\user\.m2\repository\org\mybatis\spring\boot\mybatis-spring-boot-starter\3.0.4\mybatis-spring-boot-starter-3.0.4.jar;C:\Users\user\.m2\repository\org\springframework\boot\spring-boot-starter-jdbc\3.4.2\spring-boot-starter-jdbc-3.4.2.jar;C:\Users\user\.m2\repository\com\zaxxer\HikariCP\5.1.0\HikariCP-5.1.0.jar;C:\Users\user\.m2\repository\org\springframework\spring-jdbc\6.2.2\spring-jdbc-6.2.2.jar;C:\Users\user\.m2\repository\org\mybatis\spring\boot\mybatis-spring-boot-autoconfigure\3.0.4\mybatis-spring-boot-autoconfigure-3.0.4.jar;C:\Users\user\.m2\repository\org\mybatis\mybatis\3.5.17\mybatis-3.5.17.jar;C:\Users\user\.m2\repository\org\mybatis\mybatis-spring\3.0.4\mybatis-spring-3.0.4.jar;C:\Users\user\.m2\repository\org\thymeleaf\extras\thymeleaf-extras-springsecurity6\3.1.3.RELEASE\thymeleaf-extras-springsecurity6-3.1.3.RELEASE.jar;C:\Users\user\.m2\repository\org\slf4j\slf4j-api\2.0.16\slf4j-api-2.0.16.jar;C:\Users\user\.m2\repository\org\springframework\boot\spring-boot-devtools\3.4.2\spring-boot-devtools-3.4.2.jar;C:\Users\user\.m2\repository\org\springframework\boot\spring-boot\3.4.2\spring-boot-3.4.2.jar;C:\Users\user\.m2\repository\org\springframework\boot\spring-boot-autoconfigure\3.4.2\spring-boot-autoconfigure-3.4.2.jar;C:\Users\user\.m2\repository\org\projectlombok\lombok\1.18.36\lombok-1.18.36.jar;C:\Users\user\.m2\repository\org\springframework\boot\spring-boot-starter-test\3.4.2\spring-boot-starter-test-3.4.2.jar;C:\Users\user\.m2\repository\org\springframework\boot\spring-boot-test\3.4.2\spring-boot-test-3.4.2.jar;C:\Users\user\.m2\repository\org\springframework\boot\spring-boot-test-autoconfigure\3.4.2\spring-boot-test-autoconfigure-3.4.2.jar;C:\Users\user\.m2\repository\com\jayway\jsonpath\json-path\2.9.0\json-path-2.9.0.jar;C:\Users\user\.m2\repository\jakarta\xml\bind\jakarta.xml.bind-api\4.0.2\jakarta.xml.bind-api-4.0.2.jar;C:\Users\user\.m2\repository\jakarta\activation\jakarta.activation-api\2.1.3\jakarta.activation-api-2.1.3.jar;C:\Users\user\.m2\repository\net\minidev\json-smart\2.5.1\json-smart-2.5.1.jar;C:\Users\user\.m2\repository\net\minidev\accessors-smart\2.5.1\accessors-smart-2.5.1.jar;C:\Users\user\.m2\repository\org\ow2\asm\asm\9.6\asm-9.6.jar;C:\Users\user\.m2\repository\org\assertj\assertj-core\3.26.3\assertj-core-3.26.3.jar;C:\Users\user\.m2\repository\net\bytebuddy\byte-buddy\1.15.11\byte-buddy-1.15.11.jar;C:\Users\user\.m2\repository\org\awaitility\awaitility\4.2.2\awaitility-4.2.2.jar;C:\Users\user\.m2\repository\org\hamcrest\hamcrest\2.2\hamcrest-2.2.jar;C:\Users\user\.m2\repository\org\junit\jupiter\junit-jupiter\5.11.4\junit-jupiter-5.11.4.jar;C:\Users\user\.m2\repository\org\junit\jupiter\junit-jupiter-api\5.11.4\junit-jupiter-api-5.11.4.jar;C:\Users\user\.m2\repository\org\opentest4j\opentest4j\1.3.0\opentest4j-1.3.0.jar;C:\Users\user\.m2\repository\org\junit\platform\junit-platform-commons\1.11.4\junit-platform-commons-1.11.4.jar;C:\Users\user\.m2\repository\org\apiguardian\apiguardian-api\1.1.2\apiguardian-api-1.1.2.jar;C:\Users\user\.m2\repository\org\junit\jupiter\junit-jupiter-params\5.11.4\junit-jupiter-params-5.11.4.jar;C:\Users\user\.m2\repository\org\junit\jupiter\junit-jupiter-engine\5.11.4\junit-jupiter-engine-5.11.4.jar;C:\Users\user\.m2\repository\org\junit\platform\junit-platform-engine\1.11.4\junit-platform-engine-1.11.4.jar;C:\Users\user\.m2\repository\org\mockito\mockito-core\5.14.2\mockito-core-5.14.2.jar;C:\Users\user\.m2\repository\net\bytebuddy\byte-buddy-agent\1.15.11\byte-buddy-agent-1.15.11.jar;C:\Users\user\.m2\repository\org\objenesis\objenesis\3.3\objenesis-3.3.jar;C:\Users\user\.m2\repository\org\mockito\mockito-junit-jupiter\5.14.2\mockito-junit-jupiter-5.14.2.jar;C:\Users\user\.m2\repository\org\skyscreamer\jsonassert\1.5.3\jsonassert-1.5.3.jar;C:\Users\user\.m2\repository\com\vaadin\external\google\android-json\0.0.20131108.vaadin1\android-json-0.0.20131108.vaadin1.jar;C:\Users\user\.m2\repository\org\springframework\spring-core\6.2.2\spring-core-6.2.2.jar;C:\Users\user\.m2\repository\org\springframework\spring-jcl\6.2.2\spring-jcl-6.2.2.jar;C:\Users\user\.m2\repository\org\springframework\spring-test\6.2.2\spring-test-6.2.2.jar;C:\Users\user\.m2\repository\org\xmlunit\xmlunit-core\2.10.0\xmlunit-core-2.10.0.jar;C:\Users\user\.m2\repository\org\mybatis\spring\boot\mybatis-spring-boot-starter-test\3.0.4\mybatis-spring-boot-starter-test-3.0.4.jar;C:\Users\user\.m2\repository\org\mybatis\spring\boot\mybatis-spring-boot-test-autoconfigure\3.0.4\mybatis-spring-boot-test-autoconfigure-3.0.4.jar;C:\Users\user\.m2\repository\org\springframework\spring-tx\6.2.2\spring-tx-6.2.2.jar;C:\Users\user\.m2\repository\org\springframework\security\spring-security-test\6.4.2\spring-security-test-6.4.2.jar;C:\Users\user\.m2\repository\org\springframework\security\spring-security-core\6.4.2\spring-security-core-6.4.2.jar;C:\Users\user\.m2\repository\org\springframework\security\spring-security-crypto\6.4.2\spring-security-crypto-6.4.2.jar;C:\Users\user\.m2\repository\org\bgee\log4jdbc-log4j2\log4jdbc-log4j2-jdbc4.1\1.16\log4jdbc-log4j2-jdbc4.1-1.16.jar;"/>
    <property name="sun.cpu.endian" value="little"/>
    <property name="user.home" value="C:\Users\user"/>
    <property name="user.language" value="ko"/>
    <property name="java.specification.vendor" value="Oracle Corporation"/>
    <property name="java.version.date" value="2024-10-15"/>
    <property name="java.home" value="C:\Program Files\Amazon Corretto\jdk17.0.13_11"/>
    <property name="file.separator" value="\"/>
    <property name="basedir" value="C:\Users\user\Documents\GitHub\ontherocks"/>
    <property name="java.vm.compressedOopsMode" value="Zero based"/>
    <property name="line.separator" value="&#10;"/>
    <property name="java.vm.specification.vendor" value="Oracle Corporation"/>
    <property name="java.specification.name" value="Java Platform API Specification"/>
    <property name="FILE_LOG_CHARSET" value="x-windows-949"/>
    <property name="java.awt.headless" value="true"/>
    <property name="surefire.real.class.path" value="C:\Users\user\AppData\Local\Temp\surefire14689017189472027836\surefirebooter-20250212173627498_3.jar"/>
    <property name="user.script" value=""/>
    <property name="sun.management.compiler" value="HotSpot 64-Bit Tiered Compilers"/>
    <property name="java.runtime.version" value="17.0.13+11-LTS"/>
    <property name="user.name" value="user"/>
    <property name="path.separator" value=";"/>
    <property name="os.version" value="10.0"/>
    <property name="java.runtime.name" value="OpenJDK Runtime Environment"/>
    <property name="file.encoding" value="MS949"/>
    <property name="java.vm.name" value="OpenJDK 64-Bit Server VM"/>
    <property name="java.vendor.version" value="Corretto-17.0.13.11.1"/>
    <property name="localRepository" value="C:\Users\user\.m2\repository"/>
    <property name="java.vendor.url.bug" value="https://github.com/corretto/corretto-17/issues/"/>
    <property name="java.io.tmpdir" value="C:\Users\user\AppData\Local\Temp\"/>
    <property name="idea.version" value="2024.3.1.1"/>
    <property name="java.version" value="17.0.13"/>
    <property name="user.dir" value="C:\Users\user\Documents\GitHub\ontherocks"/>
    <property name="os.arch" value="amd64"/>
    <property name="java.vm.specification.name" value="Java Virtual Machine Specification"/>
    <property name="PID" value="13664"/>
    <property name="sun.os.patch.level" value=""/>
    <property name="CONSOLE_LOG_CHARSET" value="x-windows-949"/>
    <property name="native.encoding" value="MS949"/>
    <property name="java.library.path" value="C:\Program Files\Amazon Corretto\jdk17.0.13_11\bin;C:\Windows\Sun\Java\bin;C:\Windows\system32;C:\Windows;C:\Program Files\Amazon Corretto\jdk17.0.13_11\bin;C:\oraclexe\app\oracle\product\11.2.0\server\bin;C:\Windows\system32;C:\Windows;C:\Windows\System32;C:\Windows\System32\Wbem;C:\Windows\System32\WindowsPowerShell\v1.0\;C:\Windows\System32\OpenSSH\;C:\Program Files\Bandizip\;C:\Program Files\nodejs\;C:\Program Files\Git\cmd;C:\Users\user\AppData\Local\Microsoft\WindowsApps;C:\Users\user\AppData\Local\Programs\Microsoft VS Code\bin;C:\Users\user\AppData\Roaming\npm;C:\Program Files\JetBrains\IntelliJ IDEA 2024.3.1.1\bin;;C:\Users\user\AppData\Local\GitHubDesktop\bin;."/>
    <property name="java.vm.info" value="mixed mode, sharing"/>
    <property name="java.vendor" value="Amazon.com Inc."/>
    <property name="java.vm.version" value="17.0.13+11-LTS"/>
    <property name="java.specification.maintenance.version" value="1"/>
    <property name="sun.io.unicode.encoding" value="UnicodeLittle"/>
    <property name="java.class.version" value="61.0"/>
    <property name="LOGGED_APPLICATION_NAME" value="[cocktail] "/>
  </properties>
  <testcase name="contextLoads" classname="com.ontherocks.cocktail.CocktailApplicationTests" time="0.852">
    <system-out><![CDATA[17:36:28.272 [main] INFO org.springframework.test.context.support.AnnotationConfigContextLoaderUtils -- Could not detect default configuration classes for test class [com.ontherocks.cocktail.CocktailApplicationTests]: CocktailApplicationTests does not declare any static, non-private, non-final, nested classes annotated with @Configuration.
17:36:28.384 [main] INFO org.springframework.boot.test.context.SpringBootTestContextBootstrapper -- Found @SpringBootConfiguration com.ontherocks.cocktail.CocktailApplication for test class com.ontherocks.cocktail.CocktailApplicationTests
17:36:28.602 [main] INFO org.springframework.boot.devtools.restart.RestartApplicationListener -- Restart disabled due to context in which it is running

  .   ____          _            __ _ _
 /\\ / ___'_ __ _ _(_)_ __  __ _ \ \ \ \
( ( )\___ | '_ | '_| | '_ \/ _` | \ \ \ \
 \\/  ___)| |_)| | | | | || (_| |  ) ) ) )
  '  |____| .__|_| |_|_| |_\__, | / / / /
 =========|_|==============|___/=/_/_/_/

 :: Spring Boot ::                (v3.4.2)

17:36:28.933 &amp#27;[34mINFO &amp#27;[0;39m &amp#27;[35m792 &amp#27;[0;39m --- [ main ] &amp#27;[36mc.o.cocktail.CocktailApplicationTests&amp#27;[0;39m : Starting CocktailApplicationTests using Java 17.0.13 with PID 13664 (started by user in C:\Users\user\Documents\GitHub\ontherocks)
17:36:28.936 &amp#27;[34mINFO &amp#27;[0;39m &amp#27;[35m795 &amp#27;[0;39m --- [ main ] &amp#27;[36mc.o.cocktail.CocktailApplicationTests&amp#27;[0;39m : No active profile set, falling back to 1 default profile: "default"
17:36:28.936 &amp#27;[39mDEBUG&amp#27;[0;39m &amp#27;[35m795 &amp#27;[0;39m --- [ main ] &amp#27;[36mo.springframework.boot.SpringApplication&amp#27;[0;39m : Loading source class com.ontherocks.cocktail.CocktailApplication
17:36:28.969 &amp#27;[39mDEBUG&amp#27;[0;39m &amp#27;[35m828 &amp#27;[0;39m --- [ main ] &amp#27;[36mo.s.w.c.s.GenericWebApplicationContext&amp#27;[0;39m : Refreshing org.springframework.web.context.support.GenericWebApplicationContext@41477a6d
17:36:28.987 &amp#27;[39mDEBUG&amp#27;[0;39m &amp#27;[35m846 &amp#27;[0;39m --- [ main ] &amp#27;[36mo.s.b.f.s.DefaultListableBeanFactory&amp#27;[0;39m : Creating shared instance of singleton bean 'org.springframework.context.annotation.internalConfigurationAnnotationProcessor'
17:36:29.004 &amp#27;[39mDEBUG&amp#27;[0;39m &amp#27;[35m863 &amp#27;[0;39m --- [ main ] &amp#27;[36mo.s.b.f.s.DefaultListableBeanFactory&amp#27;[0;39m : Creating shared instance of singleton bean 'org.springframework.boot.autoconfigure.internalCachingMetadataReaderFactory'
17:36:29.516 &amp#27;[39mDEBUG&amp#27;[0;39m &amp#27;[35m1375&amp#27;[0;39m --- [ main ] &amp#27;[36mo.s.b.f.s.DefaultListableBeanFactory&amp#27;[0;39m : Creating shared instance of singleton bean 'org.springframework.boot.autoconfigure.AutoConfigurationPackages'
17:36:29.523 &amp#27;[39mDEBUG&amp#27;[0;39m &amp#27;[35m1382&amp#27;[0;39m --- [ main ] &amp#27;[36mo.s.b.a.AutoConfigurationPackages&amp#27;[0;39m : @EnableAutoConfiguration was declared on a class in the package 'com.ontherocks.cocktail'. Automatic @Repository and @Entity scanning is enabled.
17:36:29.668 &amp#27;[39mDEBUG&amp#27;[0;39m &amp#27;[35m1527&amp#27;[0;39m --- [ main ] &amp#27;[36mo.s.b.f.s.DefaultListableBeanFactory&amp#27;[0;39m : Creating shared instance of singleton bean 'org.mybatis.spring.mapper.MapperScannerConfigurer'
17:36:29.670 &amp#27;[39mDEBUG&amp#27;[0;39m &amp#27;[35m1529&amp#27;[0;39m --- [ main ] &amp#27;[36mo.s.b.f.s.DefaultListableBeanFactory&amp#27;[0;39m : Creating shared instance of singleton bean 'springSecurityHandlerMappingIntrospectorBeanDefinitionRegistryPostProcessor'
17:36:29.671 &amp#27;[39mDEBUG&amp#27;[0;39m &amp#27;[35m1530&amp#27;[0;39m --- [ main ] &amp#27;[36mo.s.b.f.s.DefaultListableBeanFactory&amp#27;[0;39m : Creating shared instance of singleton bean 'propertySourcesPlaceholderConfigurer'
17:36:29.684 &amp#27;[31mWARN &amp#27;[0;39m &amp#27;[35m1543&amp#27;[0;39m --- [ main ] &amp#27;[36mo.m.spring.mapper.ClassPathMapperScanner&amp#27;[0;39m : No MyBatis mapper was found in '[com.ontherocks.cocktail]' package. Please check your configuration.
17:36:29.766 &amp#27;[39mDEBUG&amp#27;[0;39m &amp#27;[35m1625&amp#27;[0;39m --- [ main ] &amp#27;[36mo.s.b.f.s.DefaultListableBeanFactory&amp#27;[0;39m : Creating shared instance of singleton bean 'org.springframework.boot.test.mock.mockito.MockitoPostProcessor'
17:36:29.768 &amp#27;[39mDEBUG&amp#27;[0;39m &amp#27;[35m1627&amp#27;[0;39m --- [ main ] &amp#27;[36mo.s.b.f.s.DefaultListableBeanFactory&amp#27;[0;39m : Creating shared instance of singleton bean 'org.springframework.boot.sql.init.dependency.DatabaseInitializationDependencyConfigurer$DependsOnDatabaseInitializationPostProcessor'
17:36:29.817 &amp#27;[39mDEBUG&amp#27;[0;39m &amp#27;[35m1676&amp#27;[0;39m --- [ main ] &amp#27;[36mo.s.b.f.s.DefaultListableBeanFactory&amp#27;[0;39m : Creating shared instance of singleton bean 'org.springframework.context.event.internalEventListenerProcessor'
17:36:29.818 &amp#27;[39mDEBUG&amp#27;[0;39m &amp#27;[35m1677&amp#27;[0;39m --- [ main ] &amp#27;[36mo.s.b.f.s.DefaultListableBeanFactory&amp#27;[0;39m : Creating shared instance of singleton bean 'preserveErrorControllerTargetClassPostProcessor'
17:36:29.819 &amp#27;[39mDEBUG&amp#27;[0;39m &amp#27;[35m1678&amp#27;[0;39m --- [ main ] &amp#27;[36mo.s.b.f.s.DefaultListableBeanFactory&amp#27;[0;39m : Creating shared instance of singleton bean 'forceAutoProxyCreatorToUseClassProxying'
17:36:29.819 &amp#27;[39mDEBUG&amp#27;[0;39m &amp#27;[35m1678&amp#27;[0;39m --- [ main ] &amp#27;[36mo.s.b.f.s.DefaultListableBeanFactory&amp#27;[0;39m : Creating shared instance of singleton bean 'conversionServicePostProcessor'
17:36:29.828 &amp#27;[39mDEBUG&amp#27;[0;39m &amp#27;[35m1687&amp#27;[0;39m --- [ main ] &amp#27;[36mo.s.b.f.s.DefaultListableBeanFactory&amp#27;[0;39m : Creating shared instance of singleton bean 'org.springframework.context.event.internalEventListenerFactory'
17:36:29.829 &amp#27;[39mDEBUG&amp#27;[0;39m &amp#27;[35m1688&amp#27;[0;39m --- [ main ] &amp#27;[36mo.s.b.f.s.DefaultListableBeanFactory&amp#27;[0;39m : Creating shared instance of singleton bean 'org.springframework.transaction.config.internalTransactionalEventListenerFactory'
17:36:29.832 &amp#27;[39mDEBUG&amp#27;[0;39m &amp#27;[35m1691&amp#27;[0;39m --- [ main ] &amp#27;[36mo.s.b.f.s.DefaultListableBeanFactory&amp#27;[0;39m : Creating shared instance of singleton bean 'org.springframework.boot.test.mock.mockito.MockitoPostProcessor$SpyPostProcessor'
17:36:29.833 &amp#27;[39mDEBUG&amp#27;[0;39m &amp#27;[35m1692&amp#27;[0;39m --- [ main ] &amp#27;[36mo.s.b.f.s.DefaultListableBeanFactory&amp#27;[0;39m : Creating shared instance of singleton bean 'org.springframework.context.annotation.internalAutowiredAnnotationProcessor'
17:36:29.836 &amp#27;[39mDEBUG&amp#27;[0;39m &amp#27;[35m1695&amp#27;[0;39m --- [ main ] &amp#27;[36mo.s.b.f.s.DefaultListableBeanFactory&amp#27;[0;39m : Creating shared instance of singleton bean 'org.springframework.context.annotation.internalCommonAnnotationProcessor'
17:36:29.841 &amp#27;[39mDEBUG&amp#27;[0;39m &amp#27;[35m1700&amp#27;[0;39m --- [ main ] &amp#27;[36mo.s.b.f.s.DefaultListableBeanFactory&amp#27;[0;39m : Creating shared instance of singleton bean 'org.springframework.boot.context.properties.ConfigurationPropertiesBindingPostProcessor'
17:36:29.841 &amp#27;[39mDEBUG&amp#27;[0;39m &amp#27;[35m1700&amp#27;[0;39m --- [ main ] &amp#27;[36mo.s.b.f.s.DefaultListableBeanFactory&amp#27;[0;39m : Creating shared instance of singleton bean 'org.springframework.boot.context.internalConfigurationPropertiesBinder'
17:36:29.844 &amp#27;[39mDEBUG&amp#27;[0;39m &amp#27;[35m1703&amp#27;[0;39m --- [ main ] &amp#27;[36mo.s.b.f.s.DefaultListableBeanFactory&amp#27;[0;39m : Creating shared instance of singleton bean 'jdbcConnectionDetailsHikariBeanPostProcessor'
17:36:29.846 &amp#27;[39mDEBUG&amp#27;[0;39m &amp#27;[35m1705&amp#27;[0;39m --- [ main ] &amp#27;[36mo.s.b.f.s.DefaultListableBeanFactory&amp#27;[0;39m : Creating shared instance of singleton bean 'persistenceExceptionTranslationPostProcessor'
17:36:29.848 &amp#27;[39mDEBUG&amp#27;[0;39m &amp#27;[35m1707&amp#27;[0;39m --- [ main ] &amp#27;[36mo.s.b.f.s.DefaultListableBeanFactory&amp#27;[0;39m : Autowiring by type from bean name 'persistenceExceptionTranslationPostProcessor' via factory method to bean named 'environment'
17:36:29.855 &amp#27;[39mDEBUG&amp#27;[0;39m &amp#27;[35m1714&amp#27;[0;39m --- [ main ] &amp#27;[36mo.s.b.f.s.DefaultListableBeanFactory&amp#27;[0;39m : Creating shared instance of singleton bean 'org.springframework.aop.config.internalAutoProxyCreator'
17:36:29.860 &amp#27;[39mDEBUG&amp#27;[0;39m &amp#27;[35m1719&amp#27;[0;39m --- [ main ] &amp#27;[36mo.s.b.f.s.DefaultListableBeanFactory&amp#27;[0;39m : Creating shared instance of singleton bean 'webServerFactoryCustomizerBeanPostProcessor'
17:36:29.861 &amp#27;[39mDEBUG&amp#27;[0;39m &amp#27;[35m1720&amp#27;[0;39m --- [ main ] &amp#27;[36mo.s.b.f.s.DefaultListableBeanFactory&amp#27;[0;39m : Creating shared instance of singleton bean 'errorPageRegistrarBeanPostProcessor'
17:36:29.864 &amp#27;[39mDEBUG&amp#27;[0;39m &amp#27;[35m1723&amp#27;[0;39m --- [ main ] &amp#27;[36mo.s.u.c.s.UiApplicationContextUtils&amp#27;[0;39m : Unable to locate ThemeSource with name 'themeSource': using default [org.springframework.ui.context.support.ResourceBundleThemeSource@6af90849]
17:36:29.865 &amp#27;[39mDEBUG&amp#27;[0;39m &amp#27;[35m1724&amp#27;[0;39m --- [ main ] &amp#27;[36mo.s.b.f.s.DefaultListableBeanFactory&amp#27;[0;39m : Creating shared instance of singleton bean 'org.springframework.test.context.support.internalDynamicPropertyRegistrarBeanInitializer'
17:36:29.867 &amp#27;[39mDEBUG&amp#27;[0;39m &amp#27;[35m1726&amp#27;[0;39m --- [ main ] &amp#27;[36mo.s.b.f.s.DefaultListableBeanFactory&amp#27;[0;39m : Creating shared instance of singleton bean 'org.springframework.transaction.config.internalTransactionAdvisor'
17:36:29.867 &amp#27;[39mDEBUG&amp#27;[0;39m &amp#27;[35m1726&amp#27;[0;39m --- [ main ] &amp#27;[36mo.s.b.f.s.DefaultListableBeanFactory&amp#27;[0;39m : Creating shared instance of singleton bean 'org.springframework.transaction.annotation.ProxyTransactionManagementConfiguration'
17:36:29.873 &amp#27;[39mDEBUG&amp#27;[0;39m &amp#27;[35m1732&amp#27;[0;39m --- [ main ] &amp#27;[36mo.s.b.f.s.DefaultListableBeanFactory&amp#27;[0;39m : Creating shared instance of singleton bean 'transactionAttributeSource'
17:36:29.874 &amp#27;[39mDEBUG&amp#27;[0;39m &amp#27;[35m1733&amp#27;[0;39m --- [ main ] &amp#27;[36mo.s.b.f.s.DefaultListableBeanFactory&amp#27;[0;39m : Creating shared instance of singleton bean 'transactionInterceptor'
17:36:29.874 &amp#27;[39mDEBUG&amp#27;[0;39m &amp#27;[35m1733&amp#27;[0;39m --- [ main ] &amp#27;[36mo.s.b.f.s.DefaultListableBeanFactory&amp#27;[0;39m : Autowiring by type from bean name 'transactionInterceptor' via factory method to bean named 'transactionAttributeSource'
17:36:29.879 &amp#27;[39mDEBUG&amp#27;[0;39m &amp#27;[35m1738&amp#27;[0;39m --- [ main ] &amp#27;[36mo.s.b.f.s.DefaultListableBeanFactory&amp#27;[0;39m : Autowiring by type from bean name 'org.springframework.transaction.config.internalTransactionAdvisor' via factory method to bean named 'transactionAttributeSource'
17:36:29.880 &amp#27;[39mDEBUG&amp#27;[0;39m &amp#27;[35m1739&amp#27;[0;39m --- [ main ] &amp#27;[36mo.s.b.f.s.DefaultListableBeanFactory&amp#27;[0;39m : Autowiring by type from bean name 'org.springframework.transaction.config.internalTransactionAdvisor' via factory method to bean named 'transactionInterceptor'
17:36:29.885 &amp#27;[39mDEBUG&amp#27;[0;39m &amp#27;[35m1744&amp#27;[0;39m --- [ main ] &amp#27;[36mo.s.b.f.s.DefaultListableBeanFactory&amp#27;[0;39m : Creating shared instance of singleton bean 'cocktailApplication'
17:36:29.889 &amp#27;[39mDEBUG&amp#27;[0;39m &amp#27;[35m1748&amp#27;[0;39m --- [ main ] &amp#27;[36mo.s.b.f.s.DefaultListableBeanFactory&amp#27;[0;39m : Creating shared instance of singleton bean 'org.springframework.boot.autoconfigure.context.PropertyPlaceholderAutoConfiguration'
17:36:29.890 &amp#27;[39mDEBUG&amp#27;[0;39m &amp#27;[35m1749&amp#27;[0;39m --- [ main ] &amp#27;[36mo.s.b.f.s.DefaultListableBeanFactory&amp#27;[0;39m : Creating shared instance of singleton bean 'org.springframework.boot.autoconfigure.ssl.SslAutoConfiguration'
17:36:29.891 &amp#27;[39mDEBUG&amp#27;[0;39m &amp#27;[35m1750&amp#27;[0;39m --- [ main ] &amp#27;[36mo.s.b.f.s.DefaultListableBeanFactory&amp#27;[0;39m : Creating shared instance of singleton bean 'spring.ssl-org.springframework.boot.autoconfigure.ssl.SslProperties'
17:36:29.893 &amp#27;[39mDEBUG&amp#27;[0;39m &amp#27;[35m1752&amp#27;[0;39m --- [ main ] &amp#27;[36mo.s.b.f.s.DefaultListableBeanFactory&amp#27;[0;39m : Creating shared instance of singleton bean 'org.springframework.boot.context.properties.BoundConfigurationProperties'
17:36:29.902 &amp#27;[39mDEBUG&amp#27;[0;39m &amp#27;[35m1761&amp#27;[0;39m --- [ main ] &amp#27;[36mo.s.b.f.s.DefaultListableBeanFactory&amp#27;[0;39m : Autowiring by type from bean name 'org.springframework.boot.autoconfigure.ssl.SslAutoConfiguration' via constructor to bean named 'org.springframework.web.context.support.GenericWebApplicationContext@41477a6d'
17:36:29.902 &amp#27;[39mDEBUG&amp#27;[0;39m &amp#27;[35m1761&amp#27;[0;39m --- [ main ] &amp#27;[36mo.s.b.f.s.DefaultListableBeanFactory&amp#27;[0;39m : Autowiring by type from bean name 'org.springframework.boot.autoconfigure.ssl.SslAutoConfiguration' via constructor to bean named 'spring.ssl-org.springframework.boot.autoconfigure.ssl.SslProperties'
17:36:29.903 &amp#27;[39mDEBUG&amp#27;[0;39m &amp#27;[35m1762&amp#27;[0;39m --- [ main ] &amp#27;[36mo.s.b.f.s.DefaultListableBeanFactory&amp#27;[0;39m : Creating shared instance of singleton bean 'fileWatcher'
17:36:29.904 &amp#27;[39mDEBUG&amp#27;[0;39m &amp#27;[35m1763&amp#27;[0;39m --- [ main ] &amp#27;[36mo.s.b.f.s.DefaultListableBeanFactory&amp#27;[0;39m : Creating shared instance of singleton bean 'sslPropertiesSslBundleRegistrar'
17:36:29.905 &amp#27;[39mDEBUG&amp#27;[0;39m &amp#27;[35m1764&amp#27;[0;39m --- [ main ] &amp#27;[36mo.s.b.f.s.DefaultListableBeanFactory&amp#27;[0;39m : Autowiring by type from bean name 'sslPropertiesSslBundleRegistrar' via factory method to bean named 'fileWatcher'
17:36:29.907 &amp#27;[39mDEBUG&amp#27;[0;39m &amp#27;[35m1766&amp#27;[0;39m --- [ main ] &amp#27;[36mo.s.b.f.s.DefaultListableBeanFactory&amp#27;[0;39m : Creating shared instance of singleton bean 'sslBundleRegistry'
17:36:29.915 &amp#27;[39mDEBUG&amp#27;[0;39m &amp#27;[35m1774&amp#27;[0;39m --- [ main ] &amp#27;[36mo.s.b.f.s.DefaultListableBeanFactory&amp#27;[0;39m : Creating shared instance of singleton bean 'org.springframework.boot.context.properties.EnableConfigurationPropertiesRegistrar.methodValidationExcludeFilter'
17:36:29.919 &amp#27;[39mDEBUG&amp#27;[0;39m &amp#27;[35m1778&amp#27;[0;39m --- [ main ] &amp#27;[36mo.s.b.f.s.DefaultListableBeanFactory&amp#27;[0;39m : Creating shared instance of singleton bean 'org.springframework.boot.autoconfigure.websocket.servlet.WebSocketServletAutoConfiguration$TomcatWebSocketConfiguration'
17:36:29.919 &amp#27;[39mDEBUG&amp#27;[0;39m &amp#27;[35m1778&amp#27;[0;39m --- [ main ] &amp#27;[36mo.s.b.f.s.DefaultListableBeanFactory&amp#27;[0;39m : Creating shared instance of singleton bean 'websocketServletWebServerCustomizer'
17:36:29.921 &amp#27;[39mDEBUG&amp#27;[0;39m &amp#27;[35m1780&amp#27;[0;39m --- [ main ] &amp#27;[36mo.s.b.f.s.DefaultListableBeanFactory&amp#27;[0;39m : Creating shared instance of singleton bean 'org.springframework.boot.autoconfigure.websocket.servlet.WebSocketServletAutoConfiguration'
17:36:29.921 &amp#27;[39mDEBUG&amp#27;[0;39m &amp#27;[35m1780&amp#27;[0;39m --- [ main ] &amp#27;[36mo.s.b.f.s.DefaultListableBeanFactory&amp#27;[0;39m : Creating shared instance of singleton bean 'org.springframework.boot.autoconfigure.web.servlet.ServletWebServerFactoryConfiguration$EmbeddedTomcat'
17:36:29.922 &amp#27;[39mDEBUG&amp#27;[0;39m &amp#27;[35m1781&amp#27;[0;39m --- [ main ] &amp#27;[36mo.s.b.f.s.DefaultListableBeanFactory&amp#27;[0;39m : Creating shared instance of singleton bean 'tomcatServletWebServerFactory'
17:36:29.962 &amp#27;[39mDEBUG&amp#27;[0;39m &amp#27;[35m1821&amp#27;[0;39m --- [ main ] &amp#27;[36mo.s.b.f.s.DefaultListableBeanFactory&amp#27;[0;39m : Creating shared instance of singleton bean 'servletWebServerFactoryCustomizer'
17:36:29.962 &amp#27;[39mDEBUG&amp#27;[0;39m &amp#27;[35m1821&amp#27;[0;39m --- [ main ] &amp#27;[36mo.s.b.f.s.DefaultListableBeanFactory&amp#27;[0;39m : Creating shared instance of singleton bean 'org.springframework.boot.autoconfigure.web.servlet.ServletWebServerFactoryAutoConfiguration'
17:36:29.964 &amp#27;[39mDEBUG&amp#27;[0;39m &amp#27;[35m1823&amp#27;[0;39m --- [ main ] &amp#27;[36mo.s.b.f.s.DefaultListableBeanFactory&amp#27;[0;39m : Creating shared instance of singleton bean 'server-org.springframework.boot.autoconfigure.web.ServerProperties'
17:36:29.984 &amp#27;[39mDEBUG&amp#27;[0;39m &amp#27;[35m1843&amp#27;[0;39m --- [ main ] &amp#27;[36mo.s.b.f.s.DefaultListableBeanFactory&amp#27;[0;39m : Autowiring by type from bean name 'servletWebServerFactoryCustomizer' via factory method to bean named 'server-org.springframework.boot.autoconfigure.web.ServerProperties'
17:36:29.986 &amp#27;[39mDEBUG&amp#27;[0;39m &amp#27;[35m1845&amp#27;[0;39m --- [ main ] &amp#27;[36mo.s.b.f.s.DefaultListableBeanFactory&amp#27;[0;39m : Creating shared instance of singleton bean 'tomcatServletWebServerFactoryCustomizer'
17:36:29.987 &amp#27;[39mDEBUG&amp#27;[0;39m &amp#27;[35m1846&amp#27;[0;39m --- [ main ] &amp#27;[36mo.s.b.f.s.DefaultListableBeanFactory&amp#27;[0;39m : Autowiring by type from bean name 'tomcatServletWebServerFactoryCustomizer' via factory method to bean named 'server-org.springframework.boot.autoconfigure.web.ServerProperties'
17:36:29.988 &amp#27;[39mDEBUG&amp#27;[0;39m &amp#27;[35m1847&amp#27;[0;39m --- [ main ] &amp#27;[36mo.s.b.f.s.DefaultListableBeanFactory&amp#27;[0;39m : Creating shared instance of singleton bean 'localeCharsetMappingsCustomizer'
17:36:29.988 &amp#27;[39mDEBUG&amp#27;[0;39m &amp#27;[35m1847&amp#27;[0;39m --- [ main ] &amp#27;[36mo.s.b.f.s.DefaultListableBeanFactory&amp#27;[0;39m : Creating shared instance of singleton bean 'org.springframework.boot.autoconfigure.web.servlet.HttpEncodingAutoConfiguration'
17:36:29.989 &amp#27;[39mDEBUG&amp#27;[0;39m &amp#27;[35m1848&amp#27;[0;39m --- [ main ] &amp#27;[36mo.s.b.f.s.DefaultListableBeanFactory&amp#27;[0;39m : Autowiring by type from bean name 'org.springframework.boot.autoconfigure.web.servlet.HttpEncodingAutoConfiguration' via constructor to bean named 'server-org.springframework.boot.autoconfigure.web.ServerProperties'
17:36:30.014 &amp#27;[39mDEBUG&amp#27;[0;39m &amp#27;[35m1873&amp#27;[0;39m --- [ main ] &amp#27;[36mo.s.b.f.s.DefaultListableBeanFactory&amp#27;[0;39m : Creating shared instance of singleton bean 'errorPageCustomizer'
17:36:30.014 &amp#27;[39mDEBUG&amp#27;[0;39m &amp#27;[35m1873&amp#27;[0;39m --- [ main ] &amp#27;[36mo.s.b.f.s.DefaultListableBeanFactory&amp#27;[0;39m : Creating shared instance of singleton bean 'org.springframework.boot.autoconfigure.web.servlet.error.ErrorMvcAutoConfiguration'
17:36:30.015 &amp#27;[39mDEBUG&amp#27;[0;39m &amp#27;[35m1874&amp#27;[0;39m --- [ main ] &amp#27;[36mo.s.b.f.s.DefaultListableBeanFactory&amp#27;[0;39m : Autowiring by type from bean name 'org.springframework.boot.autoconfigure.web.servlet.error.ErrorMvcAutoConfiguration' via constructor to bean named 'server-org.springframework.boot.autoconfigure.web.ServerProperties'
17:36:30.016 &amp#27;[39mDEBUG&amp#27;[0;39m &amp#27;[35m1875&amp#27;[0;39m --- [ main ] &amp#27;[36mo.s.b.f.s.DefaultListableBeanFactory&amp#27;[0;39m : Creating shared instance of singleton bean 'dispatcherServletRegistration'
17:36:30.016 &amp#27;[39mDEBUG&amp#27;[0;39m &amp#27;[35m1875&amp#27;[0;39m --- [ main ] &amp#27;[36mo.s.b.f.s.DefaultListableBeanFactory&amp#27;[0;39m : Creating shared instance of singleton bean 'org.springframework.boot.autoconfigure.web.servlet.DispatcherServletAutoConfiguration$DispatcherServletRegistrationConfiguration'
17:36:30.018 &amp#27;[39mDEBUG&amp#27;[0;39m &amp#27;[35m1877&amp#27;[0;39m --- [ main ] &amp#27;[36mo.s.b.f.s.DefaultListableBeanFactory&amp#27;[0;39m : Creating shared instance of singleton bean 'dispatcherServlet'
17:36:30.018 &amp#27;[39mDEBUG&amp#27;[0;39m &amp#27;[35m1877&amp#27;[0;39m --- [ main ] &amp#27;[36mo.s.b.f.s.DefaultListableBeanFactory&amp#27;[0;39m : Creating shared instance of singleton bean 'org.springframework.boot.autoconfigure.web.servlet.DispatcherServletAutoConfiguration$DispatcherServletConfiguration'
17:36:30.019 &amp#27;[39mDEBUG&amp#27;[0;39m &amp#27;[35m1878&amp#27;[0;39m --- [ main ] &amp#27;[36mo.s.b.f.s.DefaultListableBeanFactory&amp#27;[0;39m : Creating shared instance of singleton bean 'spring.mvc-org.springframework.boot.autoconfigure.web.servlet.WebMvcProperties'
17:36:30.026 &amp#27;[39mDEBUG&amp#27;[0;39m &amp#27;[35m1885&amp#27;[0;39m --- [ main ] &amp#27;[36mo.s.b.f.s.DefaultListableBeanFactory&amp#27;[0;39m : Autowiring by type from bean name 'dispatcherServlet' via factory method to bean named 'spring.mvc-org.springframework.boot.autoconfigure.web.servlet.WebMvcProperties'
17:36:30.046 &amp#27;[39mDEBUG&amp#27;[0;39m &amp#27;[35m1905&amp#27;[0;39m --- [ main ] &amp#27;[36mo.s.b.f.s.DefaultListableBeanFactory&amp#27;[0;39m : Autowiring by type from bean name 'dispatcherServletRegistration' via factory method to bean named 'dispatcherServlet'
17:36:30.047 &amp#27;[39mDEBUG&amp#27;[0;39m &amp#27;[35m1906&amp#27;[0;39m --- [ main ] &amp#27;[36mo.s.b.f.s.DefaultListableBeanFactory&amp#27;[0;39m : Autowiring by type from bean name 'dispatcherServletRegistration' via factory method to bean named 'spring.mvc-org.springframework.boot.autoconfigure.web.servlet.WebMvcProperties'
17:36:30.049 &amp#27;[39mDEBUG&amp#27;[0;39m &amp#27;[35m1908&amp#27;[0;39m --- [ main ] &amp#27;[36mo.s.b.f.s.DefaultListableBeanFactory&amp#27;[0;39m : Creating shared instance of singleton bean 'multipartConfigElement'
17:36:30.050 &amp#27;[39mDEBUG&amp#27;[0;39m &amp#27;[35m1909&amp#27;[0;39m --- [ main ] &amp#27;[36mo.s.b.f.s.DefaultListableBeanFactory&amp#27;[0;39m : Creating shared instance of singleton bean 'org.springframework.boot.autoconfigure.web.servlet.MultipartAutoConfiguration'
17:36:30.051 &amp#27;[39mDEBUG&amp#27;[0;39m &amp#27;[35m1910&amp#27;[0;39m --- [ main ] &amp#27;[36mo.s.b.f.s.DefaultListableBeanFactory&amp#27;[0;39m : Creating shared instance of singleton bean 'spring.servlet.multipart-org.springframework.boot.autoconfigure.web.servlet.MultipartProperties'
17:36:30.056 &amp#27;[39mDEBUG&amp#27;[0;39m &amp#27;[35m1915&amp#27;[0;39m --- [ main ] &amp#27;[36mo.s.b.f.s.DefaultListableBeanFactory&amp#27;[0;39m : Autowiring by type from bean name 'org.springframework.boot.autoconfigure.web.servlet.MultipartAutoConfiguration' via constructor to bean named 'spring.servlet.multipart-org.springframework.boot.autoconfigure.web.servlet.MultipartProperties'
17:36:30.065 &amp#27;[39mDEBUG&amp#27;[0;39m &amp#27;[35m1924&amp#27;[0;39m --- [ main ] &amp#27;[36mo.s.b.f.s.DefaultListableBeanFactory&amp#27;[0;39m : Autowiring by type from bean name 'errorPageCustomizer' via factory method to bean named 'dispatcherServletRegistration'
17:36:30.070 &amp#27;[39mDEBUG&amp#27;[0;39m &amp#27;[35m1929&amp#27;[0;39m --- [ main ] &amp#27;[36mo.s.b.f.s.DefaultListableBeanFactory&amp#27;[0;39m : Creating shared instance of singleton bean 'org.springframework.boot.autoconfigure.web.servlet.DispatcherServletAutoConfiguration'
17:36:30.071 &amp#27;[39mDEBUG&amp#27;[0;39m &amp#27;[35m1930&amp#27;[0;39m --- [ main ] &amp#27;[36mo.s.b.f.s.DefaultListableBeanFactory&amp#27;[0;39m : Creating shared instance of singleton bean 'org.springframework.boot.autoconfigure.task.TaskExecutorConfigurations$ThreadPoolTaskExecutorBuilderConfiguration'
17:36:30.072 &amp#27;[39mDEBUG&amp#27;[0;39m &amp#27;[35m1931&amp#27;[0;39m --- [ main ] &amp#27;[36mo.s.b.f.s.DefaultListableBeanFactory&amp#27;[0;39m : Creating shared instance of singleton bean 'threadPoolTaskExecutorBuilder'
17:36:30.073 &amp#27;[39mDEBUG&amp#27;[0;39m &amp#27;[35m1932&amp#27;[0;39m --- [ main ] &amp#27;[36mo.s.b.f.s.DefaultListableBeanFactory&amp#27;[0;39m : Creating shared instance of singleton bean 'spring.task.execution-org.springframework.boot.autoconfigure.task.TaskExecutionProperties'
17:36:30.076 &amp#27;[39mDEBUG&amp#27;[0;39m &amp#27;[35m1935&amp#27;[0;39m --- [ main ] &amp#27;[36mo.s.b.f.s.DefaultListableBeanFactory&amp#27;[0;39m : Autowiring by type from bean name 'threadPoolTaskExecutorBuilder' via factory method to bean named 'spring.task.execution-org.springframework.boot.autoconfigure.task.TaskExecutionProperties'
17:36:30.080 &amp#27;[39mDEBUG&amp#27;[0;39m &amp#27;[35m1939&amp#27;[0;39m --- [ main ] &amp#27;[36mo.s.b.f.s.DefaultListableBeanFactory&amp#27;[0;39m : Creating shared instance of singleton bean 'org.springframework.boot.autoconfigure.task.TaskExecutorConfigurations$SimpleAsyncTaskExecutorBuilderConfiguration'
17:36:30.081 &amp#27;[39mDEBUG&amp#27;[0;39m &amp#27;[35m1940&amp#27;[0;39m --- [ main ] &amp#27;[36mo.s.b.f.s.DefaultListableBeanFactory&amp#27;[0;39m : Autowiring by type from bean name 'org.springframework.boot.autoconfigure.task.TaskExecutorConfigurations$SimpleAsyncTaskExecutorBuilderConfiguration' via constructor to bean named 'spring.task.execution-org.springframework.boot.autoconfigure.task.TaskExecutionProperties'
17:36:30.082 &amp#27;[39mDEBUG&amp#27;[0;39m &amp#27;[35m1941&amp#27;[0;39m --- [ main ] &amp#27;[36mo.s.b.f.s.DefaultListableBeanFactory&amp#27;[0;39m : Creating shared instance of singleton bean 'simpleAsyncTaskExecutorBuilder'
17:36:30.084 &amp#27;[39mDEBUG&amp#27;[0;39m &amp#27;[35m1943&amp#27;[0;39m --- [ main ] &amp#27;[36mo.s.b.f.s.DefaultListableBeanFactory&amp#27;[0;39m : Creating shared instance of singleton bean 'org.springframework.boot.autoconfigure.task.TaskExecutorConfigurations$TaskExecutorConfiguration'
17:36:30.085 &amp#27;[39mDEBUG&amp#27;[0;39m &amp#27;[35m1944&amp#27;[0;39m --- [ main ] &amp#27;[36mo.s.b.f.s.DefaultListableBeanFactory&amp#27;[0;39m : Creating shared instance of singleton bean 'org.springframework.boot.autoconfigure.task.TaskExecutionAutoConfiguration'
17:36:30.086 &amp#27;[39mDEBUG&amp#27;[0;39m &amp#27;[35m1945&amp#27;[0;39m --- [ main ] &amp#27;[36mo.s.b.f.s.DefaultListableBeanFactory&amp#27;[0;39m : Creating shared instance of singleton bean 'org.springframework.boot.autoconfigure.web.servlet.error.ErrorMvcAutoConfiguration$WhitelabelErrorViewConfiguration'
17:36:30.087 &amp#27;[39mDEBUG&amp#27;[0;39m &amp#27;[35m1946&amp#27;[0;39m --- [ main ] &amp#27;[36mo.s.b.f.s.DefaultListableBeanFactory&amp#27;[0;39m : Creating shared instance of singleton bean 'error'
17:36:30.088 &amp#27;[39mDEBUG&amp#27;[0;39m &amp#27;[35m1947&amp#27;[0;39m --- [ main ] &amp#27;[36mo.s.b.f.s.DefaultListableBeanFactory&amp#27;[0;39m : Creating shared instance of singleton bean 'beanNameViewResolver'
17:36:30.090 &amp#27;[39mDEBUG&amp#27;[0;39m &amp#27;[35m1949&amp#27;[0;39m --- [ main ] &amp#27;[36mo.s.b.f.s.DefaultListableBeanFactory&amp#27;[0;39m : Creating shared instance of singleton bean 'org.springframework.boot.autoconfigure.web.servlet.error.ErrorMvcAutoConfiguration$DefaultErrorViewResolverConfiguration'
17:36:30.092 &amp#27;[39mDEBUG&amp#27;[0;39m &amp#27;[35m1951&amp#27;[0;39m --- [ main ] &amp#27;[36mo.s.b.f.s.DefaultListableBeanFactory&amp#27;[0;39m : Creating shared instance of singleton bean 'spring.web-org.springframework.boot.autoconfigure.web.WebProperties'
17:36:30.100 &amp#27;[39mDEBUG&amp#27;[0;39m &amp#27;[35m1959&amp#27;[0;39m --- [ main ] &amp#27;[36mo.s.b.f.s.DefaultListableBeanFactory&amp#27;[0;39m : Autowiring by type from bean name 'org.springframework.boot.autoconfigure.web.servlet.error.ErrorMvcAutoConfiguration$DefaultErrorViewResolverConfiguration' via constructor to bean named 'org.springframework.web.context.support.GenericWebApplicationContext@41477a6d'
17:36:30.100 &amp#27;[39mDEBUG&amp#27;[0;39m &amp#27;[35m1959&amp#27;[0;39m --- [ main ] &amp#27;[36mo.s.b.f.s.DefaultListableBeanFactory&amp#27;[0;39m : Autowiring by type from bean name 'org.springframework.boot.autoconfigure.web.servlet.error.ErrorMvcAutoConfiguration$DefaultErrorViewResolverConfiguration' via constructor to bean named 'spring.web-org.springframework.boot.autoconfigure.web.WebProperties'
17:36:30.100 &amp#27;[39mDEBUG&amp#27;[0;39m &amp#27;[35m1959&amp#27;[0;39m --- [ main ] &amp#27;[36mo.s.b.f.s.DefaultListableBeanFactory&amp#27;[0;39m : Creating shared instance of singleton bean 'conventionErrorViewResolver'
17:36:30.103 &amp#27;[39mDEBUG&amp#27;[0;39m &amp#27;[35m1962&amp#27;[0;39m --- [ main ] &amp#27;[36mo.s.b.f.s.DefaultListableBeanFactory&amp#27;[0;39m : Creating shared instance of singleton bean 'errorAttributes'
17:36:30.106 &amp#27;[39mDEBUG&amp#27;[0;39m &amp#27;[35m1965&amp#27;[0;39m --- [ main ] &amp#27;[36mo.s.b.f.s.DefaultListableBeanFactory&amp#27;[0;39m : Creating shared instance of singleton bean 'basicErrorController'
17:36:30.106 &amp#27;[39mDEBUG&amp#27;[0;39m &amp#27;[35m1965&amp#27;[0;39m --- [ main ] &amp#27;[36mo.s.b.f.s.DefaultListableBeanFactory&amp#27;[0;39m : Autowiring by type from bean name 'basicErrorController' via factory method to bean named 'errorAttributes'
17:36:30.117 &amp#27;[39mDEBUG&amp#27;[0;39m &amp#27;[35m1976&amp#27;[0;39m --- [ main ] &amp#27;[36mo.s.b.f.s.DefaultListableBeanFactory&amp#27;[0;39m : Creating shared instance of singleton bean 'org.springframework.boot.autoconfigure.web.servlet.WebMvcAutoConfiguration$EnableWebMvcConfiguration'
17:36:30.118 &amp#27;[39mDEBUG&amp#27;[0;39m &amp#27;[35m1977&amp#27;[0;39m --- [ main ] &amp#27;[36mo.s.b.f.s.DefaultListableBeanFactory&amp#27;[0;39m : Autowiring by type from bean name 'org.springframework.boot.autoconfigure.web.servlet.WebMvcAutoConfiguration$EnableWebMvcConfiguration' via constructor to bean named 'spring.mvc-org.springframework.boot.autoconfigure.web.servlet.WebMvcProperties'
17:36:30.118 &amp#27;[39mDEBUG&amp#27;[0;39m &amp#27;[35m1977&amp#27;[0;39m --- [ main ] &amp#27;[36mo.s.b.f.s.DefaultListableBeanFactory&amp#27;[0;39m : Autowiring by type from bean name 'org.springframework.boot.autoconfigure.web.servlet.WebMvcAutoConfiguration$EnableWebMvcConfiguration' via constructor to bean named 'spring.web-org.springframework.boot.autoconfigure.web.WebProperties'
17:36:30.118 &amp#27;[39mDEBUG&amp#27;[0;39m &amp#27;[35m1977&amp#27;[0;39m --- [ main ] &amp#27;[36mo.s.b.f.s.DefaultListableBeanFactory&amp#27;[0;39m : Autowiring by type from bean name 'org.springframework.boot.autoconfigure.web.servlet.WebMvcAutoConfiguration$EnableWebMvcConfiguration' via constructor to bean named 'org.springframework.beans.factory.support.DefaultListableBeanFactory@5c645b43'
17:36:30.123 &amp#27;[39mDEBUG&amp#27;[0;39m &amp#27;[35m1982&amp#27;[0;39m --- [ main ] &amp#27;[36mo.s.b.f.s.DefaultListableBeanFactory&amp#27;[0;39m : Creating shared instance of singleton bean 'org.springframework.boot.autoconfigure.web.servlet.WebMvcAutoConfiguration$WebMvcAutoConfigurationAdapter'
17:36:30.124 &amp#27;[39mDEBUG&amp#27;[0;39m &amp#27;[35m1983&amp#27;[0;39m --- [ main ] &amp#27;[36mo.s.b.f.s.DefaultListableBeanFactory&amp#27;[0;39m : Autowiring by type from bean name 'org.springframework.boot.autoconfigure.web.servlet.WebMvcAutoConfiguration$WebMvcAutoConfigurationAdapter' via constructor to bean named 'spring.web-org.springframework.boot.autoconfigure.web.WebProperties'
17:36:30.124 &amp#27;[39mDEBUG&amp#27;[0;39m &amp#27;[35m1983&amp#27;[0;39m --- [ main ] &amp#27;[36mo.s.b.f.s.DefaultListableBeanFactory&amp#27;[0;39m : Autowiring by type from bean name 'org.springframework.boot.autoconfigure.web.servlet.WebMvcAutoConfiguration$WebMvcAutoConfigurationAdapter' via constructor to bean named 'spring.mvc-org.springframework.boot.autoconfigure.web.servlet.WebMvcProperties'
17:36:30.124 &amp#27;[39mDEBUG&amp#27;[0;39m &amp#27;[35m1983&amp#27;[0;39m --- [ main ] &amp#27;[36mo.s.b.f.s.DefaultListableBeanFactory&amp#27;[0;39m : Autowiring by type from bean name 'org.springframework.boot.autoconfigure.web.servlet.WebMvcAutoConfiguration$WebMvcAutoConfigurationAdapter' via constructor to bean named 'org.springframework.beans.factory.support.DefaultListableBeanFactory@5c645b43'
17:36:30.126 &amp#27;[39mDEBUG&amp#27;[0;39m &amp#27;[35m1985&amp#27;[0;39m --- [ main ] &amp#27;[36mo.s.b.f.s.DefaultListableBeanFactory&amp#27;[0;39m : Creating shared instance of singleton bean 'org.springframework.security.config.annotation.web.configuration.WebMvcSecurityConfiguration'
17:36:30.133 &amp#27;[39mDEBUG&amp#27;[0;39m &amp#27;[35m1992&amp#27;[0;39m --- [ main ] &amp#27;[36mo.s.b.f.s.DefaultListableBeanFactory&amp#27;[0;39m : Creating shared instance of singleton bean 'welcomePageHandlerMapping'
17:36:30.133 &amp#27;[39mDEBUG&amp#27;[0;39m &amp#27;[35m1992&amp#27;[0;39m --- [ main ] &amp#27;[36mo.s.b.f.s.DefaultListableBeanFactory&amp#27;[0;39m : Creating shared instance of singleton bean 'mvcConversionService'
17:36:30.138 &amp#27;[39mDEBUG&amp#27;[0;39m &amp#27;[35m1997&amp#27;[0;39m --- [ main ] &amp#27;[36mo.s.b.f.s.DefaultListableBeanFactory&amp#27;[0;39m : Creating shared instance of singleton bean 'mvcResourceUrlProvider'
17:36:30.141 &amp#27;[39mDEBUG&amp#27;[0;39m &amp#27;[35m2000&amp#27;[0;39m --- [ main ] &amp#27;[36mo.s.b.f.s.DefaultListableBeanFactory&amp#27;[0;39m : Autowiring by type from bean name 'welcomePageHandlerMapping' via factory method to bean named 'org.springframework.web.context.support.GenericWebApplicationContext@41477a6d'
17:36:30.141 &amp#27;[39mDEBUG&amp#27;[0;39m &amp#27;[35m2000&amp#27;[0;39m --- [ main ] &amp#27;[36mo.s.b.f.s.DefaultListableBeanFactory&amp#27;[0;39m : Autowiring by type from bean name 'welcomePageHandlerMapping' via factory method to bean named 'mvcConversionService'
17:36:30.141 &amp#27;[39mDEBUG&amp#27;[0;39m &amp#27;[35m2000&amp#27;[0;39m --- [ main ] &amp#27;[36mo.s.b.f.s.DefaultListableBeanFactory&amp#27;[0;39m : Autowiring by type from bean name 'welcomePageHandlerMapping' via factory method to bean named 'mvcResourceUrlProvider'
17:36:30.154 &amp#27;[39mDEBUG&amp#27;[0;39m &amp#27;[35m2013&amp#27;[0;39m --- [ main ] &amp#27;[36mo.s.b.f.s.DefaultListableBeanFactory&amp#27;[0;39m : Creating shared instance of singleton bean 'welcomePageNotAcceptableHandlerMapping'
17:36:30.154 &amp#27;[39mDEBUG&amp#27;[0;39m &amp#27;[35m2013&amp#27;[0;39m --- [ main ] &amp#27;[36mo.s.b.f.s.DefaultListableBeanFactory&amp#27;[0;39m : Autowiring by type from bean name 'welcomePageNotAcceptableHandlerMapping' via factory method to bean named 'org.springframework.web.context.support.GenericWebApplicationContext@41477a6d'
17:36:30.155 &amp#27;[39mDEBUG&amp#27;[0;39m &amp#27;[35m2014&amp#27;[0;39m --- [ main ] &amp#27;[36mo.s.b.f.s.DefaultListableBeanFactory&amp#27;[0;39m : Autowiring by type from bean name 'welcomePageNotAcceptableHandlerMapping' via factory method to bean named 'mvcConversionService'
17:36:30.155 &amp#27;[39mDEBUG&amp#27;[0;39m &amp#27;[35m2014&amp#27;[0;39m --- [ main ] &amp#27;[36mo.s.b.f.s.DefaultListableBeanFactory&amp#27;[0;39m : Autowiring by type from bean name 'welcomePageNotAcceptableHandlerMapping' via factory method to bean named 'mvcResourceUrlProvider'
17:36:30.159 &amp#27;[39mDEBUG&amp#27;[0;39m &amp#27;[35m2018&amp#27;[0;39m --- [ main ] &amp#27;[36mo.s.b.f.s.DefaultListableBeanFactory&amp#27;[0;39m : Creating shared instance of singleton bean 'localeResolver'
17:36:30.161 &amp#27;[39mDEBUG&amp#27;[0;39m &amp#27;[35m2020&amp#27;[0;39m --- [ main ] &amp#27;[36mo.s.b.f.s.DefaultListableBeanFactory&amp#27;[0;39m : Creating shared instance of singleton bean 'themeResolver'
17:36:30.162 &amp#27;[39mDEBUG&amp#27;[0;39m &amp#27;[35m2021&amp#27;[0;39m --- [ main ] &amp#27;[36mo.s.b.f.s.DefaultListableBeanFactory&amp#27;[0;39m : Creating shared instance of singleton bean 'flashMapManager'
17:36:30.165 &amp#27;[39mDEBUG&amp#27;[0;39m &amp#27;[35m2024&amp#27;[0;39m --- [ main ] &amp#27;[36mo.s.b.f.s.DefaultListableBeanFactory&amp#27;[0;39m : Creating shared instance of singleton bean 'viewNameTranslator'
17:36:30.166 &amp#27;[39mDEBUG&amp#27;[0;39m &amp#27;[35m2025&amp#27;[0;39m --- [ main ] &amp#27;[36mo.s.b.f.s.DefaultListableBeanFactory&amp#27;[0;39m : Creating shared instance of singleton bean 'mvcValidator'
17:36:30.167 &amp#27;[39mDEBUG&amp#27;[0;39m &amp#27;[35m2026&amp#27;[0;39m --- [ main ] &amp#27;[36mo.s.b.f.s.DefaultListableBeanFactory&amp#27;[0;39m : Creating shared instance of singleton bean 'mvcContentNegotiationManager'
17:36:30.172 &amp#27;[39mDEBUG&amp#27;[0;39m &amp#27;[35m2031&amp#27;[0;39m --- [ main ] &amp#27;[36mo.s.b.f.s.DefaultListableBeanFactory&amp#27;[0;39m : Creating shared instance of singleton bean 'requestMappingHandlerMapping'
17:36:30.174 &amp#27;[39mDEBUG&amp#27;[0;39m &amp#27;[35m2033&amp#27;[0;39m --- [ main ] &amp#27;[36mo.s.b.f.s.DefaultListableBeanFactory&amp#27;[0;39m : Autowiring by type from bean name 'requestMappingHandlerMapping' via factory method to bean named 'mvcContentNegotiationManager'
17:36:30.174 &amp#27;[39mDEBUG&amp#27;[0;39m &amp#27;[35m2033&amp#27;[0;39m --- [ main ] &amp#27;[36mo.s.b.f.s.DefaultListableBeanFactory&amp#27;[0;39m : Autowiring by type from bean name 'requestMappingHandlerMapping' via factory method to bean named 'mvcConversionService'
17:36:30.174 &amp#27;[39mDEBUG&amp#27;[0;39m &amp#27;[35m2033&amp#27;[0;39m --- [ main ] &amp#27;[36mo.s.b.f.s.DefaultListableBeanFactory&amp#27;[0;39m : Autowiring by type from bean name 'requestMappingHandlerMapping' via factory method to bean named 'mvcResourceUrlProvider'
17:36:30.244 &amp#27;[39mDEBUG&amp#27;[0;39m &amp#27;[35m2103&amp#27;[0;39m --- [ main ] &amp#27;[36mo.s.w.s.m.m.a.RequestMappingHandlerMapping&amp#27;[0;39m : 2 mappings in 'requestMappingHandlerMapping'
17:36:30.248 &amp#27;[39mDEBUG&amp#27;[0;39m &amp#27;[35m2107&amp#27;[0;39m --- [ main ] &amp#27;[36mo.s.b.f.s.DefaultListableBeanFactory&amp#27;[0;39m : Creating shared instance of singleton bean 'mvcPatternParser'
17:36:30.249 &amp#27;[39mDEBUG&amp#27;[0;39m &amp#27;[35m2108&amp#27;[0;39m --- [ main ] &amp#27;[36mo.s.b.f.s.DefaultListableBeanFactory&amp#27;[0;39m : Creating shared instance of singleton bean 'mvcUrlPathHelper'
17:36:30.251 &amp#27;[39mDEBUG&amp#27;[0;39m &amp#27;[35m2110&amp#27;[0;39m --- [ main ] &amp#27;[36mo.s.b.f.s.DefaultListableBeanFactory&amp#27;[0;39m : Creating shared instance of singleton bean 'mvcPathMatcher'
17:36:30.252 &amp#27;[39mDEBUG&amp#27;[0;39m &amp#27;[35m2111&amp#27;[0;39m --- [ main ] &amp#27;[36mo.s.b.f.s.DefaultListableBeanFactory&amp#27;[0;39m : Creating shared instance of singleton bean 'viewControllerHandlerMapping'
17:36:30.253 &amp#27;[39mDEBUG&amp#27;[0;39m &amp#27;[35m2112&amp#27;[0;39m --- [ main ] &amp#27;[36mo.s.b.f.s.DefaultListableBeanFactory&amp#27;[0;39m : Autowiring by type from bean name 'viewControllerHandlerMapping' via factory method to bean named 'mvcConversionService'
17:36:30.253 &amp#27;[39mDEBUG&amp#27;[0;39m &amp#27;[35m2112&amp#27;[0;39m --- [ main ] &amp#27;[36mo.s.b.f.s.DefaultListableBeanFactory&amp#27;[0;39m : Autowiring by type from bean name 'viewControllerHandlerMapping' via factory method to bean named 'mvcResourceUrlProvider'
17:36:30.254 &amp#27;[39mDEBUG&amp#27;[0;39m &amp#27;[35m2113&amp#27;[0;39m --- [ main ] &amp#27;[36mo.s.b.f.s.DefaultListableBeanFactory&amp#27;[0;39m : Creating shared instance of singleton bean 'beanNameHandlerMapping'
17:36:30.255 &amp#27;[39mDEBUG&amp#27;[0;39m &amp#27;[35m2114&amp#27;[0;39m --- [ main ] &amp#27;[36mo.s.b.f.s.DefaultListableBeanFactory&amp#27;[0;39m : Autowiring by type from bean name 'beanNameHandlerMapping' via factory method to bean named 'mvcConversionService'
17:36:30.255 &amp#27;[39mDEBUG&amp#27;[0;39m &amp#27;[35m2114&amp#27;[0;39m --- [ main ] &amp#27;[36mo.s.b.f.s.DefaultListableBeanFactory&amp#27;[0;39m : Autowiring by type from bean name 'beanNameHandlerMapping' via factory method to bean named 'mvcResourceUrlProvider'
17:36:30.259 &amp#27;[39mDEBUG&amp#27;[0;39m &amp#27;[35m2118&amp#27;[0;39m --- [ main ] &amp#27;[36mo.s.b.f.s.DefaultListableBeanFactory&amp#27;[0;39m : Creating shared instance of singleton bean 'routerFunctionMapping'
17:36:30.260 &amp#27;[39mDEBUG&amp#27;[0;39m &amp#27;[35m2119&amp#27;[0;39m --- [ main ] &amp#27;[36mo.s.b.f.s.DefaultListableBeanFactory&amp#27;[0;39m : Autowiring by type from bean name 'routerFunctionMapping' via factory method to bean named 'mvcConversionService'
17:36:30.260 &amp#27;[39mDEBUG&amp#27;[0;39m &amp#27;[35m2119&amp#27;[0;39m --- [ main ] &amp#27;[36mo.s.b.f.s.DefaultListableBeanFactory&amp#27;[0;39m : Autowiring by type from bean name 'routerFunctionMapping' via factory method to bean named 'mvcResourceUrlProvider'
17:36:30.261 &amp#27;[39mDEBUG&amp#27;[0;39m &amp#27;[35m2120&amp#27;[0;39m --- [ main ] &amp#27;[36mo.s.b.f.s.DefaultListableBeanFactory&amp#27;[0;39m : Creating shared instance of singleton bean 'messageConverters'
17:36:30.262 &amp#27;[39mDEBUG&amp#27;[0;39m &amp#27;[35m2121&amp#27;[0;39m --- [ main ] &amp#27;[36mo.s.b.f.s.DefaultListableBeanFactory&amp#27;[0;39m : Creating shared instance of singleton bean 'org.springframework.boot.autoconfigure.http.HttpMessageConvertersAutoConfiguration'
17:36:30.266 &amp#27;[39mDEBUG&amp#27;[0;39m &amp#27;[35m2125&amp#27;[0;39m --- [ main ] &amp#27;[36mo.s.b.f.s.DefaultListableBeanFactory&amp#27;[0;39m : Creating shared instance of singleton bean 'stringHttpMessageConverter'
17:36:30.267 &amp#27;[39mDEBUG&amp#27;[0;39m &amp#27;[35m2126&amp#27;[0;39m --- [ main ] &amp#27;[36mo.s.b.f.s.DefaultListableBeanFactory&amp#27;[0;39m : Creating shared instance of singleton bean 'org.springframework.boot.autoconfigure.http.HttpMessageConvertersAutoConfiguration$StringHttpMessageConverterConfiguration'
17:36:30.268 &amp#27;[39mDEBUG&amp#27;[0;39m &amp#27;[35m2127&amp#27;[0;39m --- [ main ] &amp#27;[36mo.s.b.f.s.DefaultListableBeanFactory&amp#27;[0;39m : Autowiring by type from bean name 'stringHttpMessageConverter' via factory method to bean named 'environment'
17:36:30.273 &amp#27;[39mDEBUG&amp#27;[0;39m &amp#27;[35m2132&amp#27;[0;39m --- [ main ] &amp#27;[36mo.s.b.f.s.DefaultListableBeanFactory&amp#27;[0;39m : Creating shared instance of singleton bean 'mappingJackson2HttpMessageConverter'
17:36:30.273 &amp#27;[39mDEBUG&amp#27;[0;39m &amp#27;[35m2132&amp#27;[0;39m --- [ main ] &amp#27;[36mo.s.b.f.s.DefaultListableBeanFactory&amp#27;[0;39m : Creating shared instance of singleton bean 'org.springframework.boot.autoconfigure.http.JacksonHttpMessageConvertersConfiguration$MappingJackson2HttpMessageConverterConfiguration'
17:36:30.274 &amp#27;[39mDEBUG&amp#27;[0;39m &amp#27;[35m2133&amp#27;[0;39m --- [ main ] &amp#27;[36mo.s.b.f.s.DefaultListableBeanFactory&amp#27;[0;39m : Creating shared instance of singleton bean 'jacksonObjectMapper'
17:36:30.275 &amp#27;[39mDEBUG&amp#27;[0;39m &amp#27;[35m2134&amp#27;[0;39m --- [ main ] &amp#27;[36mo.s.b.f.s.DefaultListableBeanFactory&amp#27;[0;39m : Creating shared instance of singleton bean 'org.springframework.boot.autoconfigure.jackson.JacksonAutoConfiguration$JacksonObjectMapperConfiguration'
17:36:30.276 &amp#27;[39mDEBUG&amp#27;[0;39m &amp#27;[35m2135&amp#27;[0;39m --- [ main ] &amp#27;[36mo.s.b.f.s.DefaultListableBeanFactory&amp#27;[0;39m : Creating shared instance of singleton bean 'org.springframework.boot.autoconfigure.jackson.JacksonAutoConfiguration$JacksonObjectMapperBuilderConfiguration'
17:36:30.278 &amp#27;[39mDEBUG&amp#27;[0;39m &amp#27;[35m2137&amp#27;[0;39m --- [ main ] &amp#27;[36mo.s.b.f.s.DefaultListableBeanFactory&amp#27;[0;39m : Creating shared instance of singleton bean 'standardJacksonObjectMapperBuilderCustomizer'
17:36:30.278 &amp#27;[39mDEBUG&amp#27;[0;39m &amp#27;[35m2137&amp#27;[0;39m --- [ main ] &amp#27;[36mo.s.b.f.s.DefaultListableBeanFactory&amp#27;[0;39m : Creating shared instance of singleton bean 'org.springframework.boot.autoconfigure.jackson.JacksonAutoConfiguration$Jackson2ObjectMapperBuilderCustomizerConfiguration'
17:36:30.279 &amp#27;[39mDEBUG&amp#27;[0;39m &amp#27;[35m2138&amp#27;[0;39m --- [ main ] &amp#27;[36mo.s.b.f.s.DefaultListableBeanFactory&amp#27;[0;39m : Creating shared instance of singleton bean 'spring.jackson-org.springframework.boot.autoconfigure.jackson.JacksonProperties'
17:36:30.285 &amp#27;[39mDEBUG&amp#27;[0;39m &amp#27;[35m2144&amp#27;[0;39m --- [ main ] &amp#27;[36mo.s.b.f.s.DefaultListableBeanFactory&amp#27;[0;39m : Autowiring by type from bean name 'standardJacksonObjectMapperBuilderCustomizer' via factory method to bean named 'spring.jackson-org.springframework.boot.autoconfigure.jackson.JacksonProperties'
17:36:30.286 &amp#27;[39mDEBUG&amp#27;[0;39m &amp#27;[35m2145&amp#27;[0;39m --- [ main ] &amp#27;[36mo.s.b.f.s.DefaultListableBeanFactory&amp#27;[0;39m : Creating shared instance of singleton bean 'parameterNamesModule'
17:36:30.286 &amp#27;[39mDEBUG&amp#27;[0;39m &amp#27;[35m2145&amp#27;[0;39m --- [ main ] &amp#27;[36mo.s.b.f.s.DefaultListableBeanFactory&amp#27;[0;39m : Creating shared instance of singleton bean 'org.springframework.boot.autoconfigure.jackson.JacksonAutoConfiguration$ParameterNamesModuleConfiguration'
17:36:30.292 &amp#27;[39mDEBUG&amp#27;[0;39m &amp#27;[35m2151&amp#27;[0;39m --- [ main ] &amp#27;[36mo.s.b.f.s.DefaultListableBeanFactory&amp#27;[0;39m : Creating shared instance of singleton bean 'jsonMixinModule'
17:36:30.292 &amp#27;[39mDEBUG&amp#27;[0;39m &amp#27;[35m2151&amp#27;[0;39m --- [ main ] &amp#27;[36mo.s.b.f.s.DefaultListableBeanFactory&amp#27;[0;39m : Creating shared instance of singleton bean 'org.springframework.boot.autoconfigure.jackson.JacksonAutoConfiguration$JacksonMixinConfiguration'
17:36:30.293 &amp#27;[39mDEBUG&amp#27;[0;39m &amp#27;[35m2152&amp#27;[0;39m --- [ main ] &amp#27;[36mo.s.b.f.s.DefaultListableBeanFactory&amp#27;[0;39m : Creating shared instance of singleton bean 'jsonMixinModuleEntries'
17:36:30.294 &amp#27;[39mDEBUG&amp#27;[0;39m &amp#27;[35m2153&amp#27;[0;39m --- [ main ] &amp#27;[36mo.s.b.f.s.DefaultListableBeanFactory&amp#27;[0;39m : Autowiring by type from bean name 'jsonMixinModuleEntries' via factory method to bean named 'org.springframework.web.context.support.GenericWebApplicationContext@41477a6d'
17:36:30.299 &amp#27;[39mDEBUG&amp#27;[0;39m &amp#27;[35m2158&amp#27;[0;39m --- [ main ] &amp#27;[36mo.s.b.f.s.DefaultListableBeanFactory&amp#27;[0;39m : Autowiring by type from bean name 'jsonMixinModule' via factory method to bean named 'org.springframework.web.context.support.GenericWebApplicationContext@41477a6d'
17:36:30.299 &amp#27;[39mDEBUG&amp#27;[0;39m &amp#27;[35m2158&amp#27;[0;39m --- [ main ] &amp#27;[36mo.s.b.f.s.DefaultListableBeanFactory&amp#27;[0;39m : Autowiring by type from bean name 'jsonMixinModule' via factory method to bean named 'jsonMixinModuleEntries'
17:36:30.302 &amp#27;[39mDEBUG&amp#27;[0;39m &amp#27;[35m2161&amp#27;[0;39m --- [ main ] &amp#27;[36mo.s.b.f.s.DefaultListableBeanFactory&amp#27;[0;39m : Creating shared instance of singleton bean 'jsonComponentModule'
17:36:30.302 &amp#27;[39mDEBUG&amp#27;[0;39m &amp#27;[35m2161&amp#27;[0;39m --- [ main ] &amp#27;[36mo.s.b.f.s.DefaultListableBeanFactory&amp#27;[0;39m : Creating shared instance of singleton bean 'org.springframework.boot.autoconfigure.jackson.JacksonAutoConfiguration'
17:36:30.309 &amp#27;[39mDEBUG&amp#27;[0;39m &amp#27;[35m2168&amp#27;[0;39m --- [ main ] &amp#27;[36mo.s.b.f.s.DefaultListableBeanFactory&amp#27;[0;39m : Autowiring by type from bean name 'jacksonObjectMapperBuilder' via factory method to bean named 'org.springframework.web.context.support.GenericWebApplicationContext@41477a6d'
17:36:30.309 &amp#27;[39mDEBUG&amp#27;[0;39m &amp#27;[35m2168&amp#27;[0;39m --- [ main ] &amp#27;[36mo.s.b.f.s.DefaultListableBeanFactory&amp#27;[0;39m : Autowiring by type from bean name 'jacksonObjectMapperBuilder' via factory method to bean named 'standardJacksonObjectMapperBuilderCustomizer'
17:36:30.312 &amp#27;[39mDEBUG&amp#27;[0;39m &amp#27;[35m2171&amp#27;[0;39m --- [ main ] &amp#27;[36mo.s.b.f.s.DefaultListableBeanFactory&amp#27;[0;39m : Autowiring by type from bean name 'jacksonObjectMapper' via factory method to bean named 'jacksonObjectMapperBuilder'
17:36:30.327 &amp#27;[39mDEBUG&amp#27;[0;39m &amp#27;[35m2186&amp#27;[0;39m --- [ main ] &amp#27;[36mo.s.b.f.s.DefaultListableBeanFactory&amp#27;[0;39m : Autowiring by type from bean name 'mappingJackson2HttpMessageConverter' via factory method to bean named 'jacksonObjectMapper'
17:36:30.340 &amp#27;[39mDEBUG&amp#27;[0;39m &amp#27;[35m2199&amp#27;[0;39m --- [ main ] &amp#27;[36mo.s.b.f.s.DefaultListableBeanFactory&amp#27;[0;39m : Creating shared instance of singleton bean 'resourceHandlerMapping'
17:36:30.341 &amp#27;[39mDEBUG&amp#27;[0;39m &amp#27;[35m2200&amp#27;[0;39m --- [ main ] &amp#27;[36mo.s.b.f.s.DefaultListableBeanFactory&amp#27;[0;39m : Autowiring by type from bean name 'resourceHandlerMapping' via factory method to bean named 'mvcContentNegotiationManager'
17:36:30.341 &amp#27;[39mDEBUG&amp#27;[0;39m &amp#27;[35m2200&amp#27;[0;39m --- [ main ] &amp#27;[36mo.s.b.f.s.DefaultListableBeanFactory&amp#27;[0;39m : Autowiring by type from bean name 'resourceHandlerMapping' via factory method to bean named 'mvcConversionService'
17:36:30.341 &amp#27;[39mDEBUG&amp#27;[0;39m &amp#27;[35m2200&amp#27;[0;39m --- [ main ] &amp#27;[36mo.s.b.f.s.DefaultListableBeanFactory&amp#27;[0;39m : Autowiring by type from bean name 'resourceHandlerMapping' via factory method to bean named 'mvcResourceUrlProvider'
17:36:30.399 &amp#27;[39mDEBUG&amp#27;[0;39m &amp#27;[35m2258&amp#27;[0;39m --- [ main ] &amp#27;[36mo.s.w.s.handler.SimpleUrlHandlerMapping&amp#27;[0;39m : Patterns [/webjars/**, /**] in 'resourceHandlerMapping'
17:36:30.401 &amp#27;[39mDEBUG&amp#27;[0;39m &amp#27;[35m2260&amp#27;[0;39m --- [ main ] &amp#27;[36mo.s.b.f.s.DefaultListableBeanFactory&amp#27;[0;39m : Creating shared instance of singleton bean 'defaultServletHandlerMapping'
17:36:30.401 &amp#27;[39mDEBUG&amp#27;[0;39m &amp#27;[35m2260&amp#27;[0;39m --- [ main ] &amp#27;[36mo.s.b.f.s.DefaultListableBeanFactory&amp#27;[0;39m : Creating shared instance of singleton bean 'requestMappingHandlerAdapter'
17:36:30.402 &amp#27;[39mDEBUG&amp#27;[0;39m &amp#27;[35m2261&amp#27;[0;39m --- [ main ] &amp#27;[36mo.s.b.f.s.DefaultListableBeanFactory&amp#27;[0;39m : Autowiring by type from bean name 'requestMappingHandlerAdapter' via factory method to bean named 'mvcContentNegotiationManager'
17:36:30.402 &amp#27;[39mDEBUG&amp#27;[0;39m &amp#27;[35m2261&amp#27;[0;39m --- [ main ] &amp#27;[36mo.s.b.f.s.DefaultListableBeanFactory&amp#27;[0;39m : Autowiring by type from bean name 'requestMappingHandlerAdapter' via factory method to bean named 'mvcConversionService'
17:36:30.402 &amp#27;[39mDEBUG&amp#27;[0;39m &amp#27;[35m2261&amp#27;[0;39m --- [ main ] &amp#27;[36mo.s.b.f.s.DefaultListableBeanFactory&amp#27;[0;39m : Autowiring by type from bean name 'requestMappingHandlerAdapter' via factory method to bean named 'mvcValidator'
17:36:30.415 &amp#27;[39mDEBUG&amp#27;[0;39m &amp#27;[35m2274&amp#27;[0;39m --- [ main ] &amp#27;[36mo.s.b.f.s.DefaultListableBeanFactory&amp#27;[0;39m : Creating shared instance of singleton bean 'applicationTaskExecutor'
17:36:30.416 &amp#27;[39mDEBUG&amp#27;[0;39m &amp#27;[35m2275&amp#27;[0;39m --- [ main ] &amp#27;[36mo.s.b.f.s.DefaultListableBeanFactory&amp#27;[0;39m : Autowiring by type from bean name 'applicationTaskExecutor' via factory method to bean named 'threadPoolTaskExecutorBuilder'
17:36:30.422 &amp#27;[39mDEBUG&amp#27;[0;39m &amp#27;[35m2281&amp#27;[0;39m --- [ main ] &amp#27;[36mo.s.s.concurrent.ThreadPoolTaskExecutor&amp#27;[0;39m : Initializing ExecutorService 'applicationTaskExecutor'
17:36:30.438 &amp#27;[39mDEBUG&amp#27;[0;39m &amp#27;[35m2297&amp#27;[0;39m --- [ main ] &amp#27;[36mo.s.w.s.m.m.a.RequestMappingHandlerAdapter&amp#27;[0;39m : ControllerAdvice beans: 0 @ModelAttribute, 0 @InitBinder, 1 RequestBodyAdvice, 1 ResponseBodyAdvice
17:36:30.476 &amp#27;[39mDEBUG&amp#27;[0;39m &amp#27;[35m2335&amp#27;[0;39m --- [ main ] &amp#27;[36mo.s.b.f.s.DefaultListableBeanFactory&amp#27;[0;39m : Creating shared instance of singleton bean 'mvcViewResolver'
17:36:30.477 &amp#27;[39mDEBUG&amp#27;[0;39m &amp#27;[35m2336&amp#27;[0;39m --- [ main ] &amp#27;[36mo.s.b.f.s.DefaultListableBeanFactory&amp#27;[0;39m : Autowiring by type from bean name 'mvcViewResolver' via factory method to bean named 'mvcContentNegotiationManager'
17:36:30.481 &amp#27;[39mDEBUG&amp#27;[0;39m &amp#27;[35m2340&amp#27;[0;39m --- [ main ] &amp#27;[36mo.s.b.f.s.DefaultListableBeanFactory&amp#27;[0;39m : Creating shared instance of singleton bean 'defaultViewResolver'
17:36:30.490 &amp#27;[39mDEBUG&amp#27;[0;39m &amp#27;[35m2349&amp#27;[0;39m --- [ main ] &amp#27;[36mo.s.b.f.s.DefaultListableBeanFactory&amp#27;[0;39m : Creating shared instance of singleton bean 'viewResolver'
17:36:30.491 &amp#27;[39mDEBUG&amp#27;[0;39m &amp#27;[35m2350&amp#27;[0;39m --- [ main ] &amp#27;[36mo.s.b.f.s.DefaultListableBeanFactory&amp#27;[0;39m : Autowiring by type from bean name 'viewResolver' via factory method to bean named 'org.springframework.beans.factory.support.DefaultListableBeanFactory@5c645b43'
17:36:30.494 &amp#27;[39mDEBUG&amp#27;[0;39m &amp#27;[35m2353&amp#27;[0;39m --- [ main ] &amp#27;[36mo.s.b.f.s.DefaultListableBeanFactory&amp#27;[0;39m : Creating shared instance of singleton bean 'viewResolver'
17:36:30.496 &amp#27;[39mDEBUG&amp#27;[0;39m &amp#27;[35m2355&amp#27;[0;39m --- [ main ] &amp#27;[36mo.s.b.f.s.DefaultListableBeanFactory&amp#27;[0;39m : Creating shared instance of singleton bean 'thymeleafViewResolver'
17:36:30.496 &amp#27;[39mDEBUG&amp#27;[0;39m &amp#27;[35m2355&amp#27;[0;39m --- [ main ] &amp#27;[36mo.s.b.f.s.DefaultListableBeanFactory&amp#27;[0;39m : Creating shared instance of singleton bean 'org.springframework.boot.autoconfigure.thymeleaf.ThymeleafAutoConfiguration$ThymeleafWebMvcConfiguration$ThymeleafViewResolverConfiguration'
17:36:30.497 &amp#27;[39mDEBUG&amp#27;[0;39m &amp#27;[35m2356&amp#27;[0;39m --- [ main ] &amp#27;[36mo.s.b.f.s.DefaultListableBeanFactory&amp#27;[0;39m : Creating shared instance of singleton bean 'spring.thymeleaf-org.springframework.boot.autoconfigure.thymeleaf.ThymeleafProperties'
17:36:30.502 &amp#27;[39mDEBUG&amp#27;[0;39m &amp#27;[35m2361&amp#27;[0;39m --- [ main ] &amp#27;[36mo.s.b.f.s.DefaultListableBeanFactory&amp#27;[0;39m : Creating shared instance of singleton bean 'templateEngine'
17:36:30.503 &amp#27;[39mDEBUG&amp#27;[0;39m &amp#27;[35m2362&amp#27;[0;39m --- [ main ] &amp#27;[36mo.s.b.f.s.DefaultListableBeanFactory&amp#27;[0;39m : Creating shared instance of singleton bean 'org.springframework.boot.autoconfigure.thymeleaf.TemplateEngineConfigurations$DefaultTemplateEngineConfiguration'
17:36:30.504 &amp#27;[39mDEBUG&amp#27;[0;39m &amp#27;[35m2363&amp#27;[0;39m --- [ main ] &amp#27;[36mo.s.b.f.s.DefaultListableBeanFactory&amp#27;[0;39m : Autowiring by type from bean name 'templateEngine' via factory method to bean named 'spring.thymeleaf-org.springframework.boot.autoconfigure.thymeleaf.ThymeleafProperties'
17:36:30.522 &amp#27;[39mDEBUG&amp#27;[0;39m &amp#27;[35m2381&amp#27;[0;39m --- [ main ] &amp#27;[36mo.s.b.f.s.DefaultListableBeanFactory&amp#27;[0;39m : Creating shared instance of singleton bean 'defaultTemplateResolver'
17:36:30.522 &amp#27;[39mDEBUG&amp#27;[0;39m &amp#27;[35m2381&amp#27;[0;39m --- [ main ] &amp#27;[36mo.s.b.f.s.DefaultListableBeanFactory&amp#27;[0;39m : Creating shared instance of singleton bean 'org.springframework.boot.autoconfigure.thymeleaf.ThymeleafAutoConfiguration$DefaultTemplateResolverConfiguration'
17:36:30.522 &amp#27;[39mDEBUG&amp#27;[0;39m &amp#27;[35m2381&amp#27;[0;39m --- [ main ] &amp#27;[36mo.s.b.f.s.DefaultListableBeanFactory&amp#27;[0;39m : Autowiring by type from bean name 'org.springframework.boot.autoconfigure.thymeleaf.ThymeleafAutoConfiguration$DefaultTemplateResolverConfiguration' via constructor to bean named 'spring.thymeleaf-org.springframework.boot.autoconfigure.thymeleaf.ThymeleafProperties'
17:36:30.522 &amp#27;[39mDEBUG&amp#27;[0;39m &amp#27;[35m2381&amp#27;[0;39m --- [ main ] &amp#27;[36mo.s.b.f.s.DefaultListableBeanFactory&amp#27;[0;39m : Autowiring by type from bean name 'org.springframework.boot.autoconfigure.thymeleaf.ThymeleafAutoConfiguration$DefaultTemplateResolverConfiguration' via constructor to bean named 'org.springframework.web.context.support.GenericWebApplicationContext@41477a6d'
17:36:30.523 &amp#27;[31mWARN &amp#27;[0;39m &amp#27;[35m2382&amp#27;[0;39m --- [ main ] &amp#27;[36mo.s.b.a.t.ThymeleafAutoConfiguration$DefaultTemplateResolverConfiguration&amp#27;[0;39m : Cannot find template location: classpath:/templates/ (please add some templates, check your Thymeleaf configuration, or set spring.thymeleaf.check-template-location=false)
17:36:30.528 &amp#27;[39mDEBUG&amp#27;[0;39m &amp#27;[35m2387&amp#27;[0;39m --- [ main ] &amp#27;[36mo.s.b.f.s.DefaultListableBeanFactory&amp#27;[0;39m : Creating shared instance of singleton bean 'securityDialect'
17:36:30.528 &amp#27;[39mDEBUG&amp#27;[0;39m &amp#27;[35m2387&amp#27;[0;39m --- [ main ] &amp#27;[36mo.s.b.f.s.DefaultListableBeanFactory&amp#27;[0;39m : Creating shared instance of singleton bean 'org.springframework.boot.autoconfigure.thymeleaf.ThymeleafAutoConfiguration$ThymeleafSecurityDialectConfiguration'
17:36:30.536 &amp#27;[39mDEBUG&amp#27;[0;39m &amp#27;[35m2395&amp#27;[0;39m --- [ main ] &amp#27;[36mo.s.b.f.s.DefaultListableBeanFactory&amp#27;[0;39m : Autowiring by type from bean name 'thymeleafViewResolver' via factory method to bean named 'spring.thymeleaf-org.springframework.boot.autoconfigure.thymeleaf.ThymeleafProperties'
17:36:30.537 &amp#27;[39mDEBUG&amp#27;[0;39m &amp#27;[35m2396&amp#27;[0;39m --- [ main ] &amp#27;[36mo.s.b.f.s.DefaultListableBeanFactory&amp#27;[0;39m : Autowiring by type from bean name 'thymeleafViewResolver' via factory method to bean named 'templateEngine'
17:36:30.549 &amp#27;[39mDEBUG&amp#27;[0;39m &amp#27;[35m2408&amp#27;[0;39m --- [ main ] &amp#27;[36mo.s.b.f.s.DefaultListableBeanFactory&amp#27;[0;39m : Creating shared instance of singleton bean 'handlerFunctionAdapter'
17:36:30.552 &amp#27;[39mDEBUG&amp#27;[0;39m &amp#27;[35m2411&amp#27;[0;39m --- [ main ] &amp#27;[36mo.s.b.f.s.DefaultListableBeanFactory&amp#27;[0;39m : Creating shared instance of singleton bean 'mvcUriComponentsContributor'
17:36:30.553 &amp#27;[39mDEBUG&amp#27;[0;39m &amp#27;[35m2412&amp#27;[0;39m --- [ main ] &amp#27;[36mo.s.b.f.s.DefaultListableBeanFactory&amp#27;[0;39m : Autowiring by type from bean name 'mvcUriComponentsContributor' via factory method to bean named 'mvcConversionService'
17:36:30.553 &amp#27;[39mDEBUG&amp#27;[0;39m &amp#27;[35m2412&amp#27;[0;39m --- [ main ] &amp#27;[36mo.s.b.f.s.DefaultListableBeanFactory&amp#27;[0;39m : Autowiring by type from bean name 'mvcUriComponentsContributor' via factory method to bean named 'requestMappingHandlerAdapter'
17:36:30.555 &amp#27;[39mDEBUG&amp#27;[0;39m &amp#27;[35m2414&amp#27;[0;39m --- [ main ] &amp#27;[36mo.s.b.f.s.DefaultListableBeanFactory&amp#27;[0;39m : Creating shared instance of singleton bean 'httpRequestHandlerAdapter'
17:36:30.556 &amp#27;[39mDEBUG&amp#27;[0;39m &amp#27;[35m2415&amp#27;[0;39m --- [ main ] &amp#27;[36mo.s.b.f.s.DefaultListableBeanFactory&amp#27;[0;39m : Creating shared instance of singleton bean 'simpleControllerHandlerAdapter'
17:36:30.557 &amp#27;[39mDEBUG&amp#27;[0;39m &amp#27;[35m2416&amp#27;[0;39m --- [ main ] &amp#27;[36mo.s.b.f.s.DefaultListableBeanFactory&amp#27;[0;39m : Creating shared instance of singleton bean 'handlerExceptionResolver'
17:36:30.557 &amp#27;[39mDEBUG&amp#27;[0;39m &amp#27;[35m2416&amp#27;[0;39m --- [ main ] &amp#27;[36mo.s.b.f.s.DefaultListableBeanFactory&amp#27;[0;39m : Autowiring by type from bean name 'handlerExceptionResolver' via factory method to bean named 'mvcContentNegotiationManager'
17:36:30.560 &amp#27;[39mDEBUG&amp#27;[0;39m &amp#27;[35m2419&amp#27;[0;39m --- [ main ] &amp#27;[36mo.s.w.s.m.m.a.ExceptionHandlerExceptionResolver&amp#27;[0;39m : ControllerAdvice beans: 0 @ExceptionHandler, 1 ResponseBodyAdvice
17:36:30.564 &amp#27;[39mDEBUG&amp#27;[0;39m &amp#27;[35m2423&amp#27;[0;39m --- [ main ] &amp#27;[36mo.s.b.f.s.DefaultListableBeanFactory&amp#27;[0;39m : Creating shared instance of singleton bean 'requestContextFilter'
17:36:30.567 &amp#27;[39mDEBUG&amp#27;[0;39m &amp#27;[35m2426&amp#27;[0;39m --- [ main ] &amp#27;[36mo.s.b.f.s.DefaultListableBeanFactory&amp#27;[0;39m : Creating shared instance of singleton bean 'org.springframework.boot.autoconfigure.web.servlet.WebMvcAutoConfiguration'
17:36:30.568 &amp#27;[39mDEBUG&amp#27;[0;39m &amp#27;[35m2427&amp#27;[0;39m --- [ main ] &amp#27;[36mo.s.b.f.s.DefaultListableBeanFactory&amp#27;[0;39m : Creating shared instance of singleton bean 'formContentFilter'
17:36:30.569 &amp#27;[39mDEBUG&amp#27;[0;39m &amp#27;[35m2428&amp#27;[0;39m --- [ main ] &amp#27;[36mo.s.b.f.s.DefaultListableBeanFactory&amp#27;[0;39m : Creating shared instance of singleton bean 'org.mybatis.spring.boot.autoconfigure.MybatisLanguageDriverAutoConfiguration'
17:36:30.570 &amp#27;[39mDEBUG&amp#27;[0;39m &amp#27;[35m2429&amp#27;[0;39m --- [ main ] &amp#27;[36mo.s.b.f.s.DefaultListableBeanFactory&amp#27;[0;39m : Creating shared instance of singleton bean 'org.springframework.boot.autoconfigure.jdbc.DataSourceConfiguration$Hikari'
17:36:30.571 &amp#27;[39mDEBUG&amp#27;[0;39m &amp#27;[35m2430&amp#27;[0;39m --- [ main ] &amp#27;[36mo.s.b.f.s.DefaultListableBeanFactory&amp#27;[0;39m : Creating shared instance of singleton bean 'dataSource'
17:36:30.571 &amp#27;[39mDEBUG&amp#27;[0;39m &amp#27;[35m2430&amp#27;[0;39m --- [ main ] &amp#27;[36mo.s.b.f.s.DefaultListableBeanFactory&amp#27;[0;39m : Creating shared instance of singleton bean 'spring.datasource-org.springframework.boot.autoconfigure.jdbc.DataSourceProperties'
17:36:30.578 &amp#27;[39mDEBUG&amp#27;[0;39m &amp#27;[35m2437&amp#27;[0;39m --- [ main ] &amp#27;[36mo.s.b.f.s.DefaultListableBeanFactory&amp#27;[0;39m : Creating shared instance of singleton bean 'jdbcConnectionDetails'
17:36:30.578 &amp#27;[39mDEBUG&amp#27;[0;39m &amp#27;[35m2437&amp#27;[0;39m --- [ main ] &amp#27;[36mo.s.b.f.s.DefaultListableBeanFactory&amp#27;[0;39m : Creating shared instance of singleton bean 'org.springframework.boot.autoconfigure.jdbc.DataSourceAutoConfiguration$PooledDataSourceConfiguration'
17:36:30.579 &amp#27;[39mDEBUG&amp#27;[0;39m &amp#27;[35m2438&amp#27;[0;39m --- [ main ] &amp#27;[36mo.s.b.f.s.DefaultListableBeanFactory&amp#27;[0;39m : Autowiring by type from bean name 'jdbcConnectionDetails' via factory method to bean named 'spring.datasource-org.springframework.boot.autoconfigure.jdbc.DataSourceProperties'
17:36:30.580 &amp#27;[39mDEBUG&amp#27;[0;39m &amp#27;[35m2439&amp#27;[0;39m --- [ main ] &amp#27;[36mo.s.b.f.s.DefaultListableBeanFactory&amp#27;[0;39m : Autowiring by type from bean name 'dataSource' via factory method to bean named 'spring.datasource-org.springframework.boot.autoconfigure.jdbc.DataSourceProperties'
17:36:30.580 &amp#27;[39mDEBUG&amp#27;[0;39m &amp#27;[35m2439&amp#27;[0;39m --- [ main ] &amp#27;[36mo.s.b.f.s.DefaultListableBeanFactory&amp#27;[0;39m : Autowiring by type from bean name 'dataSource' via factory method to bean named 'jdbcConnectionDetails'
17:36:30.679 &amp#27;[39mDEBUG&amp#27;[0;39m &amp#27;[35m2538&amp#27;[0;39m --- [ main ] &amp#27;[36mo.s.b.f.s.DefaultListableBeanFactory&amp#27;[0;39m : Creating shared instance of singleton bean 'org.springframework.boot.autoconfigure.jdbc.metadata.DataSourcePoolMetadataProvidersConfiguration$HikariPoolDataSourceMetadataProviderConfiguration'
17:36:30.680 &amp#27;[39mDEBUG&amp#27;[0;39m &amp#27;[35m2539&amp#27;[0;39m --- [ main ] &amp#27;[36mo.s.b.f.s.DefaultListableBeanFactory&amp#27;[0;39m : Creating shared instance of singleton bean 'hikariPoolDataSourceMetadataProvider'
17:36:30.681 &amp#27;[39mDEBUG&amp#27;[0;39m &amp#27;[35m2540&amp#27;[0;39m --- [ main ] &amp#27;[36mo.s.b.f.s.DefaultListableBeanFactory&amp#27;[0;39m : Creating shared instance of singleton bean 'org.springframework.boot.autoconfigure.jdbc.metadata.DataSourcePoolMetadataProvidersConfiguration'
17:36:30.682 &amp#27;[39mDEBUG&amp#27;[0;39m &amp#27;[35m2541&amp#27;[0;39m --- [ main ] &amp#27;[36mo.s.b.f.s.DefaultListableBeanFactory&amp#27;[0;39m : Creating shared instance of singleton bean 'org.springframework.boot.autoconfigure.jdbc.DataSourceAutoConfiguration'
17:36:30.682 &amp#27;[39mDEBUG&amp#27;[0;39m &amp#27;[35m2541&amp#27;[0;39m --- [ main ] &amp#27;[36mo.s.b.f.s.DefaultListableBeanFactory&amp#27;[0;39m : Creating shared instance of singleton bean 'org.mybatis.spring.boot.autoconfigure.MybatisAutoConfiguration$MapperScannerRegistrarNotFoundConfiguration'
17:36:30.683 &amp#27;[39mDEBUG&amp#27;[0;39m &amp#27;[35m2542&amp#27;[0;39m --- [ main ] &amp#27;[36mo.s.b.f.s.DefaultListableBeanFactory&amp#27;[0;39m : Creating shared instance of singleton bean 'org.mybatis.spring.boot.autoconfigure.MybatisAutoConfiguration'
17:36:30.684 &amp#27;[39mDEBUG&amp#27;[0;39m &amp#27;[35m2543&amp#27;[0;39m --- [ main ] &amp#27;[36mo.s.b.f.s.DefaultListableBeanFactory&amp#27;[0;39m : Creating shared instance of singleton bean 'mybatis-org.mybatis.spring.boot.autoconfigure.MybatisProperties'
17:36:30.689 &amp#27;[39mDEBUG&amp#27;[0;39m &amp#27;[35m2548&amp#27;[0;39m --- [ main ] &amp#27;[36mo.s.b.f.s.DefaultListableBeanFactory&amp#27;[0;39m : Autowiring by type from bean name 'org.mybatis.spring.boot.autoconfigure.MybatisAutoConfiguration' via constructor to bean named 'mybatis-org.mybatis.spring.boot.autoconfigure.MybatisProperties'
17:36:30.689 &amp#27;[39mDEBUG&amp#27;[0;39m &amp#27;[35m2548&amp#27;[0;39m --- [ main ] &amp#27;[36mo.s.b.f.s.DefaultListableBeanFactory&amp#27;[0;39m : Autowiring by type from bean name 'org.mybatis.spring.boot.autoconfigure.MybatisAutoConfiguration' via constructor to bean named 'org.springframework.web.context.support.GenericWebApplicationContext@41477a6d'
17:36:30.693 &amp#27;[39mDEBUG&amp#27;[0;39m &amp#27;[35m2552&amp#27;[0;39m --- [ main ] &amp#27;[36mo.s.b.f.s.DefaultListableBeanFactory&amp#27;[0;39m : Creating shared instance of singleton bean 'sqlSessionFactory'
17:36:30.693 &amp#27;[39mDEBUG&amp#27;[0;39m &amp#27;[35m2552&amp#27;[0;39m --- [ main ] &amp#27;[36mo.s.b.f.s.DefaultListableBeanFactory&amp#27;[0;39m : Autowiring by type from bean name 'sqlSessionFactory' via factory method to bean named 'dataSource'
17:36:30.767 &amp#27;[39mDEBUG&amp#27;[0;39m &amp#27;[35m2626&amp#27;[0;39m --- [ main ] &amp#27;[36mo.s.b.f.s.DefaultListableBeanFactory&amp#27;[0;39m : Creating shared instance of singleton bean 'dataSourceScriptDatabaseInitializer'
17:36:30.768 &amp#27;[39mDEBUG&amp#27;[0;39m &amp#27;[35m2627&amp#27;[0;39m --- [ main ] &amp#27;[36mo.s.b.f.s.DefaultListableBeanFactory&amp#27;[0;39m : Creating shared instance of singleton bean 'org.springframework.boot.autoconfigure.sql.init.DataSourceInitializationConfiguration'
17:36:30.769 &amp#27;[39mDEBUG&amp#27;[0;39m &amp#27;[35m2628&amp#27;[0;39m --- [ main ] &amp#27;[36mo.s.b.f.s.DefaultListableBeanFactory&amp#27;[0;39m : Creating shared instance of singleton bean 'spring.sql.init-org.springframework.boot.autoconfigure.sql.init.SqlInitializationProperties'
17:36:30.771 &amp#27;[39mDEBUG&amp#27;[0;39m &amp#27;[35m2630&amp#27;[0;39m --- [ main ] &amp#27;[36mo.s.b.f.s.DefaultListableBeanFactory&amp#27;[0;39m : Autowiring by type from bean name 'dataSourceScriptDatabaseInitializer' via factory method to bean named 'dataSource'
17:36:30.771 &amp#27;[39mDEBUG&amp#27;[0;39m &amp#27;[35m2630&amp#27;[0;39m --- [ main ] &amp#27;[36mo.s.b.f.s.DefaultListableBeanFactory&amp#27;[0;39m : Autowiring by type from bean name 'dataSourceScriptDatabaseInitializer' via factory method to bean named 'spring.sql.init-org.springframework.boot.autoconfigure.sql.init.SqlInitializationProperties'
17:36:30.777 &amp#27;[39mDEBUG&amp#27;[0;39m &amp#27;[35m2636&amp#27;[0;39m --- [ main ] &amp#27;[36mo.s.b.f.s.DefaultListableBeanFactory&amp#27;[0;39m : Creating shared instance of singleton bean 'sqlSessionTemplate'
17:36:30.777 &amp#27;[39mDEBUG&amp#27;[0;39m &amp#27;[35m2636&amp#27;[0;39m --- [ main ] &amp#27;[36mo.s.b.f.s.DefaultListableBeanFactory&amp#27;[0;39m : Autowiring by type from bean name 'sqlSessionTemplate' via factory method to bean named 'sqlSessionFactory'
17:36:30.782 &amp#27;[39mDEBUG&amp#27;[0;39m &amp#27;[35m2641&amp#27;[0;39m --- [ main ] &amp#27;[36mo.s.b.f.s.DefaultListableBeanFactory&amp#27;[0;39m : Creating shared instance of singleton bean 'org.springframework.boot.autoconfigure.aop.AopAutoConfiguration$ClassProxyingConfiguration'
17:36:30.783 &amp#27;[39mDEBUG&amp#27;[0;39m &amp#27;[35m2642&amp#27;[0;39m --- [ main ] &amp#27;[36mo.s.b.f.s.DefaultListableBeanFactory&amp#27;[0;39m : Creating shared instance of singleton bean 'org.springframework.boot.autoconfigure.aop.AopAutoConfiguration'
17:36:30.783 &amp#27;[39mDEBUG&amp#27;[0;39m &amp#27;[35m2642&amp#27;[0;39m --- [ main ] &amp#27;[36mo.s.b.f.s.DefaultListableBeanFactory&amp#27;[0;39m : Creating shared instance of singleton bean 'org.springframework.boot.autoconfigure.availability.ApplicationAvailabilityAutoConfiguration'
17:36:30.784 &amp#27;[39mDEBUG&amp#27;[0;39m &amp#27;[35m2643&amp#27;[0;39m --- [ main ] &amp#27;[36mo.s.b.f.s.DefaultListableBeanFactory&amp#27;[0;39m : Creating shared instance of singleton bean 'applicationAvailability'
17:36:30.786 &amp#27;[39mDEBUG&amp#27;[0;39m &amp#27;[35m2645&amp#27;[0;39m --- [ main ] &amp#27;[36mo.s.b.f.s.DefaultListableBeanFactory&amp#27;[0;39m : Creating shared instance of singleton bean 'org.springframework.boot.autoconfigure.transaction.TransactionManagerCustomizationAutoConfiguration'
17:36:30.786 &amp#27;[39mDEBUG&amp#27;[0;39m &amp#27;[35m2645&amp#27;[0;39m --- [ main ] &amp#27;[36mo.s.b.f.s.DefaultListableBeanFactory&amp#27;[0;39m : Creating shared instance of singleton bean 'platformTransactionManagerCustomizers'
17:36:30.787 &amp#27;[39mDEBUG&amp#27;[0;39m &amp#27;[35m2646&amp#27;[0;39m --- [ main ] &amp#27;[36mo.s.b.f.s.DefaultListableBeanFactory&amp#27;[0;39m : Creating shared instance of singleton bean 'transactionExecutionListeners'
17:36:30.789 &amp#27;[39mDEBUG&amp#27;[0;39m &amp#27;[35m2648&amp#27;[0;39m --- [ main ] &amp#27;[36mo.s.b.f.s.DefaultListableBeanFactory&amp#27;[0;39m : Creating shared instance of singleton bean 'spring.transaction-org.springframework.boot.autoconfigure.transaction.TransactionProperties'
17:36:30.792 &amp#27;[39mDEBUG&amp#27;[0;39m &amp#27;[35m2651&amp#27;[0;39m --- [ main ] &amp#27;[36mo.s.b.f.s.DefaultListableBeanFactory&amp#27;[0;39m : Creating shared instance of singleton bean 'org.springframework.boot.autoconfigure.context.ConfigurationPropertiesAutoConfiguration'
17:36:30.793 &amp#27;[39mDEBUG&amp#27;[0;39m &amp#27;[35m2652&amp#27;[0;39m --- [ main ] &amp#27;[36mo.s.b.f.s.DefaultListableBeanFactory&amp#27;[0;39m : Creating shared instance of singleton bean 'org.springframework.boot.autoconfigure.context.LifecycleAutoConfiguration'
17:36:30.793 &amp#27;[39mDEBUG&amp#27;[0;39m &amp#27;[35m2652&amp#27;[0;39m --- [ main ] &amp#27;[36mo.s.b.f.s.DefaultListableBeanFactory&amp#27;[0;39m : Creating shared instance of singleton bean 'lifecycleProcessor'
17:36:30.794 &amp#27;[39mDEBUG&amp#27;[0;39m &amp#27;[35m2653&amp#27;[0;39m --- [ main ] &amp#27;[36mo.s.b.f.s.DefaultListableBeanFactory&amp#27;[0;39m : Creating shared instance of singleton bean 'spring.lifecycle-org.springframework.boot.autoconfigure.context.LifecycleProperties'
17:36:30.795 &amp#27;[39mDEBUG&amp#27;[0;39m &amp#27;[35m2654&amp#27;[0;39m --- [ main ] &amp#27;[36mo.s.b.f.s.DefaultListableBeanFactory&amp#27;[0;39m : Autowiring by type from bean name 'lifecycleProcessor' via factory method to bean named 'spring.lifecycle-org.springframework.boot.autoconfigure.context.LifecycleProperties'
17:36:30.797 &amp#27;[39mDEBUG&amp#27;[0;39m &amp#27;[35m2656&amp#27;[0;39m --- [ main ] &amp#27;[36mo.s.b.f.s.DefaultListableBeanFactory&amp#27;[0;39m : Creating shared instance of singleton bean 'org.springframework.boot.autoconfigure.dao.PersistenceExceptionTranslationAutoConfiguration'
17:36:30.797 &amp#27;[39mDEBUG&amp#27;[0;39m &amp#27;[35m2656&amp#27;[0;39m --- [ main ] &amp#27;[36mo.s.b.f.s.DefaultListableBeanFactory&amp#27;[0;39m : Creating shared instance of singleton bean 'org.springframework.boot.autoconfigure.http.JacksonHttpMessageConvertersConfiguration'
17:36:30.798 &amp#27;[39mDEBUG&amp#27;[0;39m &amp#27;[35m2657&amp#27;[0;39m --- [ main ] &amp#27;[36mo.s.b.f.s.DefaultListableBeanFactory&amp#27;[0;39m : Creating shared instance of singleton bean 'org.springframework.boot.autoconfigure.http.client.HttpClientAutoConfiguration'
17:36:30.798 &amp#27;[39mDEBUG&amp#27;[0;39m &amp#27;[35m2657&amp#27;[0;39m --- [ main ] &amp#27;[36mo.s.b.f.s.DefaultListableBeanFactory&amp#27;[0;39m : Creating shared instance of singleton bean 'clientHttpRequestFactoryBuilder'
17:36:30.798 &amp#27;[39mDEBUG&amp#27;[0;39m &amp#27;[35m2657&amp#27;[0;39m --- [ main ] &amp#27;[36mo.s.b.f.s.DefaultListableBeanFactory&amp#27;[0;39m : Creating shared instance of singleton bean 'spring.http.client-org.springframework.boot.autoconfigure.http.client.HttpClientProperties'
17:36:30.800 &amp#27;[39mDEBUG&amp#27;[0;39m &amp#27;[35m2659&amp#27;[0;39m --- [ main ] &amp#27;[36mo.s.b.f.s.DefaultListableBeanFactory&amp#27;[0;39m : Autowiring by type from bean name 'clientHttpRequestFactoryBuilder' via factory method to bean named 'spring.http.client-org.springframework.boot.autoconfigure.http.client.HttpClientProperties'
17:36:30.807 &amp#27;[39mDEBUG&amp#27;[0;39m &amp#27;[35m2666&amp#27;[0;39m --- [ main ] &amp#27;[36mo.s.b.f.s.DefaultListableBeanFactory&amp#27;[0;39m : Creating shared instance of singleton bean 'clientHttpRequestFactorySettings'
17:36:30.807 &amp#27;[39mDEBUG&amp#27;[0;39m &amp#27;[35m2666&amp#27;[0;39m --- [ main ] &amp#27;[36mo.s.b.f.s.DefaultListableBeanFactory&amp#27;[0;39m : Autowiring by type from bean name 'clientHttpRequestFactorySettings' via factory method to bean named 'spring.http.client-org.springframework.boot.autoconfigure.http.client.HttpClientProperties'
17:36:30.808 &amp#27;[39mDEBUG&amp#27;[0;39m &amp#27;[35m2667&amp#27;[0;39m --- [ main ] &amp#27;[36mo.s.b.f.s.DefaultListableBeanFactory&amp#27;[0;39m : Creating shared instance of singleton bean 'org.springframework.boot.autoconfigure.info.ProjectInfoAutoConfiguration'
17:36:30.810 &amp#27;[39mDEBUG&amp#27;[0;39m &amp#27;[35m2669&amp#27;[0;39m --- [ main ] &amp#27;[36mo.s.b.f.s.DefaultListableBeanFactory&amp#27;[0;39m : Creating shared instance of singleton bean 'spring.info-org.springframework.boot.autoconfigure.info.ProjectInfoProperties'
17:36:30.811 &amp#27;[39mDEBUG&amp#27;[0;39m &amp#27;[35m2670&amp#27;[0;39m --- [ main ] &amp#27;[36mo.s.b.f.s.DefaultListableBeanFactory&amp#27;[0;39m : Autowiring by type from bean name 'org.springframework.boot.autoconfigure.info.ProjectInfoAutoConfiguration' via constructor to bean named 'spring.info-org.springframework.boot.autoconfigure.info.ProjectInfoProperties'
17:36:30.812 &amp#27;[39mDEBUG&amp#27;[0;39m &amp#27;[35m2671&amp#27;[0;39m --- [ main ] &amp#27;[36mo.s.b.f.s.DefaultListableBeanFactory&amp#27;[0;39m : Creating shared instance of singleton bean 'org.springframework.boot.autoconfigure.jdbc.JdbcTemplateConfiguration'
17:36:30.812 &amp#27;[39mDEBUG&amp#27;[0;39m &amp#27;[35m2671&amp#27;[0;39m --- [ main ] &amp#27;[36mo.s.b.f.s.DefaultListableBeanFactory&amp#27;[0;39m : Creating shared instance of singleton bean 'jdbcTemplate'
17:36:30.812 &amp#27;[39mDEBUG&amp#27;[0;39m &amp#27;[35m2671&amp#27;[0;39m --- [ main ] &amp#27;[36mo.s.b.f.s.DefaultListableBeanFactory&amp#27;[0;39m : Creating shared instance of singleton bean 'spring.jdbc-org.springframework.boot.autoconfigure.jdbc.JdbcProperties'
17:36:30.813 &amp#27;[39mDEBUG&amp#27;[0;39m &amp#27;[35m2672&amp#27;[0;39m --- [ main ] &amp#27;[36mo.s.b.f.s.DefaultListableBeanFactory&amp#27;[0;39m : Autowiring by type from bean name 'jdbcTemplate' via factory method to bean named 'dataSource'
17:36:30.813 &amp#27;[39mDEBUG&amp#27;[0;39m &amp#27;[35m2672&amp#27;[0;39m --- [ main ] &amp#27;[36mo.s.b.f.s.DefaultListableBeanFactory&amp#27;[0;39m : Autowiring by type from bean name 'jdbcTemplate' via factory method to bean named 'spring.jdbc-org.springframework.boot.autoconfigure.jdbc.JdbcProperties'
17:36:30.822 &amp#27;[39mDEBUG&amp#27;[0;39m &amp#27;[35m2681&amp#27;[0;39m --- [ main ] &amp#27;[36mo.s.b.f.s.DefaultListableBeanFactory&amp#27;[0;39m : Creating shared instance of singleton bean 'org.springframework.boot.autoconfigure.jdbc.NamedParameterJdbcTemplateConfiguration'
17:36:30.822 &amp#27;[39mDEBUG&amp#27;[0;39m &amp#27;[35m2681&amp#27;[0;39m --- [ main ] &amp#27;[36mo.s.b.f.s.DefaultListableBeanFactory&amp#27;[0;39m : Creating shared instance of singleton bean 'namedParameterJdbcTemplate'
17:36:30.822 &amp#27;[39mDEBUG&amp#27;[0;39m &amp#27;[35m2681&amp#27;[0;39m --- [ main ] &amp#27;[36mo.s.b.f.s.DefaultListableBeanFactory&amp#27;[0;39m : Autowiring by type from bean name 'namedParameterJdbcTemplate' via factory method to bean named 'jdbcTemplate'
17:36:30.826 &amp#27;[39mDEBUG&amp#27;[0;39m &amp#27;[35m2685&amp#27;[0;39m --- [ main ] &amp#27;[36mo.s.b.f.s.DefaultListableBeanFactory&amp#27;[0;39m : Creating shared instance of singleton bean 'org.springframework.boot.autoconfigure.jdbc.JdbcTemplateAutoConfiguration'
17:36:30.827 &amp#27;[39mDEBUG&amp#27;[0;39m &amp#27;[35m2686&amp#27;[0;39m --- [ main ] &amp#27;[36mo.s.b.f.s.DefaultListableBeanFactory&amp#27;[0;39m : Creating shared instance of singleton bean 'org.springframework.boot.autoconfigure.jdbc.JdbcClientAutoConfiguration'
17:36:30.827 &amp#27;[39mDEBUG&amp#27;[0;39m &amp#27;[35m2686&amp#27;[0;39m --- [ main ] &amp#27;[36mo.s.b.f.s.DefaultListableBeanFactory&amp#27;[0;39m : Creating shared instance of singleton bean 'jdbcClient'
17:36:30.828 &amp#27;[39mDEBUG&amp#27;[0;39m &amp#27;[35m2687&amp#27;[0;39m --- [ main ] &amp#27;[36mo.s.b.f.s.DefaultListableBeanFactory&amp#27;[0;39m : Autowiring by type from bean name 'jdbcClient' via factory method to bean named 'namedParameterJdbcTemplate'
17:36:30.829 &amp#27;[39mDEBUG&amp#27;[0;39m &amp#27;[35m2688&amp#27;[0;39m --- [ main ] &amp#27;[36mo.s.b.f.s.DefaultListableBeanFactory&amp#27;[0;39m : Creating shared instance of singleton bean 'org.springframework.security.config.annotation.configuration.ObjectPostProcessorConfiguration'
17:36:30.829 &amp#27;[39mDEBUG&amp#27;[0;39m &amp#27;[35m2688&amp#27;[0;39m --- [ main ] &amp#27;[36mo.s.b.f.s.DefaultListableBeanFactory&amp#27;[0;39m : Creating shared instance of singleton bean 'objectPostProcessor'
17:36:30.830 &amp#27;[39mDEBUG&amp#27;[0;39m &amp#27;[35m2689&amp#27;[0;39m --- [ main ] &amp#27;[36mo.s.b.f.s.DefaultListableBeanFactory&amp#27;[0;39m : Autowiring by type from bean name 'objectPostProcessor' via factory method to bean named 'org.springframework.beans.factory.support.DefaultListableBeanFactory@5c645b43'
17:36:30.831 &amp#27;[39mDEBUG&amp#27;[0;39m &amp#27;[35m2690&amp#27;[0;39m --- [ main ] &amp#27;[36mo.s.b.f.s.DefaultListableBeanFactory&amp#27;[0;39m : Creating shared instance of singleton bean 'org.springframework.security.config.annotation.authentication.configuration.AuthenticationConfiguration'
17:36:30.833 &amp#27;[39mDEBUG&amp#27;[0;39m &amp#27;[35m2692&amp#27;[0;39m --- [ main ] &amp#27;[36mo.s.b.f.s.DefaultListableBeanFactory&amp#27;[0;39m : Creating shared instance of singleton bean 'enableGlobalAuthenticationAutowiredConfigurer'
17:36:30.833 &amp#27;[39mDEBUG&amp#27;[0;39m &amp#27;[35m2692&amp#27;[0;39m --- [ main ] &amp#27;[36mo.s.b.f.s.DefaultListableBeanFactory&amp#27;[0;39m : Autowiring by type from bean name 'enableGlobalAuthenticationAutowiredConfigurer' via factory method to bean named 'org.springframework.web.context.support.GenericWebApplicationContext@41477a6d'
17:36:30.834 &amp#27;[39mDEBUG&amp#27;[0;39m &amp#27;[35m2693&amp#27;[0;39m --- [ main ] &amp#27;[36mo.s.b.f.s.DefaultListableBeanFactory&amp#27;[0;39m : Creating shared instance of singleton bean 'initializeUserDetailsBeanManagerConfigurer'
17:36:30.834 &amp#27;[39mDEBUG&amp#27;[0;39m &amp#27;[35m2693&amp#27;[0;39m --- [ main ] &amp#27;[36mo.s.b.f.s.DefaultListableBeanFactory&amp#27;[0;39m : Autowiring by type from bean name 'initializeUserDetailsBeanManagerConfigurer' via factory method to bean named 'org.springframework.web.context.support.GenericWebApplicationContext@41477a6d'
17:36:30.835 &amp#27;[39mDEBUG&amp#27;[0;39m &amp#27;[35m2694&amp#27;[0;39m --- [ main ] &amp#27;[36mo.s.b.f.s.DefaultListableBeanFactory&amp#27;[0;39m : Creating shared instance of singleton bean 'initializeAuthenticationProviderBeanManagerConfigurer'
17:36:30.835 &amp#27;[39mDEBUG&amp#27;[0;39m &amp#27;[35m2694&amp#27;[0;39m --- [ main ] &amp#27;[36mo.s.b.f.s.DefaultListableBeanFactory&amp#27;[0;39m : Autowiring by type from bean name 'initializeAuthenticationProviderBeanManagerConfigurer' via factory method to bean named 'org.springframework.web.context.support.GenericWebApplicationContext@41477a6d'
17:36:30.837 &amp#27;[39mDEBUG&amp#27;[0;39m &amp#27;[35m2696&amp#27;[0;39m --- [ main ] &amp#27;[36mo.s.b.f.s.DefaultListableBeanFactory&amp#27;[0;39m : Creating shared instance of singleton bean 'authenticationManagerBuilder'
17:36:30.837 &amp#27;[39mDEBUG&amp#27;[0;39m &amp#27;[35m2696&amp#27;[0;39m --- [ main ] &amp#27;[36mo.s.b.f.s.DefaultListableBeanFactory&amp#27;[0;39m : Autowiring by type from bean name 'authenticationManagerBuilder' via factory method to bean named 'objectPostProcessor'
17:36:30.837 &amp#27;[39mDEBUG&amp#27;[0;39m &amp#27;[35m2696&amp#27;[0;39m --- [ main ] &amp#27;[36mo.s.b.f.s.DefaultListableBeanFactory&amp#27;[0;39m : Autowiring by type from bean name 'authenticationManagerBuilder' via factory method to bean named 'org.springframework.web.context.support.GenericWebApplicationContext@41477a6d'
17:36:30.838 &amp#27;[39mDEBUG&amp#27;[0;39m &amp#27;[35m2697&amp#27;[0;39m --- [ main ] &amp#27;[36mo.s.b.f.s.DefaultListableBeanFactory&amp#27;[0;39m : Creating shared instance of singleton bean 'authenticationEventPublisher'
17:36:30.838 &amp#27;[39mDEBUG&amp#27;[0;39m &amp#27;[35m2697&amp#27;[0;39m --- [ main ] &amp#27;[36mo.s.b.f.s.DefaultListableBeanFactory&amp#27;[0;39m : Creating shared instance of singleton bean 'org.springframework.boot.autoconfigure.security.servlet.SecurityAutoConfiguration'
17:36:30.839 &amp#27;[39mDEBUG&amp#27;[0;39m &amp#27;[35m2698&amp#27;[0;39m --- [ main ] &amp#27;[36mo.s.b.f.s.DefaultListableBeanFactory&amp#27;[0;39m : Autowiring by type from bean name 'authenticationEventPublisher' via factory method to bean named 'org.springframework.web.context.support.GenericWebApplicationContext@41477a6d'
17:36:30.850 &amp#27;[39mDEBUG&amp#27;[0;39m &amp#27;[35m2709&amp#27;[0;39m --- [ main ] &amp#27;[36mo.s.b.f.s.DefaultListableBeanFactory&amp#27;[0;39m : Creating shared instance of singleton bean 'org.springframework.security.config.annotation.web.configuration.WebSecurityConfiguration'
17:36:30.853 &amp#27;[39mDEBUG&amp#27;[0;39m &amp#27;[35m2712&amp#27;[0;39m --- [ main ] &amp#27;[36mo.s.b.f.s.DefaultListableBeanFactory&amp#27;[0;39m : Creating shared instance of singleton bean 'org.springframework.security.config.annotation.web.configuration.HttpSecurityConfiguration'
17:36:30.859 &amp#27;[39mDEBUG&amp#27;[0;39m &amp#27;[35m2718&amp#27;[0;39m --- [ main ] &amp#27;[36mo.s.b.f.s.DefaultListableBeanFactory&amp#27;[0;39m : Creating shared instance of singleton bean 'org.springframework.boot.autoconfigure.security.servlet.SpringBootWebSecurityConfiguration$WebSecurityEnablerConfiguration'
17:36:30.861 &amp#27;[39mDEBUG&amp#27;[0;39m &amp#27;[35m2720&amp#27;[0;39m --- [ main ] &amp#27;[36mo.s.b.f.s.DefaultListableBeanFactory&amp#27;[0;39m : Creating shared instance of singleton bean 'inMemoryUserDetailsManager'
17:36:30.861 &amp#27;[39mDEBUG&amp#27;[0;39m &amp#27;[35m2720&amp#27;[0;39m --- [ main ] &amp#27;[36mo.s.b.f.s.DefaultListableBeanFactory&amp#27;[0;39m : Creating shared instance of singleton bean 'org.springframework.boot.autoconfigure.security.servlet.UserDetailsServiceAutoConfiguration'
17:36:30.862 &amp#27;[39mDEBUG&amp#27;[0;39m &amp#27;[35m2721&amp#27;[0;39m --- [ main ] &amp#27;[36mo.s.b.f.s.DefaultListableBeanFactory&amp#27;[0;39m : Creating shared instance of singleton bean 'spring.security-org.springframework.boot.autoconfigure.security.SecurityProperties'
17:36:30.863 &amp#27;[39mDEBUG&amp#27;[0;39m &amp#27;[35m2722&amp#27;[0;39m --- [ main ] &amp#27;[36mo.s.b.f.s.DefaultListableBeanFactory&amp#27;[0;39m : Autowiring by type from bean name 'inMemoryUserDetailsManager' via factory method to bean named 'spring.security-org.springframework.boot.autoconfigure.security.SecurityProperties'
17:36:30.866 &amp#27;[31mWARN &amp#27;[0;39m &amp#27;[35m2725&amp#27;[0;39m --- [ main ] &amp#27;[36mo.s.b.a.s.s.UserDetailsServiceAutoConfiguration&amp#27;[0;39m : 

Using generated security password: 533060f5-c57d-42e4-894e-ec65bd6b4858

This generated password is for development use only. Your security configuration must be updated before running your application in production.

17:36:30.908 &amp#27;[34mINFO &amp#27;[0;39m &amp#27;[35m2767&amp#27;[0;39m --- [ main ] &amp#27;[36mo.s.s.c.a.a.c.InitializeUserDetailsBeanManagerConfigurer$InitializeUserDetailsManagerConfigurer&amp#27;[0;39m : Global AuthenticationManager configured with UserDetailsService bean with name inMemoryUserDetailsManager
17:36:31.022 &amp#27;[39mDEBUG&amp#27;[0;39m &amp#27;[35m2881&amp#27;[0;39m --- [ main ] &amp#27;[36mo.s.b.f.s.DefaultListableBeanFactory&amp#27;[0;39m : Creating shared instance of singleton bean 'filterChainDecoratorPostProcessor'
17:36:31.024 &amp#27;[39mDEBUG&amp#27;[0;39m &amp#27;[35m2883&amp#27;[0;39m --- [ main ] &amp#27;[36mo.s.b.f.s.DefaultListableBeanFactory&amp#27;[0;39m : Creating shared instance of singleton bean 'mvcHandlerMappingIntrospectorRequestTransformer'
17:36:31.024 &amp#27;[39mDEBUG&amp#27;[0;39m &amp#27;[35m2883&amp#27;[0;39m --- [ main ] &amp#27;[36mo.s.b.f.s.DefaultListableBeanFactory&amp#27;[0;39m : Creating shared instance of singleton bean 'mvcHandlerMappingIntrospector'
17:36:31.033 &amp#27;[39mDEBUG&amp#27;[0;39m &amp#27;[35m2892&amp#27;[0;39m --- [ main ] &amp#27;[36mo.s.b.f.s.DefaultListableBeanFactory&amp#27;[0;39m : Creating shared instance of singleton bean 'defaultSecurityFilterChain'
17:36:31.033 &amp#27;[39mDEBUG&amp#27;[0;39m &amp#27;[35m2892&amp#27;[0;39m --- [ main ] &amp#27;[36mo.s.b.f.s.DefaultListableBeanFactory&amp#27;[0;39m : Creating shared instance of singleton bean 'org.springframework.boot.autoconfigure.security.servlet.SpringBootWebSecurityConfiguration$SecurityFilterChainConfiguration'
17:36:31.034 &amp#27;[39mDEBUG&amp#27;[0;39m &amp#27;[35m2893&amp#27;[0;39m --- [ main ] &amp#27;[36mo.s.b.f.s.DefaultListableBeanFactory&amp#27;[0;39m : Autowiring by type from bean name 'defaultSecurityFilterChain' via factory method to bean named 'org.springframework.security.config.annotation.web.configuration.HttpSecurityConfiguration.httpSecurity'
17:36:31.040 &amp#27;[39mDEBUG&amp#27;[0;39m &amp#27;[35m2899&amp#27;[0;39m --- [ main ] &amp#27;[36mo.s.b.f.s.DefaultListableBeanFactory&amp#27;[0;39m : Creating shared instance of singleton bean 'webAuthorizationManagerPostProcessor'
17:36:31.061 &amp#27;[39mDEBUG&amp#27;[0;39m &amp#27;[35m2920&amp#27;[0;39m --- [ main ] &amp#27;[36mo.s.b.f.s.DefaultListableBeanFactory&amp#27;[0;39m : Creating shared instance of singleton bean 'authenticationManagerPostProcessor'
17:36:31.085 &amp#27;[39mDEBUG&amp#27;[0;39m &amp#27;[35m2944&amp#27;[0;39m --- [ main ] &amp#27;[36mo.s.s.web.DefaultSecurityFilterChain&amp#27;[0;39m : Will secure any request with filters: DisableEncodeUrlFilter, WebAsyncManagerIntegrationFilter, SecurityContextHolderFilter, HeaderWriterFilter, CsrfFilter, LogoutFilter, UsernamePasswordAuthenticationFilter, DefaultResourcesFilter, DefaultLoginPageGeneratingFilter, DefaultLogoutPageGeneratingFilter, BasicAuthenticationFilter, RequestCacheAwareFilter, SecurityContextHolderAwareRequestFilter, AnonymousAuthenticationFilter, ExceptionTranslationFilter, AuthorizationFilter
17:36:31.087 &amp#27;[39mDEBUG&amp#27;[0;39m &amp#27;[35m2946&amp#27;[0;39m --- [ main ] &amp#27;[36mo.s.b.f.s.DefaultListableBeanFactory&amp#27;[0;39m : Creating shared instance of singleton bean 'delegatingApplicationListener'
17:36:31.088 &amp#27;[39mDEBUG&amp#27;[0;39m &amp#27;[35m2947&amp#27;[0;39m --- [ main ] &amp#27;[36mo.s.b.f.s.DefaultListableBeanFactory&amp#27;[0;39m : Creating shared instance of singleton bean 'springSecurityFilterChain'
17:36:31.103 &amp#27;[39mDEBUG&amp#27;[0;39m &amp#27;[35m2962&amp#27;[0;39m --- [ main ] &amp#27;[36mo.s.b.f.s.DefaultListableBeanFactory&amp#27;[0;39m : Creating shared instance of singleton bean 'webSecurityExpressionHandler'
17:36:31.104 &amp#27;[39mDEBUG&amp#27;[0;39m &amp#27;[35m2963&amp#27;[0;39m --- [ main ] &amp#27;[36mo.s.b.f.s.DefaultListableBeanFactory&amp#27;[0;39m : Creating shared instance of singleton bean 'privilegeEvaluator'
17:36:31.105 &amp#27;[39mDEBUG&amp#27;[0;39m &amp#27;[35m2964&amp#27;[0;39m --- [ main ] &amp#27;[36mo.s.b.f.s.DefaultListableBeanFactory&amp#27;[0;39m : Creating shared instance of singleton bean 'requestDataValueProcessor'
17:36:31.106 &amp#27;[39mDEBUG&amp#27;[0;39m &amp#27;[35m2965&amp#27;[0;39m --- [ main ] &amp#27;[36mo.s.b.f.s.DefaultListableBeanFactory&amp#27;[0;39m : Creating shared instance of singleton bean 'org.springframework.security.config.annotation.web.configuration.ObservationConfiguration'
17:36:31.107 &amp#27;[39mDEBUG&amp#27;[0;39m &amp#27;[35m2966&amp#27;[0;39m --- [ main ] &amp#27;[36mo.s.b.f.s.DefaultListableBeanFactory&amp#27;[0;39m : Creating shared instance of singleton bean 'org.springframework.boot.autoconfigure.security.servlet.SpringBootWebSecurityConfiguration'
17:36:31.107 &amp#27;[39mDEBUG&amp#27;[0;39m &amp#27;[35m2966&amp#27;[0;39m --- [ main ] &amp#27;[36mo.s.b.f.s.DefaultListableBeanFactory&amp#27;[0;39m : Creating shared instance of singleton bean 'org.springframework.boot.autoconfigure.security.servlet.SecurityFilterAutoConfiguration'
17:36:31.108 &amp#27;[39mDEBUG&amp#27;[0;39m &amp#27;[35m2967&amp#27;[0;39m --- [ main ] &amp#27;[36mo.s.b.f.s.DefaultListableBeanFactory&amp#27;[0;39m : Creating shared instance of singleton bean 'securityFilterChainRegistration'
17:36:31.108 &amp#27;[39mDEBUG&amp#27;[0;39m &amp#27;[35m2967&amp#27;[0;39m --- [ main ] &amp#27;[36mo.s.b.f.s.DefaultListableBeanFactory&amp#27;[0;39m : Autowiring by type from bean name 'securityFilterChainRegistration' via factory method to bean named 'spring.security-org.springframework.boot.autoconfigure.security.SecurityProperties'
17:36:31.116 &amp#27;[39mDEBUG&amp#27;[0;39m &amp#27;[35m2975&amp#27;[0;39m --- [ main ] &amp#27;[36mo.s.b.f.s.DefaultListableBeanFactory&amp#27;[0;39m : Creating shared instance of singleton bean 'org.springframework.boot.autoconfigure.sql.init.SqlInitializationAutoConfiguration'
17:36:31.118 &amp#27;[39mDEBUG&amp#27;[0;39m &amp#27;[35m2977&amp#27;[0;39m --- [ main ] &amp#27;[36mo.s.b.f.s.DefaultListableBeanFactory&amp#27;[0;39m : Creating shared instance of singleton bean 'org.springframework.boot.autoconfigure.task.TaskSchedulingConfigurations$ThreadPoolTaskSchedulerBuilderConfiguration'
17:36:31.119 &amp#27;[39mDEBUG&amp#27;[0;39m &amp#27;[35m2978&amp#27;[0;39m --- [ main ] &amp#27;[36mo.s.b.f.s.DefaultListableBeanFactory&amp#27;[0;39m : Creating shared instance of singleton bean 'threadPoolTaskSchedulerBuilder'
17:36:31.120 &amp#27;[39mDEBUG&amp#27;[0;39m &amp#27;[35m2979&amp#27;[0;39m --- [ main ] &amp#27;[36mo.s.b.f.s.DefaultListableBeanFactory&amp#27;[0;39m : Creating shared instance of singleton bean 'spring.task.scheduling-org.springframework.boot.autoconfigure.task.TaskSchedulingProperties'
17:36:31.122 &amp#27;[39mDEBUG&amp#27;[0;39m &amp#27;[35m2981&amp#27;[0;39m --- [ main ] &amp#27;[36mo.s.b.f.s.DefaultListableBeanFactory&amp#27;[0;39m : Autowiring by type from bean name 'threadPoolTaskSchedulerBuilder' via factory method to bean named 'spring.task.scheduling-org.springframework.boot.autoconfigure.task.TaskSchedulingProperties'
17:36:31.124 &amp#27;[39mDEBUG&amp#27;[0;39m &amp#27;[35m2983&amp#27;[0;39m --- [ main ] &amp#27;[36mo.s.b.f.s.DefaultListableBeanFactory&amp#27;[0;39m : Creating shared instance of singleton bean 'org.springframework.boot.autoconfigure.task.TaskSchedulingConfigurations$SimpleAsyncTaskSchedulerBuilderConfiguration'
17:36:31.126 &amp#27;[39mDEBUG&amp#27;[0;39m &amp#27;[35m2985&amp#27;[0;39m --- [ main ] &amp#27;[36mo.s.b.f.s.DefaultListableBeanFactory&amp#27;[0;39m : Autowiring by type from bean name 'org.springframework.boot.autoconfigure.task.TaskSchedulingConfigurations$SimpleAsyncTaskSchedulerBuilderConfiguration' via constructor to bean named 'spring.task.scheduling-org.springframework.boot.autoconfigure.task.TaskSchedulingProperties'
17:36:31.127 &amp#27;[39mDEBUG&amp#27;[0;39m &amp#27;[35m2986&amp#27;[0;39m --- [ main ] &amp#27;[36mo.s.b.f.s.DefaultListableBeanFactory&amp#27;[0;39m : Creating shared instance of singleton bean 'simpleAsyncTaskSchedulerBuilder'
17:36:31.130 &amp#27;[39mDEBUG&amp#27;[0;39m &amp#27;[35m2989&amp#27;[0;39m --- [ main ] &amp#27;[36mo.s.b.f.s.DefaultListableBeanFactory&amp#27;[0;39m : Creating shared instance of singleton bean 'org.springframework.boot.autoconfigure.task.TaskSchedulingAutoConfiguration'
17:36:31.132 &amp#27;[39mDEBUG&amp#27;[0;39m &amp#27;[35m2991&amp#27;[0;39m --- [ main ] &amp#27;[36mo.s.b.f.s.DefaultListableBeanFactory&amp#27;[0;39m : Creating shared instance of singleton bean 'org.springframework.boot.autoconfigure.thymeleaf.ThymeleafAutoConfiguration$ThymeleafWebMvcConfiguration'
17:36:31.134 &amp#27;[39mDEBUG&amp#27;[0;39m &amp#27;[35m2993&amp#27;[0;39m --- [ main ] &amp#27;[36mo.s.b.f.s.DefaultListableBeanFactory&amp#27;[0;39m : Creating shared instance of singleton bean 'org.springframework.boot.autoconfigure.thymeleaf.ThymeleafAutoConfiguration'
17:36:31.135 &amp#27;[39mDEBUG&amp#27;[0;39m &amp#27;[35m2994&amp#27;[0;39m --- [ main ] &amp#27;[36mo.s.b.f.s.DefaultListableBeanFactory&amp#27;[0;39m : Creating shared instance of singleton bean 'org.springframework.boot.autoconfigure.jdbc.DataSourceTransactionManagerAutoConfiguration$JdbcTransactionManagerConfiguration'
17:36:31.135 &amp#27;[39mDEBUG&amp#27;[0;39m &amp#27;[35m2994&amp#27;[0;39m --- [ main ] &amp#27;[36mo.s.b.f.s.DefaultListableBeanFactory&amp#27;[0;39m : Creating shared instance of singleton bean 'transactionManager'
17:36:31.136 &amp#27;[39mDEBUG&amp#27;[0;39m &amp#27;[35m2995&amp#27;[0;39m --- [ main ] &amp#27;[36mo.s.b.f.s.DefaultListableBeanFactory&amp#27;[0;39m : Autowiring by type from bean name 'transactionManager' via factory method to bean named 'environment'
17:36:31.136 &amp#27;[39mDEBUG&amp#27;[0;39m &amp#27;[35m2995&amp#27;[0;39m --- [ main ] &amp#27;[36mo.s.b.f.s.DefaultListableBeanFactory&amp#27;[0;39m : Autowiring by type from bean name 'transactionManager' via factory method to bean named 'dataSource'
17:36:31.143 &amp#27;[39mDEBUG&amp#27;[0;39m &amp#27;[35m3002&amp#27;[0;39m --- [ main ] &amp#27;[36mo.s.b.f.s.DefaultListableBeanFactory&amp#27;[0;39m : Creating shared instance of singleton bean 'org.springframework.boot.autoconfigure.jdbc.DataSourceTransactionManagerAutoConfiguration'
17:36:31.144 &amp#27;[39mDEBUG&amp#27;[0;39m &amp#27;[35m3003&amp#27;[0;39m --- [ main ] &amp#27;[36mo.s.b.f.s.DefaultListableBeanFactory&amp#27;[0;39m : Creating shared instance of singleton bean 'org.springframework.boot.autoconfigure.transaction.TransactionAutoConfiguration$EnableTransactionManagementConfiguration$CglibAutoProxyConfiguration'
17:36:31.144 &amp#27;[39mDEBUG&amp#27;[0;39m &amp#27;[35m3003&amp#27;[0;39m --- [ main ] &amp#27;[36mo.s.b.f.s.DefaultListableBeanFactory&amp#27;[0;39m : Creating shared instance of singleton bean 'org.springframework.boot.autoconfigure.transaction.TransactionAutoConfiguration$EnableTransactionManagementConfiguration'
17:36:31.145 &amp#27;[39mDEBUG&amp#27;[0;39m &amp#27;[35m3004&amp#27;[0;39m --- [ main ] &amp#27;[36mo.s.b.f.s.DefaultListableBeanFactory&amp#27;[0;39m : Creating shared instance of singleton bean 'org.springframework.boot.autoconfigure.transaction.TransactionAutoConfiguration$TransactionTemplateConfiguration'
17:36:31.145 &amp#27;[39mDEBUG&amp#27;[0;39m &amp#27;[35m3004&amp#27;[0;39m --- [ main ] &amp#27;[36mo.s.b.f.s.DefaultListableBeanFactory&amp#27;[0;39m : Creating shared instance of singleton bean 'transactionTemplate'
17:36:31.145 &amp#27;[39mDEBUG&amp#27;[0;39m &amp#27;[35m3004&amp#27;[0;39m --- [ main ] &amp#27;[36mo.s.b.f.s.DefaultListableBeanFactory&amp#27;[0;39m : Autowiring by type from bean name 'transactionTemplate' via factory method to bean named 'transactionManager'
17:36:31.148 &amp#27;[39mDEBUG&amp#27;[0;39m &amp#27;[35m3007&amp#27;[0;39m --- [ main ] &amp#27;[36mo.s.b.f.s.DefaultListableBeanFactory&amp#27;[0;39m : Creating shared instance of singleton bean 'org.springframework.boot.autoconfigure.transaction.TransactionAutoConfiguration'
17:36:31.151 &amp#27;[39mDEBUG&amp#27;[0;39m &amp#27;[35m3010&amp#27;[0;39m --- [ main ] &amp#27;[36mo.s.b.f.s.DefaultListableBeanFactory&amp#27;[0;39m : Creating shared instance of singleton bean 'org.springframework.boot.autoconfigure.web.client.RestClientAutoConfiguration'
17:36:31.151 &amp#27;[39mDEBUG&amp#27;[0;39m &amp#27;[35m3010&amp#27;[0;39m --- [ main ] &amp#27;[36mo.s.b.f.s.DefaultListableBeanFactory&amp#27;[0;39m : Creating shared instance of singleton bean 'httpMessageConvertersRestClientCustomizer'
17:36:31.152 &amp#27;[39mDEBUG&amp#27;[0;39m &amp#27;[35m3011&amp#27;[0;39m --- [ main ] &amp#27;[36mo.s.b.f.s.DefaultListableBeanFactory&amp#27;[0;39m : Creating shared instance of singleton bean 'restClientSsl'
17:36:31.152 &amp#27;[39mDEBUG&amp#27;[0;39m &amp#27;[35m3011&amp#27;[0;39m --- [ main ] &amp#27;[36mo.s.b.f.s.DefaultListableBeanFactory&amp#27;[0;39m : Autowiring by type from bean name 'restClientSsl' via factory method to bean named 'sslBundleRegistry'
17:36:31.154 &amp#27;[39mDEBUG&amp#27;[0;39m &amp#27;[35m3013&amp#27;[0;39m --- [ main ] &amp#27;[36mo.s.b.f.s.DefaultListableBeanFactory&amp#27;[0;39m : Creating shared instance of singleton bean 'restClientBuilderConfigurer'
17:36:31.156 &amp#27;[39mDEBUG&amp#27;[0;39m &amp#27;[35m3015&amp#27;[0;39m --- [ main ] &amp#27;[36mo.s.b.f.s.DefaultListableBeanFactory&amp#27;[0;39m : Creating shared instance of singleton bean 'org.springframework.boot.autoconfigure.web.client.RestTemplateAutoConfiguration'
17:36:31.157 &amp#27;[39mDEBUG&amp#27;[0;39m &amp#27;[35m3016&amp#27;[0;39m --- [ main ] &amp#27;[36mo.s.b.f.s.DefaultListableBeanFactory&amp#27;[0;39m : Creating shared instance of singleton bean 'characterEncodingFilter'
17:36:31.159 &amp#27;[39mDEBUG&amp#27;[0;39m &amp#27;[35m3018&amp#27;[0;39m --- [ main ] &amp#27;[36mo.s.b.f.s.DefaultListableBeanFactory&amp#27;[0;39m : Creating shared instance of singleton bean 'multipartResolver'
17:36:31.175 &amp#27;[39mDEBUG&amp#27;[0;39m &amp#27;[35m3034&amp#27;[0;39m --- [ main ] &amp#27;[36mo.s.c.support.DefaultLifecycleProcessor&amp#27;[0;39m : Starting beans in phase -2147483647
17:36:31.175 &amp#27;[39mDEBUG&amp#27;[0;39m &amp#27;[35m3034&amp#27;[0;39m --- [ main ] &amp#27;[36mo.s.c.support.DefaultLifecycleProcessor&amp#27;[0;39m : Successfully started bean 'springBootLoggingLifecycle'
17:36:31.175 &amp#27;[39mDEBUG&amp#27;[0;39m &amp#27;[35m3034&amp#27;[0;39m --- [ main ] &amp#27;[36mo.s.c.support.DefaultLifecycleProcessor&amp#27;[0;39m : Starting beans in phase 1073741823
17:36:31.197 &amp#27;[39mDEBUG&amp#27;[0;39m &amp#27;[35m3056&amp#27;[0;39m --- [ main ] &amp#27;[36mo.s.b.a.l.ConditionEvaluationReportLogger&amp#27;[0;39m : 


============================
CONDITIONS EVALUATION REPORT
============================


Positive matches:
-----------------

   AopAutoConfiguration matched:
      - @ConditionalOnProperty (spring.aop.auto=true) matched (OnPropertyCondition)

   AopAutoConfiguration.ClassProxyingConfiguration matched:
      - @ConditionalOnMissingClass did not find unwanted class 'org.aspectj.weaver.Advice' (OnClassCondition)
      - @ConditionalOnProperty (spring.aop.proxy-target-class=true) matched (OnPropertyCondition)

   ApplicationAvailabilityAutoConfiguration#applicationAvailability matched:
      - @ConditionalOnMissingBean (types: org.springframework.boot.availability.ApplicationAvailability; SearchStrategy: all) did not find any beans (OnBeanCondition)

   DataSourceAutoConfiguration matched:
      - @ConditionalOnClass found required classes 'javax.sql.DataSource', 'org.springframework.jdbc.datasource.embedded.EmbeddedDatabaseType' (OnClassCondition)
      - @ConditionalOnMissingBean (types: io.r2dbc.spi.ConnectionFactory; SearchStrategy: all) did not find any beans (OnBeanCondition)

   DataSourceAutoConfiguration.PooledDataSourceConfiguration matched:
      - AnyNestedCondition 1 matched 1 did not; NestedCondition on DataSourceAutoConfiguration.PooledDataSourceCondition.PooledDataSourceAvailable PooledDataSource found supported DataSource; NestedCondition on DataSourceAutoConfiguration.PooledDataSourceCondition.ExplicitType @ConditionalOnProperty (spring.datasource.type) did not find property 'type' (DataSourceAutoConfiguration.PooledDataSourceCondition)
      - @ConditionalOnMissingBean (types: javax.sql.DataSource,javax.sql.XADataSource; SearchStrategy: all) did not find any beans (OnBeanCondition)

   DataSourceAutoConfiguration.PooledDataSourceConfiguration#jdbcConnectionDetails matched:
      - @ConditionalOnMissingBean (types: org.springframework.boot.autoconfigure.jdbc.JdbcConnectionDetails; SearchStrategy: all) did not find any beans (OnBeanCondition)

   DataSourceConfiguration.Hikari matched:
      - @ConditionalOnClass found required class 'com.zaxxer.hikari.HikariDataSource' (OnClassCondition)
      - @ConditionalOnProperty (spring.datasource.type=com.zaxxer.hikari.HikariDataSource) matched (OnPropertyCondition)
      - @ConditionalOnMissingBean (types: javax.sql.DataSource; SearchStrategy: all) did not find any beans (OnBeanCondition)

   DataSourceInitializationConfiguration matched:
      - @ConditionalOnClass found required class 'org.springframework.jdbc.datasource.init.DatabasePopulator' (OnClassCondition)
      - @ConditionalOnSingleCandidate (types: javax.sql.DataSource; SearchStrategy: all) found a single bean 'dataSource'; @ConditionalOnMissingBean (types: org.springframework.boot.autoconfigure.sql.init.SqlDataSourceScriptDatabaseInitializer,org.springframework.boot.autoconfigure.sql.init.SqlR2dbcScriptDatabaseInitializer; SearchStrategy: all) did not find any beans (OnBeanCondition)

   DataSourcePoolMetadataProvidersConfiguration.HikariPoolDataSourceMetadataProviderConfiguration matched:
      - @ConditionalOnClass found required class 'com.zaxxer.hikari.HikariDataSource' (OnClassCondition)

   DataSourceTransactionManagerAutoConfiguration matched:
      - @ConditionalOnClass found required classes 'javax.sql.DataSource', 'org.springframework.jdbc.core.JdbcTemplate', 'org.springframework.transaction.TransactionManager' (OnClassCondition)

   DataSourceTransactionManagerAutoConfiguration.JdbcTransactionManagerConfiguration matched:
      - @ConditionalOnSingleCandidate (types: javax.sql.DataSource; SearchStrategy: all) found a single bean 'dataSource' (OnBeanCondition)

   DataSourceTransactionManagerAutoConfiguration.JdbcTransactionManagerConfiguration#transactionManager matched:
      - @ConditionalOnMissingBean (types: org.springframework.transaction.TransactionManager; SearchStrategy: all) did not find any beans (OnBeanCondition)

   DispatcherServletAutoConfiguration matched:
      - @ConditionalOnClass found required class 'org.springframework.web.servlet.DispatcherServlet' (OnClassCondition)
      - found 'session' scope (OnWebApplicationCondition)

   DispatcherServletAutoConfiguration.DispatcherServletConfiguration matched:
      - @ConditionalOnClass found required class 'jakarta.servlet.ServletRegistration' (OnClassCondition)
      - Default DispatcherServlet did not find dispatcher servlet beans (DispatcherServletAutoConfiguration.DefaultDispatcherServletCondition)

   DispatcherServletAutoConfiguration.DispatcherServletRegistrationConfiguration matched:
      - @ConditionalOnClass found required class 'jakarta.servlet.ServletRegistration' (OnClassCondition)
      - DispatcherServlet Registration did not find servlet registration bean (DispatcherServletAutoConfiguration.DispatcherServletRegistrationCondition)

   DispatcherServletAutoConfiguration.DispatcherServletRegistrationConfiguration#dispatcherServletRegistration matched:
      - @ConditionalOnBean (names: dispatcherServlet types: org.springframework.web.servlet.DispatcherServlet; SearchStrategy: all) found bean 'dispatcherServlet' (OnBeanCondition)

   ErrorMvcAutoConfiguration matched:
      - @ConditionalOnClass found required classes 'jakarta.servlet.Servlet', 'org.springframework.web.servlet.DispatcherServlet' (OnClassCondition)
      - found 'session' scope (OnWebApplicationCondition)

   ErrorMvcAutoConfiguration#basicErrorController matched:
      - @ConditionalOnMissingBean (types: org.springframework.boot.web.servlet.error.ErrorController; SearchStrategy: current) did not find any beans (OnBeanCondition)

   ErrorMvcAutoConfiguration#errorAttributes matched:
      - @ConditionalOnMissingBean (types: org.springframework.boot.web.servlet.error.ErrorAttributes; SearchStrategy: current) did not find any beans (OnBeanCondition)

   ErrorMvcAutoConfiguration.DefaultErrorViewResolverConfiguration#conventionErrorViewResolver matched:
      - @ConditionalOnBean (types: org.springframework.web.servlet.DispatcherServlet; SearchStrategy: all) found bean 'dispatcherServlet'; @ConditionalOnMissingBean (types: org.springframework.boot.autoconfigure.web.servlet.error.ErrorViewResolver; SearchStrategy: all) did not find any beans (OnBeanCondition)

   ErrorMvcAutoConfiguration.WhitelabelErrorViewConfiguration matched:
      - @ConditionalOnProperty (server.error.whitelabel.enabled) matched (OnPropertyCondition)
      - ErrorTemplate Missing did not find error template view (ErrorMvcAutoConfiguration.ErrorTemplateMissingCondition)

   ErrorMvcAutoConfiguration.WhitelabelErrorViewConfiguration#beanNameViewResolver matched:
      - @ConditionalOnMissingBean (types: org.springframework.web.servlet.view.BeanNameViewResolver; SearchStrategy: all) did not find any beans (OnBeanCondition)

   ErrorMvcAutoConfiguration.WhitelabelErrorViewConfiguration#defaultErrorView matched:
      - @ConditionalOnMissingBean (names: error; SearchStrategy: all) did not find any beans (OnBeanCondition)

   GenericCacheConfiguration matched:
      - Cache org.springframework.boot.autoconfigure.cache.GenericCacheConfiguration automatic cache type (CacheCondition)

   HttpClientAutoConfiguration matched:
      - @ConditionalOnClass found required class 'org.springframework.http.client.ClientHttpRequestFactory' (OnClassCondition)
      - NoneNestedConditions 0 matched 1 did not; NestedCondition on NotReactiveWebApplicationCondition.ReactiveWebApplication did not find reactive web application classes (NotReactiveWebApplicationCondition)

   HttpClientAutoConfiguration#clientHttpRequestFactoryBuilder matched:
      - @ConditionalOnMissingBean (types: org.springframework.boot.http.client.ClientHttpRequestFactoryBuilder; SearchStrategy: all) did not find any beans (OnBeanCondition)

   HttpClientAutoConfiguration#clientHttpRequestFactorySettings matched:
      - @ConditionalOnMissingBean (types: org.springframework.boot.http.client.ClientHttpRequestFactorySettings; SearchStrategy: all) did not find any beans (OnBeanCondition)

   HttpEncodingAutoConfiguration matched:
      - @ConditionalOnClass found required class 'org.springframework.web.filter.CharacterEncodingFilter' (OnClassCondition)
      - found 'session' scope (OnWebApplicationCondition)
      - @ConditionalOnProperty (server.servlet.encoding.enabled) matched (OnPropertyCondition)

   HttpEncodingAutoConfiguration#characterEncodingFilter matched:
      - @ConditionalOnMissingBean (types: org.springframework.web.filter.CharacterEncodingFilter; SearchStrategy: all) did not find any beans (OnBeanCondition)

   HttpMessageConvertersAutoConfiguration matched:
      - @ConditionalOnClass found required class 'org.springframework.http.converter.HttpMessageConverter' (OnClassCondition)
      - NoneNestedConditions 0 matched 1 did not; NestedCondition on HttpMessageConvertersAutoConfiguration.NotReactiveWebApplicationCondition.ReactiveWebApplication did not find reactive web application classes (HttpMessageConvertersAutoConfiguration.NotReactiveWebApplicationCondition)

   HttpMessageConvertersAutoConfiguration#messageConverters matched:
      - @ConditionalOnMissingBean (types: org.springframework.boot.autoconfigure.http.HttpMessageConverters; SearchStrategy: all) did not find any beans (OnBeanCondition)

   HttpMessageConvertersAutoConfiguration.StringHttpMessageConverterConfiguration matched:
      - @ConditionalOnClass found required class 'org.springframework.http.converter.StringHttpMessageConverter' (OnClassCondition)

   HttpMessageConvertersAutoConfiguration.StringHttpMessageConverterConfiguration#stringHttpMessageConverter matched:
      - @ConditionalOnMissingBean (types: org.springframework.http.converter.StringHttpMessageConverter; SearchStrategy: all) did not find any beans (OnBeanCondition)

   JacksonAutoConfiguration matched:
      - @ConditionalOnClass found required class 'com.fasterxml.jackson.databind.ObjectMapper' (OnClassCondition)

   JacksonAutoConfiguration.Jackson2ObjectMapperBuilderCustomizerConfiguration matched:
      - @ConditionalOnClass found required class 'org.springframework.http.converter.json.Jackson2ObjectMapperBuilder' (OnClassCondition)

   JacksonAutoConfiguration.JacksonObjectMapperBuilderConfiguration matched:
      - @ConditionalOnClass found required class 'org.springframework.http.converter.json.Jackson2ObjectMapperBuilder' (OnClassCondition)

   JacksonAutoConfiguration.JacksonObjectMapperBuilderConfiguration#jacksonObjectMapperBuilder matched:
      - @ConditionalOnMissingBean (types: org.springframework.http.converter.json.Jackson2ObjectMapperBuilder; SearchStrategy: all) did not find any beans (OnBeanCondition)

   JacksonAutoConfiguration.JacksonObjectMapperConfiguration matched:
      - @ConditionalOnClass found required class 'org.springframework.http.converter.json.Jackson2ObjectMapperBuilder' (OnClassCondition)

   JacksonAutoConfiguration.JacksonObjectMapperConfiguration#jacksonObjectMapper matched:
      - @ConditionalOnMissingBean (types: com.fasterxml.jackson.databind.ObjectMapper; SearchStrategy: all) did not find any beans (OnBeanCondition)

   JacksonAutoConfiguration.ParameterNamesModuleConfiguration matched:
      - @ConditionalOnClass found required class 'com.fasterxml.jackson.module.paramnames.ParameterNamesModule' (OnClassCondition)

   JacksonAutoConfiguration.ParameterNamesModuleConfiguration#parameterNamesModule matched:
      - @ConditionalOnMissingBean (types: com.fasterxml.jackson.module.paramnames.ParameterNamesModule; SearchStrategy: all) did not find any beans (OnBeanCondition)

   JacksonHttpMessageConvertersConfiguration.MappingJackson2HttpMessageConverterConfiguration matched:
      - @ConditionalOnClass found required class 'com.fasterxml.jackson.databind.ObjectMapper' (OnClassCondition)
      - @ConditionalOnProperty (spring.mvc.converters.preferred-json-mapper=jackson) matched (OnPropertyCondition)
      - @ConditionalOnBean (types: com.fasterxml.jackson.databind.ObjectMapper; SearchStrategy: all) found bean 'jacksonObjectMapper' (OnBeanCondition)

   JacksonHttpMessageConvertersConfiguration.MappingJackson2HttpMessageConverterConfiguration#mappingJackson2HttpMessageConverter matched:
      - @ConditionalOnMissingBean (types: org.springframework.http.converter.json.MappingJackson2HttpMessageConverter ignored: org.springframework.hateoas.server.mvc.TypeConstrainedMappingJackson2HttpMessageConverter,org.springframework.data.rest.webmvc.alps.AlpsJsonHttpMessageConverter; SearchStrategy: all) did not find any beans (OnBeanCondition)

   JdbcClientAutoConfiguration matched:
      - @ConditionalOnSingleCandidate (types: org.springframework.jdbc.core.namedparam.NamedParameterJdbcTemplate; SearchStrategy: all) found a single bean 'namedParameterJdbcTemplate'; @ConditionalOnMissingBean (types: org.springframework.jdbc.core.simple.JdbcClient; SearchStrategy: all) did not find any beans (OnBeanCondition)

   JdbcTemplateAutoConfiguration matched:
      - @ConditionalOnClass found required classes 'javax.sql.DataSource', 'org.springframework.jdbc.core.JdbcTemplate' (OnClassCondition)
      - @ConditionalOnSingleCandidate (types: javax.sql.DataSource; SearchStrategy: all) found a single bean 'dataSource' (OnBeanCondition)

   JdbcTemplateConfiguration matched:
      - @ConditionalOnMissingBean (types: org.springframework.jdbc.core.JdbcOperations; SearchStrategy: all) did not find any beans (OnBeanCondition)

   LifecycleAutoConfiguration#defaultLifecycleProcessor matched:
      - @ConditionalOnMissingBean (names: lifecycleProcessor; SearchStrategy: current) did not find any beans (OnBeanCondition)

   MultipartAutoConfiguration matched:
      - @ConditionalOnClass found required classes 'jakarta.servlet.Servlet', 'org.springframework.web.multipart.support.StandardServletMultipartResolver', 'jakarta.servlet.MultipartConfigElement' (OnClassCondition)
      - found 'session' scope (OnWebApplicationCondition)
      - @ConditionalOnProperty (spring.servlet.multipart.enabled) matched (OnPropertyCondition)

   MultipartAutoConfiguration#multipartConfigElement matched:
      - @ConditionalOnMissingBean (types: jakarta.servlet.MultipartConfigElement; SearchStrategy: all) did not find any beans (OnBeanCondition)

   MultipartAutoConfiguration#multipartResolver matched:
      - @ConditionalOnMissingBean (types: org.springframework.web.multipart.MultipartResolver; SearchStrategy: all) did not find any beans (OnBeanCondition)

   MybatisAutoConfiguration matched:
      - @ConditionalOnClass found required classes 'org.apache.ibatis.session.SqlSessionFactory', 'org.mybatis.spring.SqlSessionFactoryBean' (OnClassCondition)
      - @ConditionalOnSingleCandidate (types: javax.sql.DataSource; SearchStrategy: all) found a single bean 'dataSource' (OnBeanCondition)

   MybatisAutoConfiguration#sqlSessionFactory matched:
      - @ConditionalOnMissingBean (types: org.apache.ibatis.session.SqlSessionFactory; SearchStrategy: all) did not find any beans (OnBeanCondition)

   MybatisAutoConfiguration#sqlSessionTemplate matched:
      - @ConditionalOnMissingBean (types: org.mybatis.spring.SqlSessionTemplate; SearchStrategy: all) did not find any beans (OnBeanCondition)

   MybatisAutoConfiguration.MapperScannerRegistrarNotFoundConfiguration matched:
      - @ConditionalOnMissingBean (types: org.mybatis.spring.mapper.MapperFactoryBean,org.mybatis.spring.mapper.MapperScannerConfigurer; SearchStrategy: all) did not find any beans (OnBeanCondition)

   MybatisLanguageDriverAutoConfiguration matched:
      - @ConditionalOnClass found required class 'org.apache.ibatis.scripting.LanguageDriver' (OnClassCondition)

   NamedParameterJdbcTemplateConfiguration matched:
      - @ConditionalOnSingleCandidate (types: org.springframework.jdbc.core.JdbcTemplate; SearchStrategy: all) found a single bean 'jdbcTemplate'; @ConditionalOnMissingBean (types: org.springframework.jdbc.core.namedparam.NamedParameterJdbcOperations; SearchStrategy: all) did not find any beans (OnBeanCondition)

   NoOpCacheConfiguration matched:
      - Cache org.springframework.boot.autoconfigure.cache.NoOpCacheConfiguration automatic cache type (CacheCondition)

   PersistenceExceptionTranslationAutoConfiguration matched:
      - @ConditionalOnClass found required class 'org.springframework.dao.annotation.PersistenceExceptionTranslationPostProcessor' (OnClassCondition)

   PersistenceExceptionTranslationAutoConfiguration#persistenceExceptionTranslationPostProcessor matched:
      - @ConditionalOnProperty (spring.dao.exceptiontranslation.enabled) matched (OnPropertyCondition)
      - @ConditionalOnMissingBean (types: org.springframework.dao.annotation.PersistenceExceptionTranslationPostProcessor; SearchStrategy: all) did not find any beans (OnBeanCondition)

   PropertyPlaceholderAutoConfiguration#propertySourcesPlaceholderConfigurer matched:
      - @ConditionalOnMissingBean (types: org.springframework.context.support.PropertySourcesPlaceholderConfigurer; SearchStrategy: current) did not find any beans (OnBeanCondition)

   RestClientAutoConfiguration matched:
      - @ConditionalOnClass found required class 'org.springframework.web.client.RestClient' (OnClassCondition)
      - NoneNestedConditions 0 matched 1 did not; NestedCondition on NotReactiveWebApplicationCondition.ReactiveWebApplication did not find reactive web application classes (NotReactiveWebApplicationCondition)

   RestClientAutoConfiguration#httpMessageConvertersRestClientCustomizer matched:
      - @ConditionalOnMissingBean (types: org.springframework.boot.autoconfigure.web.client.HttpMessageConvertersRestClientCustomizer; SearchStrategy: all) did not find any beans (OnBeanCondition)

   RestClientAutoConfiguration#restClientBuilder matched:
      - @ConditionalOnMissingBean (types: org.springframework.web.client.RestClient$Builder; SearchStrategy: all) did not find any beans (OnBeanCondition)

   RestClientAutoConfiguration#restClientBuilderConfigurer matched:
      - @ConditionalOnMissingBean (types: org.springframework.boot.autoconfigure.web.client.RestClientBuilderConfigurer; SearchStrategy: all) did not find any beans (OnBeanCondition)

   RestClientAutoConfiguration#restClientSsl matched:
      - @ConditionalOnBean (types: org.springframework.boot.ssl.SslBundles; SearchStrategy: all) found bean 'sslBundleRegistry'; @ConditionalOnMissingBean (types: org.springframework.boot.autoconfigure.web.client.RestClientSsl; SearchStrategy: all) did not find any beans (OnBeanCondition)

   RestTemplateAutoConfiguration matched:
      - @ConditionalOnClass found required class 'org.springframework.web.client.RestTemplate' (OnClassCondition)
      - NoneNestedConditions 0 matched 1 did not; NestedCondition on NotReactiveWebApplicationCondition.ReactiveWebApplication did not find reactive web application classes (NotReactiveWebApplicationCondition)

   RestTemplateAutoConfiguration#restTemplateBuilder matched:
      - @ConditionalOnMissingBean (types: org.springframework.boot.web.client.RestTemplateBuilder; SearchStrategy: all) did not find any beans (OnBeanCondition)

   SecurityAutoConfiguration matched:
      - @ConditionalOnClass found required class 'org.springframework.security.authentication.DefaultAuthenticationEventPublisher' (OnClassCondition)

   SecurityAutoConfiguration#authenticationEventPublisher matched:
      - @ConditionalOnMissingBean (types: org.springframework.security.authentication.AuthenticationEventPublisher; SearchStrategy: all) did not find any beans (OnBeanCondition)

   SecurityFilterAutoConfiguration matched:
      - @ConditionalOnClass found required classes 'org.springframework.security.web.context.AbstractSecurityWebApplicationInitializer', 'org.springframework.security.config.http.SessionCreationPolicy' (OnClassCondition)
      - found 'session' scope (OnWebApplicationCondition)

   SecurityFilterAutoConfiguration#securityFilterChainRegistration matched:
      - @ConditionalOnBean (names: springSecurityFilterChain; SearchStrategy: all) found bean 'springSecurityFilterChain' (OnBeanCondition)

   ServletWebServerFactoryAutoConfiguration matched:
      - @ConditionalOnClass found required class 'jakarta.servlet.ServletRequest' (OnClassCondition)
      - found 'session' scope (OnWebApplicationCondition)

   ServletWebServerFactoryAutoConfiguration#tomcatServletWebServerFactoryCustomizer matched:
      - @ConditionalOnClass found required class 'org.apache.catalina.startup.Tomcat' (OnClassCondition)

   ServletWebServerFactoryConfiguration.EmbeddedTomcat matched:
      - @ConditionalOnClass found required classes 'jakarta.servlet.Servlet', 'org.apache.catalina.startup.Tomcat', 'org.apache.coyote.UpgradeProtocol' (OnClassCondition)
      - @ConditionalOnMissingBean (types: org.springframework.boot.web.servlet.server.ServletWebServerFactory; SearchStrategy: current) did not find any beans (OnBeanCondition)

   SimpleCacheConfiguration matched:
      - Cache org.springframework.boot.autoconfigure.cache.SimpleCacheConfiguration automatic cache type (CacheCondition)

   SpringBootWebSecurityConfiguration matched:
      - found 'session' scope (OnWebApplicationCondition)

   SpringBootWebSecurityConfiguration.SecurityFilterChainConfiguration matched:
      - AllNestedConditions 2 matched 0 did not; NestedCondition on DefaultWebSecurityCondition.Beans @ConditionalOnMissingBean (types: org.springframework.security.web.SecurityFilterChain; SearchStrategy: all) did not find any beans; NestedCondition on DefaultWebSecurityCondition.Classes @ConditionalOnClass found required classes 'org.springframework.security.web.SecurityFilterChain', 'org.springframework.security.config.annotation.web.builders.HttpSecurity' (DefaultWebSecurityCondition)

   SpringBootWebSecurityConfiguration.WebSecurityEnablerConfiguration matched:
      - @ConditionalOnClass found required class 'org.springframework.security.config.annotation.web.configuration.EnableWebSecurity' (OnClassCondition)
      - @ConditionalOnMissingBean (names: springSecurityFilterChain; SearchStrategy: all) did not find any beans (OnBeanCondition)

   SqlInitializationAutoConfiguration matched:
      - @ConditionalOnProperty (spring.sql.init.enabled) matched (OnPropertyCondition)
      - NoneNestedConditions 0 matched 1 did not; NestedCondition on SqlInitializationAutoConfiguration.SqlInitializationModeCondition.ModeIsNever @ConditionalOnProperty (spring.sql.init.mode=never) did not find property 'mode' (SqlInitializationAutoConfiguration.SqlInitializationModeCondition)

   SslAutoConfiguration#sslBundleRegistry matched:
      - @ConditionalOnMissingBean (types: org.springframework.boot.ssl.SslBundleRegistry,org.springframework.boot.ssl.SslBundles; SearchStrategy: all) did not find any beans (OnBeanCondition)

   TaskExecutionAutoConfiguration matched:
      - @ConditionalOnClass found required class 'org.springframework.scheduling.concurrent.ThreadPoolTaskExecutor' (OnClassCondition)

   TaskExecutorConfigurations.SimpleAsyncTaskExecutorBuilderConfiguration#simpleAsyncTaskExecutorBuilder matched:
      - @ConditionalOnMissingBean (types: org.springframework.boot.task.SimpleAsyncTaskExecutorBuilder; SearchStrategy: all) did not find any beans (OnBeanCondition)
      - @ConditionalOnThreading found PLATFORM (OnThreadingCondition)

   TaskExecutorConfigurations.TaskExecutorConfiguration matched:
      - @ConditionalOnMissingBean (types: java.util.concurrent.Executor; SearchStrategy: all) did not find any beans (OnBeanCondition)

   TaskExecutorConfigurations.TaskExecutorConfiguration#applicationTaskExecutor matched:
      - @ConditionalOnThreading found PLATFORM (OnThreadingCondition)

   TaskExecutorConfigurations.ThreadPoolTaskExecutorBuilderConfiguration#threadPoolTaskExecutorBuilder matched:
      - @ConditionalOnMissingBean (types: org.springframework.boot.task.ThreadPoolTaskExecutorBuilder; SearchStrategy: all) did not find any beans (OnBeanCondition)

   TaskSchedulingAutoConfiguration matched:
      - @ConditionalOnClass found required class 'org.springframework.scheduling.concurrent.ThreadPoolTaskScheduler' (OnClassCondition)

   TaskSchedulingConfigurations.SimpleAsyncTaskSchedulerBuilderConfiguration#simpleAsyncTaskSchedulerBuilder matched:
      - @ConditionalOnMissingBean (types: org.springframework.boot.task.SimpleAsyncTaskSchedulerBuilder; SearchStrategy: all) did not find any beans (OnBeanCondition)
      - @ConditionalOnThreading found PLATFORM (OnThreadingCondition)

   TaskSchedulingConfigurations.ThreadPoolTaskSchedulerBuilderConfiguration#threadPoolTaskSchedulerBuilder matched:
      - @ConditionalOnMissingBean (types: org.springframework.boot.task.ThreadPoolTaskSchedulerBuilder; SearchStrategy: all) did not find any beans (OnBeanCondition)

   TemplateEngineConfigurations.DefaultTemplateEngineConfiguration#templateEngine matched:
      - @ConditionalOnMissingBean (types: org.thymeleaf.spring6.ISpringTemplateEngine; SearchStrategy: all) did not find any beans (OnBeanCondition)

   ThymeleafAutoConfiguration matched:
      - @ConditionalOnClass found required classes 'org.thymeleaf.templatemode.TemplateMode', 'org.thymeleaf.spring6.SpringTemplateEngine' (OnClassCondition)

   ThymeleafAutoConfiguration.DefaultTemplateResolverConfiguration matched:
      - @ConditionalOnMissingBean (names: defaultTemplateResolver; SearchStrategy: all) did not find any beans (OnBeanCondition)

   ThymeleafAutoConfiguration.ThymeleafSecurityDialectConfiguration matched:
      - @ConditionalOnClass found required classes 'org.thymeleaf.extras.springsecurity6.dialect.SpringSecurityDialect', 'org.springframework.security.web.server.csrf.CsrfToken' (OnClassCondition)

   ThymeleafAutoConfiguration.ThymeleafSecurityDialectConfiguration#securityDialect matched:
      - @ConditionalOnMissingBean (types: org.thymeleaf.extras.springsecurity6.dialect.SpringSecurityDialect; SearchStrategy: all) did not find any beans (OnBeanCondition)

   ThymeleafAutoConfiguration.ThymeleafWebMvcConfiguration matched:
      - found 'session' scope (OnWebApplicationCondition)
      - @ConditionalOnProperty (spring.thymeleaf.enabled) matched (OnPropertyCondition)

   ThymeleafAutoConfiguration.ThymeleafWebMvcConfiguration.ThymeleafViewResolverConfiguration#thymeleafViewResolver matched:
      - @ConditionalOnMissingBean (names: thymeleafViewResolver; SearchStrategy: all) did not find any beans (OnBeanCondition)

   TransactionAutoConfiguration matched:
      - @ConditionalOnClass found required class 'org.springframework.transaction.PlatformTransactionManager' (OnClassCondition)

   TransactionAutoConfiguration.EnableTransactionManagementConfiguration matched:
      - @ConditionalOnBean (types: org.springframework.transaction.TransactionManager; SearchStrategy: all) found bean 'transactionManager'; @ConditionalOnMissingBean (types: org.springframework.transaction.annotation.AbstractTransactionManagementConfiguration; SearchStrategy: all) did not find any beans (OnBeanCondition)

   TransactionAutoConfiguration.EnableTransactionManagementConfiguration.CglibAutoProxyConfiguration matched:
      - @ConditionalOnProperty (spring.aop.proxy-target-class=true) matched (OnPropertyCondition)

   TransactionAutoConfiguration.TransactionTemplateConfiguration matched:
      - @ConditionalOnSingleCandidate (types: org.springframework.transaction.PlatformTransactionManager; SearchStrategy: all) found a single bean 'transactionManager' (OnBeanCondition)

   TransactionAutoConfiguration.TransactionTemplateConfiguration#transactionTemplate matched:
      - @ConditionalOnMissingBean (types: org.springframework.transaction.support.TransactionOperations; SearchStrategy: all) did not find any beans (OnBeanCondition)

   TransactionManagerCustomizationAutoConfiguration matched:
      - @ConditionalOnClass found required class 'org.springframework.transaction.PlatformTransactionManager' (OnClassCondition)

   TransactionManagerCustomizationAutoConfiguration#platformTransactionManagerCustomizers matched:
      - @ConditionalOnMissingBean (types: org.springframework.boot.autoconfigure.transaction.TransactionManagerCustomizers; SearchStrategy: all) did not find any beans (OnBeanCondition)

   UserDetailsServiceAutoConfiguration matched:
      - @ConditionalOnClass found required class 'org.springframework.security.authentication.AuthenticationManager' (OnClassCondition)
      - found 'session' scope (OnWebApplicationCondition)
      - AnyNestedCondition 1 matched 2 did not; NestedCondition on UserDetailsServiceAutoConfiguration.MissingAlternativeOrUserPropertiesConfigured.PasswordConfigured @ConditionalOnProperty (spring.security.user.password) did not find property 'password'; NestedCondition on UserDetailsServiceAutoConfiguration.MissingAlternativeOrUserPropertiesConfigured.NameConfigured @ConditionalOnProperty (spring.security.user.name) did not find property 'name'; NestedCondition on UserDetailsServiceAutoConfiguration.MissingAlternativeOrUserPropertiesConfigured.MissingAlternative @ConditionalOnMissingClass did not find unwanted classes 'org.springframework.security.oauth2.client.registration.ClientRegistrationRepository', 'org.springframework.security.oauth2.server.resource.introspection.OpaqueTokenIntrospector', 'org.springframework.security.saml2.provider.service.registration.RelyingPartyRegistrationRepository' (UserDetailsServiceAutoConfiguration.MissingAlternativeOrUserPropertiesConfigured)
      - @ConditionalOnBean (types: org.springframework.security.config.ObjectPostProcessor; SearchStrategy: all) found beans 'objectPostProcessor', 'webAuthorizationManagerPostProcessor', 'filterChainDecoratorPostProcessor', 'authenticationManagerPostProcessor'; @ConditionalOnMissingBean (types: org.springframework.security.authentication.AuthenticationManager,org.springframework.security.authentication.AuthenticationProvider,org.springframework.security.core.userdetails.UserDetailsService,org.springframework.security.authentication.AuthenticationManagerResolver,org.springframework.security.oauth2.jwt.JwtDecoder; SearchStrategy: all) did not find any beans (OnBeanCondition)

   WebMvcAutoConfiguration matched:
      - @ConditionalOnClass found required classes 'jakarta.servlet.Servlet', 'org.springframework.web.servlet.DispatcherServlet', 'org.springframework.web.servlet.config.annotation.WebMvcConfigurer' (OnClassCondition)
      - found 'session' scope (OnWebApplicationCondition)
      - @ConditionalOnMissingBean (types: org.springframework.web.servlet.config.annotation.WebMvcConfigurationSupport; SearchStrategy: all) did not find any beans (OnBeanCondition)

   WebMvcAutoConfiguration#formContentFilter matched:
      - @ConditionalOnProperty (spring.mvc.formcontent.filter.enabled) matched (OnPropertyCondition)
      - @ConditionalOnMissingBean (types: org.springframework.web.filter.FormContentFilter; SearchStrategy: all) did not find any beans (OnBeanCondition)

   WebMvcAutoConfiguration.EnableWebMvcConfiguration#flashMapManager matched:
      - @ConditionalOnMissingBean (names: flashMapManager; SearchStrategy: all) did not find any beans (OnBeanCondition)

   WebMvcAutoConfiguration.EnableWebMvcConfiguration#localeResolver matched:
      - @ConditionalOnMissingBean (names: localeResolver; SearchStrategy: all) did not find any beans (OnBeanCondition)

   WebMvcAutoConfiguration.EnableWebMvcConfiguration#themeResolver matched:
      - @ConditionalOnMissingBean (names: themeResolver; SearchStrategy: all) did not find any beans (OnBeanCondition)

   WebMvcAutoConfiguration.EnableWebMvcConfiguration#viewNameTranslator matched:
      - @ConditionalOnMissingBean (names: viewNameTranslator; SearchStrategy: all) did not find any beans (OnBeanCondition)

   WebMvcAutoConfiguration.WebMvcAutoConfigurationAdapter#defaultViewResolver matched:
      - @ConditionalOnMissingBean (types: org.springframework.web.servlet.view.InternalResourceViewResolver; SearchStrategy: all) did not find any beans (OnBeanCondition)

   WebMvcAutoConfiguration.WebMvcAutoConfigurationAdapter#requestContextFilter matched:
      - @ConditionalOnMissingBean (types: org.springframework.web.context.request.RequestContextListener,org.springframework.web.filter.RequestContextFilter; SearchStrategy: all) did not find any beans (OnBeanCondition)

   WebMvcAutoConfiguration.WebMvcAutoConfigurationAdapter#viewResolver matched:
      - @ConditionalOnBean (types: org.springframework.web.servlet.ViewResolver; SearchStrategy: all) found beans 'defaultViewResolver', 'beanNameViewResolver', 'mvcViewResolver'; @ConditionalOnMissingBean (names: viewResolver types: org.springframework.web.servlet.view.ContentNegotiatingViewResolver; SearchStrategy: all) did not find any beans (OnBeanCondition)

   WebSocketServletAutoConfiguration matched:
      - @ConditionalOnClass found required classes 'jakarta.servlet.Servlet', 'jakarta.websocket.server.ServerContainer' (OnClassCondition)
      - found 'session' scope (OnWebApplicationCondition)

   WebSocketServletAutoConfiguration.TomcatWebSocketConfiguration matched:
      - @ConditionalOnClass found required classes 'org.apache.catalina.startup.Tomcat', 'org.apache.tomcat.websocket.server.WsSci' (OnClassCondition)

   WebSocketServletAutoConfiguration.TomcatWebSocketConfiguration#websocketServletWebServerCustomizer matched:
      - @ConditionalOnMissingBean (names: websocketServletWebServerCustomizer; SearchStrategy: all) did not find any beans (OnBeanCondition)


Negative matches:
-----------------

   ActiveMQAutoConfiguration:
      Did not match:
         - @ConditionalOnClass did not find required class 'jakarta.jms.ConnectionFactory' (OnClassCondition)

   AopAutoConfiguration.AspectJAutoProxyingConfiguration:
      Did not match:
         - @ConditionalOnClass did not find required class 'org.aspectj.weaver.Advice' (OnClassCondition)

   ArtemisAutoConfiguration:
      Did not match:
         - @ConditionalOnClass did not find required class 'jakarta.jms.ConnectionFactory' (OnClassCondition)

   BatchAutoConfiguration:
      Did not match:
         - @ConditionalOnClass did not find required class 'org.springframework.batch.core.launch.JobLauncher' (OnClassCondition)

   Cache2kCacheConfiguration:
      Did not match:
         - @ConditionalOnClass did not find required class 'org.cache2k.Cache2kBuilder' (OnClassCondition)

   CacheAutoConfiguration:
      Did not match:
         - @ConditionalOnBean (types: org.springframework.cache.interceptor.CacheAspectSupport; SearchStrategy: all) did not find any beans of type org.springframework.cache.interceptor.CacheAspectSupport (OnBeanCondition)
      Matched:
         - @ConditionalOnClass found required class 'org.springframework.cache.CacheManager' (OnClassCondition)

   CacheAutoConfiguration.CacheManagerEntityManagerFactoryDependsOnPostProcessor:
      Did not match:
         - @ConditionalOnClass did not find required class 'org.springframework.orm.jpa.LocalContainerEntityManagerFactoryBean' (OnClassCondition)
         - Ancestor org.springframework.boot.autoconfigure.cache.CacheAutoConfiguration did not match (ConditionEvaluationReport.AncestorsMatchedCondition)

   CaffeineCacheConfiguration:
      Did not match:
         - @ConditionalOnClass did not find required class 'com.github.benmanes.caffeine.cache.Caffeine' (OnClassCondition)

   CassandraAutoConfiguration:
      Did not match:
         - @ConditionalOnClass did not find required class 'com.datastax.oss.driver.api.core.CqlSession' (OnClassCondition)

   CassandraDataAutoConfiguration:
      Did not match:
         - @ConditionalOnClass did not find required class 'com.datastax.oss.driver.api.core.CqlSession' (OnClassCondition)

   CassandraReactiveDataAutoConfiguration:
      Did not match:
         - @ConditionalOnClass did not find required class 'com.datastax.oss.driver.api.core.CqlSession' (OnClassCondition)

   CassandraReactiveRepositoriesAutoConfiguration:
      Did not match:
         - @ConditionalOnClass did not find required class 'org.springframework.data.cassandra.ReactiveSession' (OnClassCondition)

   CassandraRepositoriesAutoConfiguration:
      Did not match:
         - @ConditionalOnClass did not find required class 'com.datastax.oss.driver.api.core.CqlSession' (OnClassCondition)

   ClientHttpConnectorAutoConfiguration:
      Did not match:
         - @ConditionalOnClass did not find required class 'org.springframework.web.reactive.function.client.WebClient' (OnClassCondition)

   CodecsAutoConfiguration:
      Did not match:
         - @ConditionalOnClass did not find required class 'org.springframework.web.reactive.function.client.WebClient' (OnClassCondition)

   CouchbaseAutoConfiguration:
      Did not match:
         - @ConditionalOnClass did not find required class 'com.couchbase.client.java.Cluster' (OnClassCondition)

   CouchbaseCacheConfiguration:
      Did not match:
         - @ConditionalOnClass did not find required class 'com.couchbase.client.java.Cluster' (OnClassCondition)

   CouchbaseDataAutoConfiguration:
      Did not match:
         - @ConditionalOnClass did not find required class 'com.couchbase.client.java.Bucket' (OnClassCondition)

   CouchbaseReactiveDataAutoConfiguration:
      Did not match:
         - @ConditionalOnClass did not find required class 'com.couchbase.client.java.Cluster' (OnClassCondition)

   CouchbaseReactiveRepositoriesAutoConfiguration:
      Did not match:
         - @ConditionalOnClass did not find required class 'com.couchbase.client.java.Cluster' (OnClassCondition)

   CouchbaseRepositoriesAutoConfiguration:
      Did not match:
         - @ConditionalOnClass did not find required class 'com.couchbase.client.java.Bucket' (OnClassCondition)

   DataSourceAutoConfiguration.EmbeddedDatabaseConfiguration:
      Did not match:
         - EmbeddedDataSource spring.datasource.url is set (DataSourceAutoConfiguration.EmbeddedDatabaseCondition)

   DataSourceCheckpointRestoreConfiguration:
      Did not match:
         - @ConditionalOnClass did not find required class 'org.crac.Resource' (OnClassCondition)

   DataSourceConfiguration.Dbcp2:
      Did not match:
         - @ConditionalOnClass did not find required class 'org.apache.commons.dbcp2.BasicDataSource' (OnClassCondition)

   DataSourceConfiguration.Generic:
      Did not match:
         - @ConditionalOnProperty (spring.datasource.type) did not find property 'spring.datasource.type' (OnPropertyCondition)

   DataSourceConfiguration.OracleUcp:
      Did not match:
         - @ConditionalOnClass did not find required classes 'oracle.ucp.jdbc.PoolDataSourceImpl', 'oracle.jdbc.OracleConnection' (OnClassCondition)

   DataSourceConfiguration.Tomcat:
      Did not match:
         - @ConditionalOnClass did not find required class 'org.apache.tomcat.jdbc.pool.DataSource' (OnClassCondition)

   DataSourceJmxConfiguration:
      Did not match:
         - @ConditionalOnProperty (spring.jmx.enabled=true) found different value in property 'enabled' (OnPropertyCondition)

   DataSourcePoolMetadataProvidersConfiguration.CommonsDbcp2PoolDataSourceMetadataProviderConfiguration:
      Did not match:
         - @ConditionalOnClass did not find required class 'org.apache.commons.dbcp2.BasicDataSource' (OnClassCondition)

   DataSourcePoolMetadataProvidersConfiguration.OracleUcpPoolDataSourceMetadataProviderConfiguration:
      Did not match:
         - @ConditionalOnClass did not find required classes 'oracle.ucp.jdbc.PoolDataSource', 'oracle.jdbc.OracleConnection' (OnClassCondition)

   DataSourcePoolMetadataProvidersConfiguration.TomcatDataSourcePoolMetadataProviderConfiguration:
      Did not match:
         - @ConditionalOnClass did not find required class 'org.apache.tomcat.jdbc.pool.DataSource' (OnClassCondition)

   DevToolsDataSourceAutoConfiguration:
      Did not match:
         - Devtools devtools is disabled for current context. (OnEnabledDevToolsCondition)
      Matched:
         - @ConditionalOnClass found required class 'javax.sql.DataSource' (OnClassCondition)

   DevToolsR2dbcAutoConfiguration:
      Did not match:
         - @ConditionalOnClass did not find required class 'io.r2dbc.spi.ConnectionFactory' (OnClassCondition)

   DispatcherServletAutoConfiguration.DispatcherServletConfiguration#multipartResolver:
      Did not match:
         - @ConditionalOnBean (types: org.springframework.web.multipart.MultipartResolver; SearchStrategy: all) did not find any beans of type org.springframework.web.multipart.MultipartResolver (OnBeanCondition)

   ElasticsearchClientAutoConfiguration:
      Did not match:
         - @ConditionalOnClass did not find required class 'co.elastic.clients.elasticsearch.ElasticsearchClient' (OnClassCondition)

   ElasticsearchDataAutoConfiguration:
      Did not match:
         - @ConditionalOnClass did not find required class 'org.springframework.data.elasticsearch.client.elc.ElasticsearchTemplate' (OnClassCondition)

   ElasticsearchRepositoriesAutoConfiguration:
      Did not match:
         - @ConditionalOnClass did not find required class 'org.springframework.data.elasticsearch.repository.ElasticsearchRepository' (OnClassCondition)

   ElasticsearchRestClientAutoConfiguration:
      Did not match:
         - @ConditionalOnClass did not find required class 'org.elasticsearch.client.RestClientBuilder' (OnClassCondition)

   EmbeddedLdapAutoConfiguration:
      Did not match:
         - @ConditionalOnClass did not find required class 'com.unboundid.ldap.listener.InMemoryDirectoryServer' (OnClassCondition)

   EmbeddedWebServerFactoryCustomizerAutoConfiguration:
      Did not match:
         - Application is deployed as a WAR file. (OnWarDeploymentCondition)
      Matched:
         - @ConditionalOnWebApplication (required) found 'session' scope (OnWebApplicationCondition)

   ErrorWebFluxAutoConfiguration:
      Did not match:
         - @ConditionalOnClass did not find required class 'org.springframework.web.reactive.config.WebFluxConfigurer' (OnClassCondition)

   FlywayAutoConfiguration:
      Did not match:
         - @ConditionalOnClass did not find required class 'org.flywaydb.core.Flyway' (OnClassCondition)

   FreeMarkerAutoConfiguration:
      Did not match:
         - @ConditionalOnClass did not find required class 'freemarker.template.Configuration' (OnClassCondition)

   GraphQlAutoConfiguration:
      Did not match:
         - @ConditionalOnClass did not find required class 'graphql.GraphQL' (OnClassCondition)

   GraphQlQueryByExampleAutoConfiguration:
      Did not match:
         - @ConditionalOnClass did not find required class 'graphql.GraphQL' (OnClassCondition)

   GraphQlQuerydslAutoConfiguration:
      Did not match:
         - @ConditionalOnClass did not find required class 'com.querydsl.core.Query' (OnClassCondition)

   GraphQlRSocketAutoConfiguration:
      Did not match:
         - @ConditionalOnClass did not find required class 'graphql.GraphQL' (OnClassCondition)

   GraphQlReactiveQueryByExampleAutoConfiguration:
      Did not match:
         - @ConditionalOnClass did not find required class 'graphql.GraphQL' (OnClassCondition)

   GraphQlReactiveQuerydslAutoConfiguration:
      Did not match:
         - @ConditionalOnClass did not find required class 'com.querydsl.core.Query' (OnClassCondition)

   GraphQlWebFluxAutoConfiguration:
      Did not match:
         - @ConditionalOnClass did not find required class 'graphql.GraphQL' (OnClassCondition)

   GraphQlWebFluxSecurityAutoConfiguration:
      Did not match:
         - @ConditionalOnClass did not find required class 'graphql.GraphQL' (OnClassCondition)

   GraphQlWebMvcAutoConfiguration:
      Did not match:
         - @ConditionalOnClass did not find required class 'graphql.GraphQL' (OnClassCondition)

   GraphQlWebMvcSecurityAutoConfiguration:
      Did not match:
         - @ConditionalOnClass did not find required class 'graphql.GraphQL' (OnClassCondition)

   GroovyTemplateAutoConfiguration:
      Did not match:
         - @ConditionalOnClass did not find required class 'groovy.text.markup.MarkupTemplateEngine' (OnClassCondition)

   GsonAutoConfiguration:
      Did not match:
         - @ConditionalOnClass did not find required class 'com.google.gson.Gson' (OnClassCondition)

   GsonHttpMessageConvertersConfiguration:
      Did not match:
         - @ConditionalOnClass did not find required class 'com.google.gson.Gson' (OnClassCondition)

   H2ConsoleAutoConfiguration:
      Did not match:
         - @ConditionalOnClass did not find required class 'org.h2.server.web.JakartaWebServlet' (OnClassCondition)

   HazelcastAutoConfiguration:
      Did not match:
         - @ConditionalOnClass did not find required class 'com.hazelcast.core.HazelcastInstance' (OnClassCondition)

   HazelcastCacheConfiguration:
      Did not match:
         - @ConditionalOnClass did not find required class 'com.hazelcast.core.HazelcastInstance' (OnClassCondition)

   HazelcastJpaDependencyAutoConfiguration:
      Did not match:
         - @ConditionalOnClass did not find required class 'com.hazelcast.core.HazelcastInstance' (OnClassCondition)

   HibernateJpaAutoConfiguration:
      Did not match:
         - @ConditionalOnClass did not find required class 'jakarta.persistence.EntityManager' (OnClassCondition)

   HttpHandlerAutoConfiguration:
      Did not match:
         - @ConditionalOnClass did not find required class 'org.springframework.web.reactive.DispatcherHandler' (OnClassCondition)

   HypermediaAutoConfiguration:
      Did not match:
         - @ConditionalOnClass did not find required class 'org.springframework.hateoas.EntityModel' (OnClassCondition)

   InfinispanCacheConfiguration:
      Did not match:
         - @ConditionalOnClass did not find required class 'org.infinispan.spring.embedded.provider.SpringEmbeddedCacheManager' (OnClassCondition)

   IntegrationAutoConfiguration:
      Did not match:
         - @ConditionalOnClass did not find required class 'org.springframework.integration.config.EnableIntegration' (OnClassCondition)

   JCacheCacheConfiguration:
      Did not match:
         - @ConditionalOnClass did not find required class 'javax.cache.Caching' (OnClassCondition)

   JacksonHttpMessageConvertersConfiguration.MappingJackson2XmlHttpMessageConverterConfiguration:
      Did not match:
         - @ConditionalOnClass did not find required class 'com.fasterxml.jackson.dataformat.xml.XmlMapper' (OnClassCondition)

   JdbcRepositoriesAutoConfiguration:
      Did not match:
         - @ConditionalOnClass did not find required class 'org.springframework.data.jdbc.repository.config.AbstractJdbcConfiguration' (OnClassCondition)

   JerseyAutoConfiguration:
      Did not match:
         - @ConditionalOnClass did not find required class 'org.glassfish.jersey.server.spring.SpringComponentProvider' (OnClassCondition)

   JmsAutoConfiguration:
      Did not match:
         - @ConditionalOnClass did not find required class 'jakarta.jms.Message' (OnClassCondition)

   JmxAutoConfiguration:
      Did not match:
         - @ConditionalOnProperty (spring.jmx.enabled=true) found different value in property 'enabled' (OnPropertyCondition)
      Matched:
         - @ConditionalOnClass found required class 'org.springframework.jmx.export.MBeanExporter' (OnClassCondition)

   JndiConnectionFactoryAutoConfiguration:
      Did not match:
         - @ConditionalOnClass did not find required class 'org.springframework.jms.core.JmsTemplate' (OnClassCondition)

   JndiDataSourceAutoConfiguration:
      Did not match:
         - @ConditionalOnProperty (spring.datasource.jndi-name) did not find property 'jndi-name' (OnPropertyCondition)
      Matched:
         - @ConditionalOnClass found required classes 'javax.sql.DataSource', 'org.springframework.jdbc.datasource.embedded.EmbeddedDatabaseType' (OnClassCondition)

   JooqAutoConfiguration:
      Did not match:
         - @ConditionalOnClass did not find required class 'org.jooq.DSLContext' (OnClassCondition)

   JpaRepositoriesAutoConfiguration:
      Did not match:
         - @ConditionalOnClass did not find required class 'org.springframework.data.jpa.repository.JpaRepository' (OnClassCondition)

   JsonbAutoConfiguration:
      Did not match:
         - @ConditionalOnClass did not find required class 'jakarta.json.bind.Jsonb' (OnClassCondition)

   JsonbHttpMessageConvertersConfiguration:
      Did not match:
         - @ConditionalOnClass did not find required class 'jakarta.json.bind.Jsonb' (OnClassCondition)

   JtaAutoConfiguration:
      Did not match:
         - @ConditionalOnClass did not find required class 'jakarta.transaction.Transaction' (OnClassCondition)

   KafkaAutoConfiguration:
      Did not match:
         - @ConditionalOnClass did not find required class 'org.springframework.kafka.core.KafkaTemplate' (OnClassCondition)

   LdapAutoConfiguration:
      Did not match:
         - @ConditionalOnClass did not find required class 'org.springframework.ldap.core.ContextSource' (OnClassCondition)

   LdapRepositoriesAutoConfiguration:
      Did not match:
         - @ConditionalOnClass did not find required class 'org.springframework.data.ldap.repository.LdapRepository' (OnClassCondition)

   LiquibaseAutoConfiguration:
      Did not match:
         - @ConditionalOnClass did not find required class 'liquibase.change.DatabaseChange' (OnClassCondition)

   LocalDevToolsAutoConfiguration:
      Did not match:
         - Initialized Restarter Condition initialized without URLs (OnInitializedRestarterCondition)

   MailSenderAutoConfiguration:
      Did not match:
         - @ConditionalOnClass did not find required class 'jakarta.mail.internet.MimeMessage' (OnClassCondition)

   MailSenderValidatorAutoConfiguration:
      Did not match:
         - @ConditionalOnSingleCandidate did not find required type 'org.springframework.mail.javamail.JavaMailSenderImpl' (OnBeanCondition)

   MessageSourceAutoConfiguration:
      Did not match:
         - ResourceBundle did not find bundle with basename messages (MessageSourceAutoConfiguration.ResourceBundleCondition)

   MongoAutoConfiguration:
      Did not match:
         - @ConditionalOnClass did not find required class 'com.mongodb.client.MongoClient' (OnClassCondition)

   MongoDataAutoConfiguration:
      Did not match:
         - @ConditionalOnClass did not find required class 'com.mongodb.client.MongoClient' (OnClassCondition)

   MongoReactiveAutoConfiguration:
      Did not match:
         - @ConditionalOnClass did not find required class 'com.mongodb.reactivestreams.client.MongoClient' (OnClassCondition)

   MongoReactiveDataAutoConfiguration:
      Did not match:
         - @ConditionalOnClass did not find required class 'com.mongodb.reactivestreams.client.MongoClient' (OnClassCondition)

   MongoReactiveRepositoriesAutoConfiguration:
      Did not match:
         - @ConditionalOnClass did not find required class 'com.mongodb.reactivestreams.client.MongoClient' (OnClassCondition)

   MongoRepositoriesAutoConfiguration:
      Did not match:
         - @ConditionalOnClass did not find required class 'com.mongodb.client.MongoClient' (OnClassCondition)

   MustacheAutoConfiguration:
      Did not match:
         - @ConditionalOnClass did not find required class 'com.samskivert.mustache.Mustache' (OnClassCondition)

   MybatisLanguageDriverAutoConfiguration.FreeMarkerConfiguration:
      Did not match:
         - @ConditionalOnClass did not find required classes 'org.mybatis.scripting.freemarker.FreeMarkerLanguageDriver', 'org.mybatis.scripting.freemarker.FreeMarkerLanguageDriverConfig' (OnClassCondition)

   MybatisLanguageDriverAutoConfiguration.LegacyFreeMarkerConfiguration:
      Did not match:
         - @ConditionalOnClass did not find required class 'org.mybatis.scripting.freemarker.FreeMarkerLanguageDriver' (OnClassCondition)

   MybatisLanguageDriverAutoConfiguration.LegacyVelocityConfiguration:
      Did not match:
         - @ConditionalOnClass did not find required class 'org.mybatis.scripting.velocity.Driver' (OnClassCondition)

   MybatisLanguageDriverAutoConfiguration.ThymeleafConfiguration:
      Did not match:
         - @ConditionalOnClass did not find required class 'org.mybatis.scripting.thymeleaf.ThymeleafLanguageDriver' (OnClassCondition)

   MybatisLanguageDriverAutoConfiguration.VelocityConfiguration:
      Did not match:
         - @ConditionalOnClass did not find required classes 'org.mybatis.scripting.velocity.VelocityLanguageDriver', 'org.mybatis.scripting.velocity.VelocityLanguageDriverConfig' (OnClassCondition)

   Neo4jAutoConfiguration:
      Did not match:
         - @ConditionalOnClass did not find required class 'org.neo4j.driver.Driver' (OnClassCondition)

   Neo4jDataAutoConfiguration:
      Did not match:
         - @ConditionalOnClass did not find required class 'org.neo4j.driver.Driver' (OnClassCondition)

   Neo4jReactiveDataAutoConfiguration:
      Did not match:
         - @ConditionalOnClass did not find required class 'org.neo4j.driver.Driver' (OnClassCondition)

   Neo4jReactiveRepositoriesAutoConfiguration:
      Did not match:
         - @ConditionalOnClass did not find required class 'org.neo4j.driver.Driver' (OnClassCondition)

   Neo4jRepositoriesAutoConfiguration:
      Did not match:
         - @ConditionalOnClass did not find required class 'org.neo4j.driver.Driver' (OnClassCondition)

   NettyAutoConfiguration:
      Did not match:
         - @ConditionalOnClass did not find required class 'io.netty.util.NettyRuntime' (OnClassCondition)

   OAuth2AuthorizationServerAutoConfiguration:
      Did not match:
         - @ConditionalOnClass did not find required class 'org.springframework.security.oauth2.server.authorization.OAuth2Authorization' (OnClassCondition)

   OAuth2AuthorizationServerJwtAutoConfiguration:
      Did not match:
         - @ConditionalOnClass did not find required class 'org.springframework.security.oauth2.server.authorization.OAuth2Authorization' (OnClassCondition)

   OAuth2ClientAutoConfiguration:
      Did not match:
         - @ConditionalOnClass did not find required class 'org.springframework.security.oauth2.client.registration.ClientRegistration' (OnClassCondition)

   OAuth2ResourceServerAutoConfiguration:
      Did not match:
         - @ConditionalOnClass did not find required class 'org.springframework.security.oauth2.server.resource.authentication.BearerTokenAuthenticationToken' (OnClassCondition)

   ProjectInfoAutoConfiguration#buildProperties:
      Did not match:
         - @ConditionalOnResource did not find resource '${spring.info.build.location:classpath:META-INF/build-info.properties}' (OnResourceCondition)

   ProjectInfoAutoConfiguration#gitProperties:
      Did not match:
         - GitResource did not find git info at classpath:git.properties (ProjectInfoAutoConfiguration.GitResourceAvailableCondition)

   PulsarAutoConfiguration:
      Did not match:
         - @ConditionalOnClass did not find required class 'org.apache.pulsar.client.api.PulsarClient' (OnClassCondition)

   PulsarReactiveAutoConfiguration:
      Did not match:
         - @ConditionalOnClass did not find required class 'org.apache.pulsar.client.api.PulsarClient' (OnClassCondition)

   QuartzAutoConfiguration:
      Did not match:
         - @ConditionalOnClass did not find required class 'org.quartz.Scheduler' (OnClassCondition)

   R2dbcAutoConfiguration:
      Did not match:
         - @ConditionalOnClass did not find required class 'io.r2dbc.spi.ConnectionFactory' (OnClassCondition)

   R2dbcDataAutoConfiguration:
      Did not match:
         - @ConditionalOnClass did not find required class 'org.springframework.data.r2dbc.core.R2dbcEntityTemplate' (OnClassCondition)

   R2dbcInitializationConfiguration:
      Did not match:
         - @ConditionalOnClass did not find required classes 'io.r2dbc.spi.ConnectionFactory', 'org.springframework.r2dbc.connection.init.DatabasePopulator' (OnClassCondition)

   R2dbcProxyAutoConfiguration:
      Did not match:
         - @ConditionalOnClass did not find required class 'io.r2dbc.proxy.ProxyConnectionFactory' (OnClassCondition)

   R2dbcRepositoriesAutoConfiguration:
      Did not match:
         - @ConditionalOnClass did not find required class 'io.r2dbc.spi.ConnectionFactory' (OnClassCondition)

   R2dbcTransactionManagerAutoConfiguration:
      Did not match:
         - @ConditionalOnClass did not find required class 'org.springframework.r2dbc.connection.R2dbcTransactionManager' (OnClassCondition)

   RSocketGraphQlClientAutoConfiguration:
      Did not match:
         - @ConditionalOnClass did not find required class 'graphql.GraphQL' (OnClassCondition)

   RSocketMessagingAutoConfiguration:
      Did not match:
         - @ConditionalOnClass did not find required class 'io.rsocket.RSocket' (OnClassCondition)

   RSocketRequesterAutoConfiguration:
      Did not match:
         - @ConditionalOnClass did not find required class 'io.rsocket.RSocket' (OnClassCondition)

   RSocketSecurityAutoConfiguration:
      Did not match:
         - @ConditionalOnClass did not find required class 'org.springframework.security.rsocket.core.SecuritySocketAcceptorInterceptor' (OnClassCondition)

   RSocketServerAutoConfiguration:
      Did not match:
         - @ConditionalOnClass did not find required class 'io.rsocket.core.RSocketServer' (OnClassCondition)

   RSocketStrategiesAutoConfiguration:
      Did not match:
         - @ConditionalOnClass did not find required class 'io.netty.buffer.PooledByteBufAllocator' (OnClassCondition)

   RabbitAutoConfiguration:
      Did not match:
         - @ConditionalOnClass did not find required class 'com.rabbitmq.client.Channel' (OnClassCondition)

   ReactiveElasticsearchClientAutoConfiguration:
      Did not match:
         - @ConditionalOnClass did not find required class 'co.elastic.clients.transport.ElasticsearchTransport' (OnClassCondition)

   ReactiveElasticsearchRepositoriesAutoConfiguration:
      Did not match:
         - @ConditionalOnClass did not find required class 'reactor.core.publisher.Mono' (OnClassCondition)

   ReactiveMultipartAutoConfiguration:
      Did not match:
         - @ConditionalOnClass did not find required class 'org.springframework.web.reactive.config.WebFluxConfigurer' (OnClassCondition)

   ReactiveOAuth2ClientAutoConfiguration:
      Did not match:
         - @ConditionalOnClass did not find required class 'reactor.core.publisher.Flux' (OnClassCondition)

   ReactiveOAuth2ResourceServerAutoConfiguration:
      Did not match:
         - @ConditionalOnWebApplication did not find reactive web application classes (OnWebApplicationCondition)

   ReactiveSecurityAutoConfiguration:
      Did not match:
         - @ConditionalOnClass did not find required class 'reactor.core.publisher.Flux' (OnClassCondition)

   ReactiveUserDetailsServiceAutoConfiguration:
      Did not match:
         - AnyNestedCondition 0 matched 2 did not; NestedCondition on ReactiveUserDetailsServiceAutoConfiguration.RSocketEnabledOrReactiveWebApplication.ReactiveWebApplicationCondition did not find reactive web application classes; NestedCondition on ReactiveUserDetailsServiceAutoConfiguration.RSocketEnabledOrReactiveWebApplication.RSocketSecurityEnabledCondition @ConditionalOnBean (types: org.springframework.messaging.rsocket.annotation.support.RSocketMessageHandler; SearchStrategy: all) did not find any beans of type org.springframework.messaging.rsocket.annotation.support.RSocketMessageHandler (ReactiveUserDetailsServiceAutoConfiguration.RSocketEnabledOrReactiveWebApplication)
      Matched:
         - @ConditionalOnClass found required class 'org.springframework.security.authentication.ReactiveAuthenticationManager' (OnClassCondition)
         - AnyNestedCondition 1 matched 2 did not; NestedCondition on ReactiveUserDetailsServiceAutoConfiguration.MissingAlternativeOrUserPropertiesConfigured.PasswordConfigured @ConditionalOnProperty (spring.security.user.password) did not find property 'password'; NestedCondition on ReactiveUserDetailsServiceAutoConfiguration.MissingAlternativeOrUserPropertiesConfigured.NameConfigured @ConditionalOnProperty (spring.security.user.name) did not find property 'name'; NestedCondition on ReactiveUserDetailsServiceAutoConfiguration.MissingAlternativeOrUserPropertiesConfigured.MissingAlternative @ConditionalOnMissingClass did not find unwanted classes 'org.springframework.security.oauth2.client.registration.ClientRegistrationRepository', 'org.springframework.security.oauth2.server.resource.introspection.ReactiveOpaqueTokenIntrospector' (ReactiveUserDetailsServiceAutoConfiguration.MissingAlternativeOrUserPropertiesConfigured)

   ReactiveWebServerFactoryAutoConfiguration:
      Did not match:
         - @ConditionalOnWebApplication did not find reactive web application classes (OnWebApplicationCondition)

   ReactorAutoConfiguration:
      Did not match:
         - @ConditionalOnClass did not find required class 'reactor.core.publisher.Hooks' (OnClassCondition)

   RedisAutoConfiguration:
      Did not match:
         - @ConditionalOnClass did not find required class 'org.springframework.data.redis.core.RedisOperations' (OnClassCondition)

   RedisCacheConfiguration:
      Did not match:
         - @ConditionalOnClass did not find required class 'org.springframework.data.redis.connection.RedisConnectionFactory' (OnClassCondition)

   RedisReactiveAutoConfiguration:
      Did not match:
         - @ConditionalOnClass did not find required class 'reactor.core.publisher.Flux' (OnClassCondition)

   RedisRepositoriesAutoConfiguration:
      Did not match:
         - @ConditionalOnClass did not find required class 'org.springframework.data.redis.repository.configuration.EnableRedisRepositories' (OnClassCondition)

   RemoteDevToolsAutoConfiguration:
      Did not match:
         - @ConditionalOnProperty (spring.devtools.remote.secret) did not find property 'secret' (OnPropertyCondition)
      Matched:
         - @ConditionalOnClass found required classes 'jakarta.servlet.Filter', 'org.springframework.http.server.ServerHttpRequest' (OnClassCondition)

   RepositoryRestMvcAutoConfiguration:
      Did not match:
         - @ConditionalOnClass did not find required class 'org.springframework.data.rest.webmvc.config.RepositoryRestMvcConfiguration' (OnClassCondition)

   Saml2RelyingPartyAutoConfiguration:
      Did not match:
         - @ConditionalOnClass did not find required class 'org.springframework.security.saml2.provider.service.registration.RelyingPartyRegistrationRepository' (OnClassCondition)

   SecurityDataConfiguration:
      Did not match:
         - @ConditionalOnClass did not find required class 'org.springframework.security.data.repository.query.SecurityEvaluationContextExtension' (OnClassCondition)

   SendGridAutoConfiguration:
      Did not match:
         - @ConditionalOnClass did not find required class 'com.sendgrid.SendGrid' (OnClassCondition)

   ServletWebServerFactoryAutoConfiguration.ForwardedHeaderFilterConfiguration:
      Did not match:
         - @ConditionalOnProperty (server.forward-headers-strategy=framework) did not find property 'server.forward-headers-strategy' (OnPropertyCondition)

   ServletWebServerFactoryConfiguration.EmbeddedJetty:
      Did not match:
         - @ConditionalOnClass did not find required classes 'org.eclipse.jetty.server.Server', 'org.eclipse.jetty.util.Loader', 'org.eclipse.jetty.ee10.webapp.WebAppContext' (OnClassCondition)

   ServletWebServerFactoryConfiguration.EmbeddedUndertow:
      Did not match:
         - @ConditionalOnClass did not find required classes 'io.undertow.Undertow', 'org.xnio.SslClientAuthMode' (OnClassCondition)

   SessionAutoConfiguration:
      Did not match:
         - @ConditionalOnClass did not find required class 'org.springframework.session.Session' (OnClassCondition)

   SpringApplicationAdminJmxAutoConfiguration:
      Did not match:
         - @ConditionalOnProperty (spring.application.admin.enabled=true) did not find property 'enabled' (OnPropertyCondition)

   SpringDataWebAutoConfiguration:
      Did not match:
         - @ConditionalOnClass did not find required class 'org.springframework.data.web.PageableHandlerMethodArgumentResolver' (OnClassCondition)

   TaskExecutorConfigurations.SimpleAsyncTaskExecutorBuilderConfiguration#simpleAsyncTaskExecutorBuilderVirtualThreads:
      Did not match:
         - @ConditionalOnMissingBean (types: org.springframework.boot.task.SimpleAsyncTaskExecutorBuilder; SearchStrategy: all) found beans of type 'org.springframework.boot.task.SimpleAsyncTaskExecutorBuilder' simpleAsyncTaskExecutorBuilder (OnBeanCondition)

   TaskExecutorConfigurations.TaskExecutorConfiguration#applicationTaskExecutorVirtualThreads:
      Did not match:
         - @ConditionalOnThreading did not find VIRTUAL (OnThreadingCondition)

   TaskSchedulingAutoConfiguration#scheduledBeanLazyInitializationExcludeFilter:
      Did not match:
         - @ConditionalOnBean (names: org.springframework.context.annotation.internalScheduledAnnotationProcessor; SearchStrategy: all) did not find any beans named org.springframework.context.annotation.internalScheduledAnnotationProcessor (OnBeanCondition)

   TaskSchedulingConfigurations.SimpleAsyncTaskSchedulerBuilderConfiguration#simpleAsyncTaskSchedulerBuilderVirtualThreads:
      Did not match:
         - @ConditionalOnMissingBean (types: org.springframework.boot.task.SimpleAsyncTaskSchedulerBuilder; SearchStrategy: all) found beans of type 'org.springframework.boot.task.SimpleAsyncTaskSchedulerBuilder' simpleAsyncTaskSchedulerBuilder (OnBeanCondition)

   TaskSchedulingConfigurations.TaskSchedulerConfiguration:
      Did not match:
         - @ConditionalOnBean (names: org.springframework.context.annotation.internalScheduledAnnotationProcessor; SearchStrategy: all) did not find any beans named org.springframework.context.annotation.internalScheduledAnnotationProcessor (OnBeanCondition)

   TemplateEngineConfigurations.ReactiveTemplateEngineConfiguration:
      Did not match:
         - did not find reactive web application classes (OnWebApplicationCondition)

   ThymeleafAutoConfiguration.DataAttributeDialectConfiguration:
      Did not match:
         - @ConditionalOnClass did not find required class 'com.github.mxab.thymeleaf.extras.dataattribute.dialect.DataAttributeDialect' (OnClassCondition)

   ThymeleafAutoConfiguration.ThymeleafWebFluxConfiguration:
      Did not match:
         - did not find reactive web application classes (OnWebApplicationCondition)

   ThymeleafAutoConfiguration.ThymeleafWebLayoutConfiguration:
      Did not match:
         - @ConditionalOnClass did not find required class 'nz.net.ultraq.thymeleaf.layoutdialect.LayoutDialect' (OnClassCondition)

   ThymeleafAutoConfiguration.ThymeleafWebMvcConfiguration#resourceUrlEncodingFilter:
      Did not match:
         - @ConditionalOnEnabledResourceChain did not find class org.webjars.WebJarVersionLocator (OnEnabledResourceChainCondition)

   TransactionAutoConfiguration#transactionalOperator:
      Did not match:
         - @ConditionalOnSingleCandidate (types: org.springframework.transaction.ReactiveTransactionManager; SearchStrategy: all) did not find any beans (OnBeanCondition)

   TransactionAutoConfiguration.AspectJTransactionManagementConfiguration:
      Did not match:
         - @ConditionalOnBean did not find required type 'org.springframework.transaction.aspectj.AbstractTransactionAspect' (OnBeanCondition)
         - @ConditionalOnBean (types: org.springframework.transaction.aspectj.AbstractTransactionAspect; SearchStrategy: all) did not find any beans of type org.springframework.transaction.aspectj.AbstractTransactionAspect (OnBeanCondition)

   TransactionAutoConfiguration.EnableTransactionManagementConfiguration.JdkDynamicAutoProxyConfiguration:
      Did not match:
         - @ConditionalOnProperty (spring.aop.proxy-target-class=false) did not find property 'proxy-target-class' (OnPropertyCondition)

   ValidationAutoConfiguration:
      Did not match:
         - @ConditionalOnClass did not find required class 'jakarta.validation.executable.ExecutableValidator' (OnClassCondition)

   WebClientAutoConfiguration:
      Did not match:
         - @ConditionalOnClass did not find required class 'org.springframework.web.reactive.function.client.WebClient' (OnClassCondition)

   WebFluxAutoConfiguration:
      Did not match:
         - @ConditionalOnClass did not find required class 'org.springframework.web.reactive.config.WebFluxConfigurer' (OnClassCondition)

   WebMvcAutoConfiguration#hiddenHttpMethodFilter:
      Did not match:
         - @ConditionalOnProperty (spring.mvc.hiddenmethod.filter.enabled) did not find property 'enabled' (OnPropertyCondition)

   WebMvcAutoConfiguration.ProblemDetailsErrorHandlingConfiguration:
      Did not match:
         - @ConditionalOnProperty (spring.mvc.problemdetails.enabled=true) did not find property 'enabled' (OnPropertyCondition)

   WebMvcAutoConfiguration.ResourceChainCustomizerConfiguration:
      Did not match:
         - @ConditionalOnEnabledResourceChain did not find class org.webjars.WebJarVersionLocator (OnEnabledResourceChainCondition)

   WebMvcAutoConfiguration.WebMvcAutoConfigurationAdapter#beanNameViewResolver:
      Did not match:
         - @ConditionalOnMissingBean (types: org.springframework.web.servlet.view.BeanNameViewResolver; SearchStrategy: all) found beans of type 'org.springframework.web.servlet.view.BeanNameViewResolver' beanNameViewResolver (OnBeanCondition)

   WebServiceTemplateAutoConfiguration:
      Did not match:
         - @ConditionalOnClass did not find required class 'org.springframework.oxm.Marshaller' (OnClassCondition)

   WebServicesAutoConfiguration:
      Did not match:
         - @ConditionalOnClass did not find required class 'org.springframework.ws.transport.http.MessageDispatcherServlet' (OnClassCondition)

   WebSessionIdResolverAutoConfiguration:
      Did not match:
         - @ConditionalOnClass did not find required class 'reactor.core.publisher.Mono' (OnClassCondition)

   WebSocketMessagingAutoConfiguration:
      Did not match:
         - @ConditionalOnClass did not find required class 'org.springframework.web.socket.config.annotation.WebSocketMessageBrokerConfigurer' (OnClassCondition)

   WebSocketReactiveAutoConfiguration:
      Did not match:
         - @ConditionalOnWebApplication did not find reactive web application classes (OnWebApplicationCondition)

   WebSocketServletAutoConfiguration.JettyWebSocketConfiguration:
      Did not match:
         - @ConditionalOnClass did not find required class 'org.eclipse.jetty.ee10.websocket.jakarta.server.config.JakartaWebSocketServletContainerInitializer' (OnClassCondition)

   WebSocketServletAutoConfiguration.UndertowWebSocketConfiguration:
      Did not match:
         - @ConditionalOnClass did not find required class 'io.undertow.websockets.jsr.Bootstrap' (OnClassCondition)

   XADataSourceAutoConfiguration:
      Did not match:
         - @ConditionalOnClass did not find required class 'jakarta.transaction.TransactionManager' (OnClassCondition)


Exclusions:
-----------

    None


Unconditional classes:
----------------------

    org.springframework.boot.autoconfigure.context.ConfigurationPropertiesAutoConfiguration

    org.springframework.boot.autoconfigure.ssl.SslAutoConfiguration

    org.springframework.boot.autoconfigure.context.LifecycleAutoConfiguration

    org.springframework.boot.autoconfigure.context.PropertyPlaceholderAutoConfiguration

    org.springframework.boot.autoconfigure.availability.ApplicationAvailabilityAutoConfiguration

    org.springframework.boot.autoconfigure.info.ProjectInfoAutoConfiguration



17:36:31.207 &amp#27;[34mINFO &amp#27;[0;39m &amp#27;[35m3066&amp#27;[0;39m --- [ main ] &amp#27;[36mc.o.cocktail.CocktailApplicationTests&amp#27;[0;39m : Started CocktailApplicationTests in 2.617 seconds (process running for 3.614)
17:36:31.211 &amp#27;[39mDEBUG&amp#27;[0;39m &amp#27;[35m3070&amp#27;[0;39m --- [ main ] &amp#27;[36mo.s.b.a.ApplicationAvailabilityBean&amp#27;[0;39m : Application availability state LivenessState changed to CORRECT
17:36:31.220 &amp#27;[39mDEBUG&amp#27;[0;39m &amp#27;[35m3079&amp#27;[0;39m --- [ main ] &amp#27;[36mo.s.boot.devtools.restart.Restarter&amp#27;[0;39m : Creating new Restarter for thread Thread[main,5,main]
17:36:31.220 &amp#27;[39mDEBUG&amp#27;[0;39m &amp#27;[35m3079&amp#27;[0;39m --- [ main ] &amp#27;[36mo.s.b.a.ApplicationAvailabilityBean&amp#27;[0;39m : Application availability state ReadinessState changed to ACCEPTING_TRAFFIC
17:36:31.224 &amp#27;[39mDEBUG&amp#27;[0;39m &amp#27;[35m3083&amp#27;[0;39m --- [ main ] &amp#27;[36morg.springframework.test.context.cache&amp#27;[0;39m : Spring test ApplicationContext cache statistics: [DefaultContextCache@239b98cb size = 1, maxSize = 32, parentContextCount = 0, hitCount = 0, missCount = 1, failureCount = 0]
17:36:31.225 &amp#27;[39mDEBUG&amp#27;[0;39m &amp#27;[35m3084&amp#27;[0;39m --- [ main ] &amp#27;[36mo.s.t.c.web.ServletTestExecutionListener&amp#27;[0;39m : Setting up MockHttpServletRequest, MockHttpServletResponse, ServletWebRequest, and RequestContextHolder for test class com.ontherocks.cocktail.CocktailApplicationTests
17:36:31.247 &amp#27;[39mDEBUG&amp#27;[0;39m &amp#27;[35m3106&amp#27;[0;39m --- [ main ] &amp#27;[36mo.s.t.c.s.DependencyInjectionTestExecutionListener&amp#27;[0;39m : Performing dependency injection for test class com.ontherocks.cocktail.CocktailApplicationTests
17:36:31.249 &amp#27;[39mDEBUG&amp#27;[0;39m &amp#27;[35m3108&amp#27;[0;39m --- [ main ] &amp#27;[36morg.springframework.test.context.cache&amp#27;[0;39m : Spring test ApplicationContext cache statistics: [DefaultContextCache@239b98cb size = 1, maxSize = 32, parentContextCount = 0, hitCount = 1, missCount = 1, failureCount = 0]
17:36:31.253 &amp#27;[39mDEBUG&amp#27;[0;39m &amp#27;[35m3112&amp#27;[0;39m --- [ main ] &amp#27;[36morg.springframework.test.context.cache&amp#27;[0;39m : Spring test ApplicationContext cache statistics: [DefaultContextCache@239b98cb size = 1, maxSize = 32, parentContextCount = 0, hitCount = 2, missCount = 1, failureCount = 0]
17:36:31.261 &amp#27;[39mDEBUG&amp#27;[0;39m &amp#27;[35m3120&amp#27;[0;39m --- [ main ] &amp#27;[36mo.s.t.c.s.DirtiesContextBeforeModesTestExecutionListener&amp#27;[0;39m : Before test method: class [CocktailApplicationTests], method [contextLoads], class annotated with @DirtiesContext [false] with mode [null], method annotated with @DirtiesContext [false] with mode [null]
17:36:31.265 &amp#27;[39mDEBUG&amp#27;[0;39m &amp#27;[35m3124&amp#27;[0;39m --- [ main ] &amp#27;[36morg.springframework.test.context.cache&amp#27;[0;39m : Spring test ApplicationContext cache statistics: [DefaultContextCache@239b98cb size = 1, maxSize = 32, parentContextCount = 0, hitCount = 3, missCount = 1, failureCount = 0]
17:36:31.267 &amp#27;[39mDEBUG&amp#27;[0;39m &amp#27;[35m3126&amp#27;[0;39m --- [ main ] &amp#27;[36morg.springframework.test.context.cache&amp#27;[0;39m : Spring test ApplicationContext cache statistics: [DefaultContextCache@239b98cb size = 1, maxSize = 32, parentContextCount = 0, hitCount = 4, missCount = 1, failureCount = 0]
17:36:32.081 &amp#27;[39mDEBUG&amp#27;[0;39m &amp#27;[35m3940&amp#27;[0;39m --- [ main ] &amp#27;[36morg.springframework.test.context.cache&amp#27;[0;39m : Spring test ApplicationContext cache statistics: [DefaultContextCache@239b98cb size = 1, maxSize = 32, parentContextCount = 0, hitCount = 5, missCount = 1, failureCount = 0]
17:36:32.085 &amp#27;[39mDEBUG&amp#27;[0;39m &amp#27;[35m3944&amp#27;[0;39m --- [ main ] &amp#27;[36morg.springframework.test.context.cache&amp#27;[0;39m : Spring test ApplicationContext cache statistics: [DefaultContextCache@239b98cb size = 1, maxSize = 32, parentContextCount = 0, hitCount = 6, missCount = 1, failureCount = 0]
17:36:32.091 &amp#27;[39mDEBUG&amp#27;[0;39m &amp#27;[35m3950&amp#27;[0;39m --- [ main ] &amp#27;[36morg.springframework.test.context.cache&amp#27;[0;39m : Spring test ApplicationContext cache statistics: [DefaultContextCache@239b98cb size = 1, maxSize = 32, parentContextCount = 0, hitCount = 7, missCount = 1, failureCount = 0]
17:36:32.092 &amp#27;[39mDEBUG&amp#27;[0;39m &amp#27;[35m3951&amp#27;[0;39m --- [ main ] &amp#27;[36morg.springframework.test.context.cache&amp#27;[0;39m : Spring test ApplicationContext cache statistics: [DefaultContextCache@239b98cb size = 1, maxSize = 32, parentContextCount = 0, hitCount = 8, missCount = 1, failureCount = 0]
17:36:32.093 &amp#27;[39mDEBUG&amp#27;[0;39m &amp#27;[35m3952&amp#27;[0;39m --- [ main ] &amp#27;[36morg.springframework.test.context.cache&amp#27;[0;39m : Spring test ApplicationContext cache statistics: [DefaultContextCache@239b98cb size = 1, maxSize = 32, parentContextCount = 0, hitCount = 9, missCount = 1, failureCount = 0]
17:36:32.093 &amp#27;[39mDEBUG&amp#27;[0;39m &amp#27;[35m3952&amp#27;[0;39m --- [ main ] &amp#27;[36morg.springframework.test.context.cache&amp#27;[0;39m : Spring test ApplicationContext cache statistics: [DefaultContextCache@239b98cb size = 1, maxSize = 32, parentContextCount = 0, hitCount = 10, missCount = 1, failureCount = 0]
17:36:32.094 &amp#27;[39mDEBUG&amp#27;[0;39m &amp#27;[35m3953&amp#27;[0;39m --- [ main ] &amp#27;[36morg.springframework.test.context.cache&amp#27;[0;39m : Spring test ApplicationContext cache statistics: [DefaultContextCache@239b98cb size = 1, maxSize = 32, parentContextCount = 0, hitCount = 11, missCount = 1, failureCount = 0]
17:36:32.096 &amp#27;[39mDEBUG&amp#27;[0;39m &amp#27;[35m3955&amp#27;[0;39m --- [ main ] &amp#27;[36morg.springframework.test.context.cache&amp#27;[0;39m : Spring test ApplicationContext cache statistics: [DefaultContextCache@239b98cb size = 1, maxSize = 32, parentContextCount = 0, hitCount = 12, missCount = 1, failureCount = 0]
17:36:32.096 &amp#27;[39mDEBUG&amp#27;[0;39m &amp#27;[35m3955&amp#27;[0;39m --- [ main ] &amp#27;[36morg.springframework.test.context.cache&amp#27;[0;39m : Spring test ApplicationContext cache statistics: [DefaultContextCache@239b98cb size = 1, maxSize = 32, parentContextCount = 0, hitCount = 13, missCount = 1, failureCount = 0]
17:36:32.098 &amp#27;[39mDEBUG&amp#27;[0;39m &amp#27;[35m3957&amp#27;[0;39m --- [ main ] &amp#27;[36morg.springframework.test.context.cache&amp#27;[0;39m : Spring test ApplicationContext cache statistics: [DefaultContextCache@239b98cb size = 1, maxSize = 32, parentContextCount = 0, hitCount = 14, missCount = 1, failureCount = 0]
17:36:32.098 &amp#27;[39mDEBUG&amp#27;[0;39m &amp#27;[35m3957&amp#27;[0;39m --- [ main ] &amp#27;[36mo.s.t.c.s.DirtiesContextTestExecutionListener&amp#27;[0;39m : After test method: class [CocktailApplicationTests], method [contextLoads], class annotated with @DirtiesContext [false] with mode [null], method annotated with @DirtiesContext [false] with mode [null]
17:36:32.098 &amp#27;[39mDEBUG&amp#27;[0;39m &amp#27;[35m3957&amp#27;[0;39m --- [ main ] &amp#27;[36mo.s.t.c.web.ServletTestExecutionListener&amp#27;[0;39m : Resetting RequestContextHolder for test class com.ontherocks.cocktail.CocktailApplicationTests
]]></system-out>
  </testcase>
</testsuite>